Removed Pin From Net: NetName=+5 Pin=C10-1
Removed Pin From Net: NetName=GND Pin=C10-2
Removed Pin From Net: NetName=+5 Pin=C11-1
Removed Pin From Net: NetName=GND Pin=C11-2
Removed Pin From Net: NetName=GND Pin=J1-1
Removed Pin From Net: NetName=GND Pin=J1-2
Removed Pin From Net: NetName=GND Pin=J1-3
Removed Pin From Net: NetName=GND Pin=J1-4
Removed Pin From Net: NetName=GND Pin=J1-A1
Removed Pin From Net: NetName=+5 Pin=J1-A4
Removed Pin From Net: NetName=+5 Pin=J1-A9
Removed Pin From Net: NetName=GND Pin=J1-A12
Removed Pin From Net: NetName=GND Pin=J1-B1
Removed Pin From Net: NetName=+5 Pin=J1-B4
Removed Pin From Net: NetName=+5 Pin=J1-B9
Removed Pin From Net: NetName=GND Pin=J1-B12
Removed Pin From Net: NetName=GND Pin=R1-2
Removed Pin From Net: NetName=GND Pin=R2-2
Removed Member From Class: ClassName=SkayboardRev2 Member=C10
Removed Member From Class: ClassName=SkayboardRev2 Member=C11
Removed Member From Class: ClassName=SkayboardRev2 Member=J1
Removed Member From Class: ClassName=SkayboardRev2 Member=R1
Removed Member From Class: ClassName=SkayboardRev2 Member=R2
Added Pin To Net: NetName=NetR3_2 Pin=R3-2
Added Net: Name=NetR3_2
Added Pin To Net: NetName=NetR4_2 Pin=R4-2
Added Net: Name=NetR4_2
Added Member To Class: ClassName=SkayboardRev2 Member=Component 18 Skey
Added Room: Name=SkayboardRev2
