Removed Pin From Net: NetName=Net47_4 Pin=48-2
Removed Pin From Net: NetName=Net48_4 Pin=49-2
Added Pin To Net: NetName=Net47_4 Pin=49-2
Added Pin To Net: NetName=Net48_4 Pin=74-2
Added Pin To Net: NetName=Net48_2 Pin=48-2
Added Pin To Net: NetName=Net48_2 Pin=73-4
Added Net: Name=Net48_2
Added Member To Class: ClassName=SkayboardRev3 Member=Component 1 Skey_LM
Added Member To Class: ClassName=SkayboardRev3 Member=Component 2 Skey_LM
Added Member To Class: ClassName=SkayboardRev3 Member=Component 3 Skey_LM
Added Member To Class: ClassName=SkayboardRev3 Member=Component 4 Skey_LM
Added Member To Class: ClassName=SkayboardRev3 Member=Component 5 Skey_LM
Added Member To Class: ClassName=SkayboardRev3 Member=Component 6 Skey_LM
Added Member To Class: ClassName=SkayboardRev3 Member=Component 7 Skey_LM
Added Member To Class: ClassName=SkayboardRev3 Member=Component 8 Skey_LM
Added Member To Class: ClassName=SkayboardRev3 Member=Component 9 Skey_LM
Added Member To Class: ClassName=SkayboardRev3 Member=Component 10 Skey_LM
Added Member To Class: ClassName=SkayboardRev3 Member=Component 11 Skey_LM
Added Member To Class: ClassName=SkayboardRev3 Member=Component 12 Skey_LM
Added Member To Class: ClassName=SkayboardRev3 Member=Component 13 Skey_LM
Added Member To Class: ClassName=SkayboardRev3 Member=Component 14 Skey_LM
Added Member To Class: ClassName=SkayboardRev3 Member=Component 15 Skey_LM
Added Member To Class: ClassName=SkayboardRev3 Member=Component 16 Skey_LM
Added Member To Class: ClassName=SkayboardRev3 Member=Component 17 Skey_LM
Added Member To Class: ClassName=SkayboardRev3 Member=Component 18 Skey
Added Member To Class: ClassName=SkayboardRev3 Member=Component 19 Skey
Added Member To Class: ClassName=SkayboardRev3 Member=Component 20 Skey
Added Member To Class: ClassName=SkayboardRev3 Member=Component 21 Skey
Added Member To Class: ClassName=SkayboardRev3 Member=Component 22 Skey
Added Member To Class: ClassName=SkayboardRev3 Member=Component 23 Skey
Added Member To Class: ClassName=SkayboardRev3 Member=Component 24 Skey
Added Member To Class: ClassName=SkayboardRev3 Member=Component 25 Skey
Added Member To Class: ClassName=SkayboardRev3 Member=Component 26 Skey
Added Member To Class: ClassName=SkayboardRev3 Member=Component 27 Skey
Added Member To Class: ClassName=SkayboardRev3 Member=Component 28 Skey
Added Member To Class: ClassName=SkayboardRev3 Member=Component 29 Skey
Added Member To Class: ClassName=SkayboardRev3 Member=Component 30 Skey
Added Member To Class: ClassName=SkayboardRev3 Member=Component 31 Skey
Added Member To Class: ClassName=SkayboardRev3 Member=Component 32 Skey
Added Member To Class: ClassName=SkayboardRev3 Member=Component 33 Skey
Added Member To Class: ClassName=SkayboardRev3 Member=Component 34 Skey
Added Member To Class: ClassName=SkayboardRev3 Member=Component 35 Skey_LM
Added Member To Class: ClassName=SkayboardRev3 Member=Component 36 Skey_LM
Added Member To Class: ClassName=SkayboardRev3 Member=Component 37 Skey_LM
Added Member To Class: ClassName=SkayboardRev3 Member=Component 38 Skey_LM
Added Member To Class: ClassName=SkayboardRev3 Member=Component 39 Skey_LM
Added Member To Class: ClassName=SkayboardRev3 Member=Component 40 Skey_LM
Added Member To Class: ClassName=SkayboardRev3 Member=Component 41 Skey_LM
Added Member To Class: ClassName=SkayboardRev3 Member=Component 42 Skey_LM
Added Member To Class: ClassName=SkayboardRev3 Member=Component 43 Skey_LM
Added Member To Class: ClassName=SkayboardRev3 Member=Component 44 Skey_LM
Added Member To Class: ClassName=SkayboardRev3 Member=Component 45 Skey_LM
Added Member To Class: ClassName=SkayboardRev3 Member=Component 46 Skey_LM
Added Member To Class: ClassName=SkayboardRev3 Member=Component 47 Skey_LM
Added Member To Class: ClassName=SkayboardRev3 Member=Component 48 Skey_LM
Added Member To Class: ClassName=SkayboardRev3 Member=Component 49 Skey_LM
Added Member To Class: ClassName=SkayboardRev3 Member=Component 50 Skey_LM
Added Member To Class: ClassName=SkayboardRev3 Member=Component 51 Skey_LM
Added Member To Class: ClassName=SkayboardRev3 Member=Component 52 Skey
Added Member To Class: ClassName=SkayboardRev3 Member=Component 53 Skey
Added Member To Class: ClassName=SkayboardRev3 Member=Component 54 Skey
Added Member To Class: ClassName=SkayboardRev3 Member=Component 55 Skey
Added Member To Class: ClassName=SkayboardRev3 Member=Component 56 Skey
Added Member To Class: ClassName=SkayboardRev3 Member=Component 57 Skey
Added Member To Class: ClassName=SkayboardRev3 Member=Component 58 Skey
Added Member To Class: ClassName=SkayboardRev3 Member=Component 59 Skey
Added Member To Class: ClassName=SkayboardRev3 Member=Component 60 Skey
Added Member To Class: ClassName=SkayboardRev3 Member=Component 61 Skey
Added Member To Class: ClassName=SkayboardRev3 Member=Component 62 Skey
Added Member To Class: ClassName=SkayboardRev3 Member=Component 63 Skey
Added Member To Class: ClassName=SkayboardRev3 Member=Component 64 Skey
Added Member To Class: ClassName=SkayboardRev3 Member=Component 65 Skey
Added Member To Class: ClassName=SkayboardRev3 Member=Component 66 Skey
Added Member To Class: ClassName=SkayboardRev3 Member=Component 67 Skey_LM
Added Member To Class: ClassName=SkayboardRev3 Member=Component 68 Skey_LM
Added Member To Class: ClassName=SkayboardRev3 Member=Component 69 Skey_LM
Added Member To Class: ClassName=SkayboardRev3 Member=Component 70 Skey_LM
Added Member To Class: ClassName=SkayboardRev3 Member=Component 71 Skey_LM
Added Member To Class: ClassName=SkayboardRev3 Member=Component 72 Skey_LM
Added Member To Class: ClassName=SkayboardRev3 Member=Component 73 Skey_LM
Added Member To Class: ClassName=SkayboardRev3 Member=Component 74 Skey_LM
Added Member To Class: ClassName=SkayboardRev3 Member=Component 75 Skey_LM
Added Member To Class: ClassName=SkayboardRev3 Member=Component 76 Skey_LM
Added Member To Class: ClassName=SkayboardRev3 Member=Component C1 100nF
Added Member To Class: ClassName=SkayboardRev3 Member=Component C2 47pF
Added Member To Class: ClassName=SkayboardRev3 Member=Component C3 47pF
Added Member To Class: ClassName=SkayboardRev3 Member=Component C4 22pF
Added Member To Class: ClassName=SkayboardRev3 Member=Component C5 22pF
Added Member To Class: ClassName=SkayboardRev3 Member=Component C6 100nF
Added Member To Class: ClassName=SkayboardRev3 Member=Component C7 100nF
Added Member To Class: ClassName=SkayboardRev3 Member=Component C8 100nF
Added Member To Class: ClassName=SkayboardRev3 Member=Component C9 100nF
Added Member To Class: ClassName=SkayboardRev3 Member=Component C10 100nF
Added Member To Class: ClassName=SkayboardRev3 Member=Component C11 100nF
Added Member To Class: ClassName=SkayboardRev3 Member=Component C12 100nF
Added Member To Class: ClassName=SkayboardRev3 Member=Component C13 100nF
Added Member To Class: ClassName=SkayboardRev3 Member=Component R3 22R
Added Member To Class: ClassName=SkayboardRev3 Member=Component R4 22R
Added Member To Class: ClassName=SkayboardRev3 Member=Component R5 10K
Added Member To Class: ClassName=SkayboardRev3 Member=Component SW1 7914G-1-000E
Added Member To Class: ClassName=SkayboardRev3 Member=Component U1 ATmega32U4-AU
Added Member To Class: ClassName=SkayboardRev3 Member=Component X1 ABLS-8.000MHZ-B4-T
Added Room: Name=SkayboardRev3
