Removed Pin From Net: NetName=Net1_2 Pin=18-4
Removed Pin From Net: NetName=Net2_2 Pin=19-4
Removed Pin From Net: NetName=Net3_2 Pin=20-4
Removed Pin From Net: NetName=Net4_2 Pin=21-4
Removed Pin From Net: NetName=Net5_2 Pin=22-4
Removed Pin From Net: NetName=Net6_2 Pin=23-4
Removed Pin From Net: NetName=Net7_2 Pin=24-4
Removed Pin From Net: NetName=Net8_2 Pin=25-4
Removed Pin From Net: NetName=Net9_2 Pin=26-4
Removed Pin From Net: NetName=Net10_2 Pin=27-4
Removed Pin From Net: NetName=Net11_2 Pin=28-4
Removed Pin From Net: NetName=Net12_2 Pin=29-4
Removed Pin From Net: NetName=Net13_2 Pin=30-4
Removed Pin From Net: NetName=Net14_2 Pin=31-4
Removed Pin From Net: NetName=Net15_2 Pin=32-4
Removed Pin From Net: NetName=Net16_2 Pin=33-4
Removed Pin From Net: NetName=Net35_2 Pin=52-4
Removed Pin From Net: NetName=Net36_2 Pin=53-4
Removed Pin From Net: NetName=Net37_2 Pin=54-4
Removed Pin From Net: NetName=Net38_2 Pin=55-4
Removed Pin From Net: NetName=Net39_2 Pin=56-4
Removed Pin From Net: NetName=Net40_2 Pin=57-4
Removed Pin From Net: NetName=Net41_2 Pin=58-4
Removed Pin From Net: NetName=Net42_2 Pin=59-4
Removed Pin From Net: NetName=Net43_2 Pin=60-4
Removed Pin From Net: NetName=Net44_2 Pin=61-4
Removed Pin From Net: NetName=Net45_2 Pin=62-4
Removed Pin From Net: NetName=Net46_2 Pin=63-4
Removed Pin From Net: NetName=Net49_2 Pin=64-4
Removed Pin From Net: NetName=Net50_2 Pin=65-4
Removed Pin From Net: NetName=Net16_5 Pin=75-5
Removed Pin From Net: NetName=Net17_5 Pin=76-5
Added Pin To Net: NetName=Net1_2 Pin=2-4
Added Pin To Net: NetName=Net2_2 Pin=3-4
Added Pin To Net: NetName=Net3_2 Pin=4-4
Added Pin To Net: NetName=Net4_2 Pin=5-4
Added Pin To Net: NetName=Net5_2 Pin=6-4
Added Pin To Net: NetName=Net6_2 Pin=7-4
Added Pin To Net: NetName=Net7_2 Pin=8-4
Added Pin To Net: NetName=Net8_2 Pin=9-4
Added Pin To Net: NetName=Net9_2 Pin=10-4
Added Pin To Net: NetName=Net10_2 Pin=11-4
Added Pin To Net: NetName=Net11_2 Pin=12-4
Added Pin To Net: NetName=Net12_2 Pin=13-4
Added Pin To Net: NetName=Net13_2 Pin=14-4
Added Pin To Net: NetName=Net14_2 Pin=15-4
Added Pin To Net: NetName=Net15_2 Pin=16-4
Added Pin To Net: NetName=Net16_2 Pin=17-4
Added Pin To Net: NetName=Net35_2 Pin=36-4
Added Pin To Net: NetName=Net36_2 Pin=37-4
Added Pin To Net: NetName=Net37_2 Pin=38-4
Added Pin To Net: NetName=Net38_2 Pin=39-4
Added Pin To Net: NetName=Net39_2 Pin=40-4
Added Pin To Net: NetName=Net40_2 Pin=41-4
Added Pin To Net: NetName=Net41_2 Pin=42-4
Added Pin To Net: NetName=Net42_2 Pin=43-4
Added Pin To Net: NetName=Net43_2 Pin=44-4
Added Pin To Net: NetName=Net44_2 Pin=45-4
Added Pin To Net: NetName=Net45_2 Pin=46-4
Added Pin To Net: NetName=Net46_2 Pin=47-4
Added Pin To Net: NetName=Net49_2 Pin=50-4
Added Pin To Net: NetName=Net50_2 Pin=51-4
Added Pin To Net: NetName=Net18_4 Pin=18-4
Added Pin To Net: NetName=Net18_4 Pin=19-2
Added Net: Name=Net18_4
Added Pin To Net: NetName=Net19_4 Pin=19-4
Added Pin To Net: NetName=Net19_4 Pin=20-2
Added Net: Name=Net19_4
Added Pin To Net: NetName=Net20_4 Pin=20-4
Added Pin To Net: NetName=Net20_4 Pin=21-2
Added Net: Name=Net20_4
Added Pin To Net: NetName=Net21_4 Pin=21-4
Added Pin To Net: NetName=Net21_4 Pin=22-2
Added Net: Name=Net21_4
Added Pin To Net: NetName=Net22_4 Pin=22-4
Added Pin To Net: NetName=Net22_4 Pin=23-2
Added Net: Name=Net22_4
Added Pin To Net: NetName=Net23_4 Pin=23-4
Added Pin To Net: NetName=Net23_4 Pin=24-2
Added Net: Name=Net23_4
Added Pin To Net: NetName=Net24_4 Pin=24-4
Added Pin To Net: NetName=Net24_4 Pin=25-2
Added Net: Name=Net24_4
Added Pin To Net: NetName=Net25_4 Pin=25-4
Added Pin To Net: NetName=Net25_4 Pin=26-2
Added Net: Name=Net25_4
Added Pin To Net: NetName=Net26_4 Pin=26-4
Added Pin To Net: NetName=Net26_4 Pin=27-2
Added Net: Name=Net26_4
Added Pin To Net: NetName=Net27_4 Pin=27-4
Added Pin To Net: NetName=Net27_4 Pin=28-2
Added Net: Name=Net27_4
Added Pin To Net: NetName=Net28_4 Pin=28-4
Added Pin To Net: NetName=Net28_4 Pin=29-2
Added Net: Name=Net28_4
Added Pin To Net: NetName=Net29_4 Pin=29-4
Added Pin To Net: NetName=Net29_4 Pin=30-2
Added Net: Name=Net29_4
Added Pin To Net: NetName=Net30_4 Pin=30-4
Added Pin To Net: NetName=Net30_4 Pin=31-2
Added Net: Name=Net30_4
Added Pin To Net: NetName=Net31_4 Pin=31-4
Added Pin To Net: NetName=Net31_4 Pin=32-2
Added Net: Name=Net31_4
Added Pin To Net: NetName=Net32_4 Pin=32-4
Added Pin To Net: NetName=Net32_4 Pin=33-2
Added Net: Name=Net32_4
Added Pin To Net: NetName=Net33_4 Pin=33-4
Added Pin To Net: NetName=Net33_4 Pin=34-2
Added Net: Name=Net33_4
Added Pin To Net: NetName=Net47_2 Pin=47-2
Added Pin To Net: NetName=Net47_2 Pin=48-4
Added Net: Name=Net47_2
Added Pin To Net: NetName=Net48_2 Pin=48-2
Added Pin To Net: NetName=Net48_2 Pin=49-4
Added Net: Name=Net48_2
Added Pin To Net: NetName=Net52_4 Pin=52-4
Added Pin To Net: NetName=Net52_4 Pin=53-2
Added Net: Name=Net52_4
Added Pin To Net: NetName=Net53_4 Pin=53-4
Added Pin To Net: NetName=Net53_4 Pin=54-2
Added Net: Name=Net53_4
Added Pin To Net: NetName=Net54_4 Pin=54-4
Added Pin To Net: NetName=Net54_4 Pin=55-2
Added Net: Name=Net54_4
Added Pin To Net: NetName=Net55_4 Pin=55-4
Added Pin To Net: NetName=Net55_4 Pin=56-2
Added Net: Name=Net55_4
Added Pin To Net: NetName=Net56_4 Pin=56-4
Added Pin To Net: NetName=Net56_4 Pin=57-2
Added Net: Name=Net56_4
Added Pin To Net: NetName=Net57_4 Pin=57-4
Added Pin To Net: NetName=Net57_4 Pin=58-2
Added Net: Name=Net57_4
Added Pin To Net: NetName=Net58_4 Pin=58-4
Added Pin To Net: NetName=Net58_4 Pin=59-2
Added Net: Name=Net58_4
Added Pin To Net: NetName=Net59_4 Pin=59-4
Added Pin To Net: NetName=Net59_4 Pin=60-2
Added Net: Name=Net59_4
Added Pin To Net: NetName=Net60_4 Pin=60-4
Added Pin To Net: NetName=Net60_4 Pin=61-2
Added Net: Name=Net60_4
Added Pin To Net: NetName=Net61_4 Pin=61-4
Added Pin To Net: NetName=Net61_4 Pin=62-2
Added Net: Name=Net61_4
Added Pin To Net: NetName=Net62_4 Pin=62-4
Added Pin To Net: NetName=Net62_4 Pin=63-2
Added Net: Name=Net62_4
Added Pin To Net: NetName=Net63_4 Pin=63-4
Added Pin To Net: NetName=Net63_4 Pin=64-2
Added Net: Name=Net63_4
Added Pin To Net: NetName=Net64_4 Pin=64-4
Added Pin To Net: NetName=Net64_4 Pin=65-2
Added Net: Name=Net64_4
Added Pin To Net: NetName=Net65_4 Pin=65-4
Added Pin To Net: NetName=Net65_4 Pin=66-2
Added Net: Name=Net65_4
Added Pin To Net: NetName=Net67_2 Pin=67-2
Added Pin To Net: NetName=Net67_2 Pin=68-4
Added Net: Name=Net67_2
Added Pin To Net: NetName=Net68_2 Pin=68-2
Added Pin To Net: NetName=Net68_2 Pin=69-4
Added Net: Name=Net68_2
Added Pin To Net: NetName=Net69_2 Pin=69-2
Added Pin To Net: NetName=Net69_2 Pin=70-4
Added Net: Name=Net69_2
Added Pin To Net: NetName=Net70_2 Pin=70-2
Added Pin To Net: NetName=Net70_2 Pin=71-4
Added Net: Name=Net70_2
Added Pin To Net: NetName=Net71_2 Pin=71-2
Added Pin To Net: NetName=Net71_2 Pin=72-4
Added Net: Name=Net71_2
Added Pin To Net: NetName=Net72_2 Pin=72-2
Added Pin To Net: NetName=Net72_2 Pin=73-4
Added Net: Name=Net72_2
Added Pin To Net: NetName=Net73_2 Pin=73-2
Added Pin To Net: NetName=Net73_2 Pin=74-4
Added Net: Name=Net73_2
Added Pin To Net: NetName=Net74_2 Pin=74-2
Added Pin To Net: NetName=Net74_2 Pin=75-4
Added Net: Name=Net74_2
Added Pin To Net: NetName=Net75_2 Pin=75-2
Added Pin To Net: NetName=Net75_2 Pin=76-4
Added Net: Name=Net75_2
Added Member To Class: ClassName=SkayboardRev2 Member=Component 1 Skey
Added Room: Name=SkayboardRev2
