Change Component DesignItemId : Designator=1 Old DesignItemId=Skey_LM New DesignItemId=Skey LM
Change Component DesignItemId : Designator=2 Old DesignItemId=Skey_LM New DesignItemId=Skey LM
Change Component DesignItemId : Designator=3 Old DesignItemId=Skey_LM New DesignItemId=Skey LM
Change Component DesignItemId : Designator=4 Old DesignItemId=Skey_LM New DesignItemId=Skey LM
Change Component DesignItemId : Designator=5 Old DesignItemId=Skey_LM New DesignItemId=Skey LM
Change Component DesignItemId : Designator=6 Old DesignItemId=Skey_LM New DesignItemId=Skey LM
Change Component DesignItemId : Designator=7 Old DesignItemId=Skey_LM New DesignItemId=Skey LM
Change Component DesignItemId : Designator=8 Old DesignItemId=Skey_LM New DesignItemId=Skey LM
Change Component DesignItemId : Designator=9 Old DesignItemId=Skey_LM New DesignItemId=Skey LM
Change Component DesignItemId : Designator=10 Old DesignItemId=Skey_LM New DesignItemId=Skey LM
Change Component DesignItemId : Designator=11 Old DesignItemId=Skey_LM New DesignItemId=Skey LM
Change Component DesignItemId : Designator=12 Old DesignItemId=Skey_LM New DesignItemId=Skey LM
Change Component DesignItemId : Designator=13 Old DesignItemId=Skey_LM New DesignItemId=Skey LM
Change Component DesignItemId : Designator=14 Old DesignItemId=Skey_LM New DesignItemId=Skey LM
Change Component DesignItemId : Designator=15 Old DesignItemId=Skey_LM New DesignItemId=Skey LM
Change Component DesignItemId : Designator=16 Old DesignItemId=Skey_LM New DesignItemId=Skey LM
Change Component DesignItemId : Designator=17 Old DesignItemId=Skey_LM New DesignItemId=Skey LM
Change Component DesignItemId : Designator=35 Old DesignItemId=Skey_LM New DesignItemId=Skey LM
Change Component DesignItemId : Designator=36 Old DesignItemId=Skey_LM New DesignItemId=Skey LM
Change Component DesignItemId : Designator=37 Old DesignItemId=Skey_LM New DesignItemId=Skey LM
Change Component DesignItemId : Designator=38 Old DesignItemId=Skey_LM New DesignItemId=Skey LM
Change Component DesignItemId : Designator=39 Old DesignItemId=Skey_LM New DesignItemId=Skey LM
Change Component DesignItemId : Designator=40 Old DesignItemId=Skey_LM New DesignItemId=Skey LM
Change Component DesignItemId : Designator=41 Old DesignItemId=Skey_LM New DesignItemId=Skey LM
Change Component DesignItemId : Designator=42 Old DesignItemId=Skey_LM New DesignItemId=Skey LM
Change Component DesignItemId : Designator=43 Old DesignItemId=Skey_LM New DesignItemId=Skey LM
Change Component DesignItemId : Designator=44 Old DesignItemId=Skey_LM New DesignItemId=Skey LM
Change Component DesignItemId : Designator=45 Old DesignItemId=Skey_LM New DesignItemId=Skey LM
Change Component DesignItemId : Designator=46 Old DesignItemId=Skey_LM New DesignItemId=Skey LM
Change Component DesignItemId : Designator=47 Old DesignItemId=Skey_LM New DesignItemId=Skey LM
Change Component DesignItemId : Designator=48 Old DesignItemId=Skey_LM New DesignItemId=Skey LM
Change Component DesignItemId : Designator=49 Old DesignItemId=Skey_LM New DesignItemId=Skey LM
Change Component DesignItemId : Designator=50 Old DesignItemId=Skey_LM New DesignItemId=Skey LM
Change Component DesignItemId : Designator=51 Old DesignItemId=Skey_LM New DesignItemId=Skey LM
Change Component DesignItemId : Designator=67 Old DesignItemId=Skey_LM New DesignItemId=Skey LM
Change Component DesignItemId : Designator=68 Old DesignItemId=Skey_LM New DesignItemId=Skey LM
Change Component DesignItemId : Designator=69 Old DesignItemId=Skey_LM New DesignItemId=Skey LM
Change Component DesignItemId : Designator=70 Old DesignItemId=Skey_LM New DesignItemId=Skey LM
Change Component DesignItemId : Designator=71 Old DesignItemId=Skey_LM New DesignItemId=Skey LM
Change Component DesignItemId : Designator=72 Old DesignItemId=Skey_LM New DesignItemId=Skey LM
Change Component DesignItemId : Designator=73 Old DesignItemId=Skey_LM New DesignItemId=Skey LM
Change Component DesignItemId : Designator=74 Old DesignItemId=Skey_LM New DesignItemId=Skey LM
Change Component DesignItemId : Designator=75 Old DesignItemId=Skey_LM New DesignItemId=Skey LM
Change Component DesignItemId : Designator=76 Old DesignItemId=Skey_LM New DesignItemId=Skey LM
Change Component Footprint: Designator=18 Old Footprint=MX_RGB_Normal New Footprint=MX RGB
Change Component Footprint: Designator=19 Old Footprint=MX_RGB_Normal New Footprint=MX RGB
Change Component Footprint: Designator=20 Old Footprint=MX_RGB_Normal New Footprint=MX RGB
Change Component Footprint: Designator=21 Old Footprint=MX_RGB_Normal New Footprint=MX RGB
Change Component Footprint: Designator=22 Old Footprint=MX_RGB_Normal New Footprint=MX RGB
Change Component Footprint: Designator=23 Old Footprint=MX_RGB_Normal New Footprint=MX RGB
Change Component Footprint: Designator=24 Old Footprint=MX_RGB_Normal New Footprint=MX RGB
Change Component Footprint: Designator=25 Old Footprint=MX_RGB_Normal New Footprint=MX RGB
Change Component Footprint: Designator=26 Old Footprint=MX_RGB_Normal New Footprint=MX RGB
Change Component Footprint: Designator=27 Old Footprint=MX_RGB_Normal New Footprint=MX RGB
Change Component Footprint: Designator=28 Old Footprint=MX_RGB_Normal New Footprint=MX RGB
Change Component Footprint: Designator=29 Old Footprint=MX_RGB_Normal New Footprint=MX RGB
Change Component Footprint: Designator=30 Old Footprint=MX_RGB_Normal New Footprint=MX RGB
Change Component Footprint: Designator=31 Old Footprint=MX_RGB_Normal New Footprint=MX RGB
Change Component Footprint: Designator=32 Old Footprint=MX_RGB_Normal New Footprint=MX RGB
Change Component Footprint: Designator=33 Old Footprint=MX_RGB_Normal New Footprint=MX RGB
Change Component Footprint: Designator=34 Old Footprint=MX_RGB_Normal New Footprint=MX RGB
Change Component Footprint: Designator=52 Old Footprint=MX_RGB_Normal New Footprint=MX RGB
Change Component Footprint: Designator=53 Old Footprint=MX_RGB_Normal New Footprint=MX RGB
Change Component Footprint: Designator=54 Old Footprint=MX_RGB_Normal New Footprint=MX RGB
Change Component Footprint: Designator=55 Old Footprint=MX_RGB_Normal New Footprint=MX RGB
Change Component Footprint: Designator=56 Old Footprint=MX_RGB_Normal New Footprint=MX RGB
Change Component Footprint: Designator=57 Old Footprint=MX_RGB_Normal New Footprint=MX RGB
Change Component Footprint: Designator=58 Old Footprint=MX_RGB_Normal New Footprint=MX RGB
Change Component Footprint: Designator=59 Old Footprint=MX_RGB_Normal New Footprint=MX RGB
Change Component Footprint: Designator=60 Old Footprint=MX_RGB_Normal New Footprint=MX RGB
Change Component Footprint: Designator=61 Old Footprint=MX_RGB_Normal New Footprint=MX RGB
Change Component Footprint: Designator=62 Old Footprint=MX_RGB_Normal New Footprint=MX RGB
Change Component Footprint: Designator=63 Old Footprint=MX_RGB_Normal New Footprint=MX RGB
Change Component Footprint: Designator=64 Old Footprint=MX_RGB_Normal New Footprint=MX RGB
Change Component Footprint: Designator=65 Old Footprint=MX_RGB_Normal New Footprint=MX RGB
Change Component Footprint: Designator=66 Old Footprint=MX_RGB_Normal New Footprint=MX RGB
Change Component Footprint: Designator=1 Old Footprint=MX_RGB_Normal New Footprint=MX RGB LM
Change Component Footprint: Designator=2 Old Footprint=MX_RGB_Normal New Footprint=MX RGB LM
Change Component Footprint: Designator=3 Old Footprint=MX_RGB_Normal New Footprint=MX RGB LM
Change Component Footprint: Designator=4 Old Footprint=MX_RGB_Normal New Footprint=MX RGB LM
Change Component Footprint: Designator=5 Old Footprint=MX_RGB_Normal New Footprint=MX RGB LM
Change Component Footprint: Designator=6 Old Footprint=MX_RGB_Normal New Footprint=MX RGB LM
Change Component Footprint: Designator=7 Old Footprint=MX_RGB_Normal New Footprint=MX RGB LM
Change Component Footprint: Designator=8 Old Footprint=MX_RGB_Normal New Footprint=MX RGB LM
Change Component Footprint: Designator=9 Old Footprint=MX_RGB_Normal New Footprint=MX RGB LM
Change Component Footprint: Designator=10 Old Footprint=MX_RGB_Normal New Footprint=MX RGB LM
Change Component Footprint: Designator=11 Old Footprint=MX_RGB_Normal New Footprint=MX RGB LM
Change Component Footprint: Designator=12 Old Footprint=MX_RGB_Normal New Footprint=MX RGB LM
Change Component Footprint: Designator=13 Old Footprint=MX_RGB_Normal New Footprint=MX RGB LM
Change Component Footprint: Designator=14 Old Footprint=MX_RGB_Normal New Footprint=MX RGB LM
Change Component Footprint: Designator=15 Old Footprint=MX_RGB_Normal New Footprint=MX RGB LM
Change Component Footprint: Designator=16 Old Footprint=MX_RGB_Normal New Footprint=MX RGB LM
Change Component Footprint: Designator=17 Old Footprint=MX_RGB_Normal New Footprint=MX RGB LM
Change Component Footprint: Designator=35 Old Footprint=MX_RGB_Normal New Footprint=MX RGB LM
Change Component Footprint: Designator=36 Old Footprint=MX_RGB_Normal New Footprint=MX RGB LM
Change Component Footprint: Designator=37 Old Footprint=MX_RGB_Normal New Footprint=MX RGB LM
Change Component Footprint: Designator=38 Old Footprint=MX_RGB_Normal New Footprint=MX RGB LM
Change Component Footprint: Designator=39 Old Footprint=MX_RGB_Normal New Footprint=MX RGB LM
Change Component Footprint: Designator=40 Old Footprint=MX_RGB_Normal New Footprint=MX RGB LM
Change Component Footprint: Designator=41 Old Footprint=MX_RGB_Normal New Footprint=MX RGB LM
Change Component Footprint: Designator=42 Old Footprint=MX_RGB_Normal New Footprint=MX RGB LM
Change Component Footprint: Designator=43 Old Footprint=MX_RGB_Normal New Footprint=MX RGB LM
Change Component Footprint: Designator=44 Old Footprint=MX_RGB_Normal New Footprint=MX RGB LM
Change Component Footprint: Designator=45 Old Footprint=MX_RGB_Normal New Footprint=MX RGB LM
Change Component Footprint: Designator=46 Old Footprint=MX_RGB_Normal New Footprint=MX RGB LM
Change Component Footprint: Designator=47 Old Footprint=MX_RGB_Normal New Footprint=MX RGB LM
Change Component Footprint: Designator=48 Old Footprint=MX_RGB_Normal New Footprint=MX RGB LM
Change Component Footprint: Designator=49 Old Footprint=MX_RGB_Normal New Footprint=MX RGB LM
Change Component Footprint: Designator=50 Old Footprint=MX_RGB_Normal New Footprint=MX RGB LM
Change Component Footprint: Designator=51 Old Footprint=MX_RGB_Normal New Footprint=MX RGB LM
Change Component Footprint: Designator=67 Old Footprint=MX_RGB_Normal New Footprint=MX RGB LM
Change Component Footprint: Designator=68 Old Footprint=MX_RGB_Normal New Footprint=MX RGB LM
Change Component Footprint: Designator=69 Old Footprint=MX_RGB_Normal New Footprint=MX RGB LM
Change Component Footprint: Designator=70 Old Footprint=MX_RGB_Normal New Footprint=MX RGB LM
Change Component Footprint: Designator=71 Old Footprint=MX_RGB_Normal New Footprint=MX RGB LM
Change Component Footprint: Designator=72 Old Footprint=MX_RGB_Normal New Footprint=MX RGB LM
Change Component Footprint: Designator=73 Old Footprint=MX_RGB_Normal New Footprint=MX RGB LM
Change Component Footprint: Designator=74 Old Footprint=MX_RGB_Normal New Footprint=MX RGB LM
Change Component Footprint: Designator=75 Old Footprint=MX_RGB_Normal New Footprint=MX RGB LM
Change Component Footprint: Designator=76 Old Footprint=MX_RGB_Normal New Footprint=MX RGB LM
Change Component Comment : Designator=1 Old Comment=Skey_LM New Comment=Skey LM
Change Component Comment : Designator=2 Old Comment=Skey_LM New Comment=Skey LM
Change Component Comment : Designator=3 Old Comment=Skey_LM New Comment=Skey LM
Change Component Comment : Designator=4 Old Comment=Skey_LM New Comment=Skey LM
Change Component Comment : Designator=5 Old Comment=Skey_LM New Comment=Skey LM
Change Component Comment : Designator=6 Old Comment=Skey_LM New Comment=Skey LM
Change Component Comment : Designator=7 Old Comment=Skey_LM New Comment=Skey LM
Change Component Comment : Designator=8 Old Comment=Skey_LM New Comment=Skey LM
Change Component Comment : Designator=9 Old Comment=Skey_LM New Comment=Skey LM
Change Component Comment : Designator=10 Old Comment=Skey_LM New Comment=Skey LM
Change Component Comment : Designator=11 Old Comment=Skey_LM New Comment=Skey LM
Change Component Comment : Designator=12 Old Comment=Skey_LM New Comment=Skey LM
Change Component Comment : Designator=13 Old Comment=Skey_LM New Comment=Skey LM
Change Component Comment : Designator=14 Old Comment=Skey_LM New Comment=Skey LM
Change Component Comment : Designator=15 Old Comment=Skey_LM New Comment=Skey LM
Change Component Comment : Designator=16 Old Comment=Skey_LM New Comment=Skey LM
Change Component Comment : Designator=17 Old Comment=Skey_LM New Comment=Skey LM
Change Component Comment : Designator=35 Old Comment=Skey_LM New Comment=Skey LM
Change Component Comment : Designator=36 Old Comment=Skey_LM New Comment=Skey LM
Change Component Comment : Designator=37 Old Comment=Skey_LM New Comment=Skey LM
Change Component Comment : Designator=38 Old Comment=Skey_LM New Comment=Skey LM
Change Component Comment : Designator=39 Old Comment=Skey_LM New Comment=Skey LM
Change Component Comment : Designator=40 Old Comment=Skey_LM New Comment=Skey LM
Change Component Comment : Designator=41 Old Comment=Skey_LM New Comment=Skey LM
Change Component Comment : Designator=42 Old Comment=Skey_LM New Comment=Skey LM
Change Component Comment : Designator=43 Old Comment=Skey_LM New Comment=Skey LM
Change Component Comment : Designator=44 Old Comment=Skey_LM New Comment=Skey LM
Change Component Comment : Designator=45 Old Comment=Skey_LM New Comment=Skey LM
Change Component Comment : Designator=46 Old Comment=Skey_LM New Comment=Skey LM
Change Component Comment : Designator=47 Old Comment=Skey_LM New Comment=Skey LM
Change Component Comment : Designator=48 Old Comment=Skey_LM New Comment=Skey LM
Change Component Comment : Designator=49 Old Comment=Skey_LM New Comment=Skey LM
Change Component Comment : Designator=50 Old Comment=Skey_LM New Comment=Skey LM
Change Component Comment : Designator=51 Old Comment=Skey_LM New Comment=Skey LM
Change Component Comment : Designator=67 Old Comment=Skey_LM New Comment=Skey LM
Change Component Comment : Designator=68 Old Comment=Skey_LM New Comment=Skey LM
Change Component Comment : Designator=69 Old Comment=Skey_LM New Comment=Skey LM
Change Component Comment : Designator=70 Old Comment=Skey_LM New Comment=Skey LM
Change Component Comment : Designator=71 Old Comment=Skey_LM New Comment=Skey LM
Change Component Comment : Designator=72 Old Comment=Skey_LM New Comment=Skey LM
Change Component Comment : Designator=73 Old Comment=Skey_LM New Comment=Skey LM
Change Component Comment : Designator=74 Old Comment=Skey_LM New Comment=Skey LM
Change Component Comment : Designator=75 Old Comment=Skey_LM New Comment=Skey LM
Change Component Comment : Designator=76 Old Comment=Skey_LM New Comment=Skey LM
Added Component: Designator=C1(CAPC1050X55X23ML05T13)
Add component (AddParameter): Name = "Capacitance"; Value = "100000pF"; VariantName = "[No Variations]"
Add component (AddParameter): Name = "Case Size/Dimension"; Value = "0402"; VariantName = "[No Variations]"
Add component (AddParameter): Name = "Datasheet URL"; Value = "https://datasheet.ciiva.com/29198/458718-da-01-en-vs-kondensator-0402-29198423.pdf"; VariantName = "[No Variations]"
Add component (AddParameter): Name = "Datasheet Version"; Value = "Nov-10"; VariantName = "[No Variations]"
Add component (AddParameter): Name = "Dielectric"; Value = "X7R"; VariantName = "[No Variations]"
Add component (AddParameter): Name = "Manufacturer"; Value = "Samsung Electro-Mechanics"; VariantName = "[No Variations]"
Add component (AddParameter): Name = "Manufacturer URL"; Value = "http://www.samsungsem.com/global/index.jsp"; VariantName = "[No Variations]"
Add component (AddParameter): Name = "Rated Voltage"; Value = "16V"; VariantName = "[No Variations]"
Add component (AddParameter): Name = "Tolerance (%)"; Value = "±10%"; VariantName = "[No Variations]"
Added Component: Designator=C2(CAPC1005X55X30ML05T10)
Add component (AddParameter): Name = "Manufacturer"; Value = "Kemet"; VariantName = "[No Variations]"
Add component (AddParameter): Name = "Part Number"; Value = "C0402C470J5GACTU"; VariantName = "[No Variations]"
Added Component: Designator=C3(CAPC1005X55X30ML05T10)
Add component (AddParameter): Name = "Manufacturer"; Value = "Kemet"; VariantName = "[No Variations]"
Add component (AddParameter): Name = "Part Number"; Value = "C0402C470J5GACTU"; VariantName = "[No Variations]"
Added Component: Designator=C4(CAPC1005X56X25NL10T15)
Add component (AddParameter): Name = "Manufacturer"; Value = "AVX Interconnect / Elco"; VariantName = "[No Variations]"
Add component (AddParameter): Name = "Part Number"; Value = "04025A220JAT2A"; VariantName = "[No Variations]"
Added Component: Designator=C5(CAPC1005X56X25NL10T15)
Add component (AddParameter): Name = "Manufacturer"; Value = "AVX Interconnect / Elco"; VariantName = "[No Variations]"
Add component (AddParameter): Name = "Part Number"; Value = "04025A220JAT2A"; VariantName = "[No Variations]"
Added Component: Designator=C7(FP-C0402-BB-MFG)
Add component (AddParameter): Name = "Automotive"; Value = "No"; VariantName = "[No Variations]"
Add component (AddParameter): Name = "Capacitance"; Value = "0.10 µF"; VariantName = "[No Variations]"
Add component (AddParameter): Name = "Category"; Value = "Cap"; VariantName = "[No Variations]"
Add component (AddParameter): Name = "ComponentLink2Description"; Value = "Datasheet"; VariantName = "[No Variations]"
Add component (AddParameter): Name = "ComponentLink2URL"; Value = "https://content.kemet.com/datasheets/KEM_C1002_X7R_SMD.pdf"; VariantName = "[No Variations]"
Add component (AddParameter): Name = "Device Class L1"; Value = "Passive Components"; VariantName = "[No Variations]"
Add component (AddParameter): Name = "Device Class L2"; Value = "Capacitors"; VariantName = "[No Variations]"
Add component (AddParameter): Name = "Device Class L3"; Value = "Ceramic Capacitors"; VariantName = "[No Variations]"
Add component (AddParameter): Name = "Digikey Description"; Value = "CAP CER 0.1UF 10V X5R 0402"; VariantName = "[No Variations]"
Add component (AddParameter): Name = "Height"; Value = "0.55mm"; VariantName = "[No Variations]"
Add component (AddParameter): Name = "Ipc Land Pattern Name"; Value = "CAPC10050X50"; VariantName = "[No Variations]"
Add component (AddParameter): Name = "Lead Free"; Value = "Yes"; VariantName = "[No Variations]"
Add component (AddParameter): Name = "Manufacturer"; Value = "Kemet"; VariantName = "[No Variations]"
Add component (AddParameter): Name = "Manufacturer Part Number"; Value = "C0402C104K8PACTU"; VariantName = "[No Variations]"
Add component (AddParameter): Name = "Material"; Value = "Ceramic"; VariantName = "[No Variations]"
Add component (AddParameter): Name = "Mouser Description"; Value = "Capacitor 100 nF 10 VDC 0402"; VariantName = "[No Variations]"
Add component (AddParameter): Name = "Octopart"; Value = "https://octopart.com/c0402c104k8pactu-kemet-140039"; VariantName = "[No Variations]"
Add component (AddParameter): Name = "Package"; Value = "C0402-BB"; VariantName = "[No Variations]"
Add component (AddParameter): Name = "RoHS"; Value = "TRUE"; VariantName = "[No Variations]"
Add component (AddParameter): Name = "Temperature"; Value = "-55°C to +125°C"; VariantName = "[No Variations]"
Add component (AddParameter): Name = "Temperature Characteristic"; Value = "X5R"; VariantName = "[No Variations]"
Add component (AddParameter): Name = "Temperature Coefficient"; Value = "15%"; VariantName = "[No Variations]"
Add component (AddParameter): Name = "Temperature Range High"; Value = "+125°C"; VariantName = "[No Variations]"
Add component (AddParameter): Name = "Temperature Range Low"; Value = "-55°C"; VariantName = "[No Variations]"
Add component (AddParameter): Name = "Tolerance"; Value = "0.1"; VariantName = "[No Variations]"
Add component (AddParameter): Name = "Value"; Value = "0.10 µF"; VariantName = "[No Variations]"
Add component (AddParameter): Name = "Voltage Rating"; Value = "10 V"; VariantName = "[No Variations]"
Added Component: Designator=C8(FP-C0402-BB-MFG)
Add component (AddParameter): Name = "Automotive"; Value = "No"; VariantName = "[No Variations]"
Add component (AddParameter): Name = "Capacitance"; Value = "0.10 µF"; VariantName = "[No Variations]"
Add component (AddParameter): Name = "Category"; Value = "Cap"; VariantName = "[No Variations]"
Add component (AddParameter): Name = "ComponentLink2Description"; Value = "Datasheet"; VariantName = "[No Variations]"
Add component (AddParameter): Name = "ComponentLink2URL"; Value = "https://content.kemet.com/datasheets/KEM_C1002_X7R_SMD.pdf"; VariantName = "[No Variations]"
Add component (AddParameter): Name = "Device Class L1"; Value = "Passive Components"; VariantName = "[No Variations]"
Add component (AddParameter): Name = "Device Class L2"; Value = "Capacitors"; VariantName = "[No Variations]"
Add component (AddParameter): Name = "Device Class L3"; Value = "Ceramic Capacitors"; VariantName = "[No Variations]"
Add component (AddParameter): Name = "Digikey Description"; Value = "CAP CER 0.1UF 10V X5R 0402"; VariantName = "[No Variations]"
Add component (AddParameter): Name = "Height"; Value = "0.55mm"; VariantName = "[No Variations]"
Add component (AddParameter): Name = "Ipc Land Pattern Name"; Value = "CAPC10050X50"; VariantName = "[No Variations]"
Add component (AddParameter): Name = "Lead Free"; Value = "Yes"; VariantName = "[No Variations]"
Add component (AddParameter): Name = "Manufacturer"; Value = "Kemet"; VariantName = "[No Variations]"
Add component (AddParameter): Name = "Manufacturer Part Number"; Value = "C0402C104K8PACTU"; VariantName = "[No Variations]"
Add component (AddParameter): Name = "Material"; Value = "Ceramic"; VariantName = "[No Variations]"
Add component (AddParameter): Name = "Mouser Description"; Value = "Capacitor 100 nF 10 VDC 0402"; VariantName = "[No Variations]"
Add component (AddParameter): Name = "Octopart"; Value = "https://octopart.com/c0402c104k8pactu-kemet-140039"; VariantName = "[No Variations]"
Add component (AddParameter): Name = "Package"; Value = "C0402-BB"; VariantName = "[No Variations]"
Add component (AddParameter): Name = "RoHS"; Value = "TRUE"; VariantName = "[No Variations]"
Add component (AddParameter): Name = "Temperature"; Value = "-55°C to +125°C"; VariantName = "[No Variations]"
Add component (AddParameter): Name = "Temperature Characteristic"; Value = "X5R"; VariantName = "[No Variations]"
Add component (AddParameter): Name = "Temperature Coefficient"; Value = "15%"; VariantName = "[No Variations]"
Add component (AddParameter): Name = "Temperature Range High"; Value = "+125°C"; VariantName = "[No Variations]"
Add component (AddParameter): Name = "Temperature Range Low"; Value = "-55°C"; VariantName = "[No Variations]"
Add component (AddParameter): Name = "Tolerance"; Value = "0.1"; VariantName = "[No Variations]"
Add component (AddParameter): Name = "Value"; Value = "0.10 µF"; VariantName = "[No Variations]"
Add component (AddParameter): Name = "Voltage Rating"; Value = "10 V"; VariantName = "[No Variations]"
Added Component: Designator=C9(FP-C0402-BB-MFG)
Add component (AddParameter): Name = "Automotive"; Value = "No"; VariantName = "[No Variations]"
Add component (AddParameter): Name = "Capacitance"; Value = "0.10 µF"; VariantName = "[No Variations]"
Add component (AddParameter): Name = "Category"; Value = "Cap"; VariantName = "[No Variations]"
Add component (AddParameter): Name = "ComponentLink2Description"; Value = "Datasheet"; VariantName = "[No Variations]"
Add component (AddParameter): Name = "ComponentLink2URL"; Value = "https://content.kemet.com/datasheets/KEM_C1002_X7R_SMD.pdf"; VariantName = "[No Variations]"
Add component (AddParameter): Name = "Device Class L1"; Value = "Passive Components"; VariantName = "[No Variations]"
Add component (AddParameter): Name = "Device Class L2"; Value = "Capacitors"; VariantName = "[No Variations]"
Add component (AddParameter): Name = "Device Class L3"; Value = "Ceramic Capacitors"; VariantName = "[No Variations]"
Add component (AddParameter): Name = "Digikey Description"; Value = "CAP CER 0.1UF 10V X5R 0402"; VariantName = "[No Variations]"
Add component (AddParameter): Name = "Height"; Value = "0.55mm"; VariantName = "[No Variations]"
Add component (AddParameter): Name = "Ipc Land Pattern Name"; Value = "CAPC10050X50"; VariantName = "[No Variations]"
Add component (AddParameter): Name = "Lead Free"; Value = "Yes"; VariantName = "[No Variations]"
Add component (AddParameter): Name = "Manufacturer"; Value = "Kemet"; VariantName = "[No Variations]"
Add component (AddParameter): Name = "Manufacturer Part Number"; Value = "C0402C104K8PACTU"; VariantName = "[No Variations]"
Add component (AddParameter): Name = "Material"; Value = "Ceramic"; VariantName = "[No Variations]"
Add component (AddParameter): Name = "Mouser Description"; Value = "Capacitor 100 nF 10 VDC 0402"; VariantName = "[No Variations]"
Add component (AddParameter): Name = "Octopart"; Value = "https://octopart.com/c0402c104k8pactu-kemet-140039"; VariantName = "[No Variations]"
Add component (AddParameter): Name = "Package"; Value = "C0402-BB"; VariantName = "[No Variations]"
Add component (AddParameter): Name = "RoHS"; Value = "TRUE"; VariantName = "[No Variations]"
Add component (AddParameter): Name = "Temperature"; Value = "-55°C to +125°C"; VariantName = "[No Variations]"
Add component (AddParameter): Name = "Temperature Characteristic"; Value = "X5R"; VariantName = "[No Variations]"
Add component (AddParameter): Name = "Temperature Coefficient"; Value = "15%"; VariantName = "[No Variations]"
Add component (AddParameter): Name = "Temperature Range High"; Value = "+125°C"; VariantName = "[No Variations]"
Add component (AddParameter): Name = "Temperature Range Low"; Value = "-55°C"; VariantName = "[No Variations]"
Add component (AddParameter): Name = "Tolerance"; Value = "0.1"; VariantName = "[No Variations]"
Add component (AddParameter): Name = "Value"; Value = "0.10 µF"; VariantName = "[No Variations]"
Add component (AddParameter): Name = "Voltage Rating"; Value = "10 V"; VariantName = "[No Variations]"
Added Component: Designator=C10(FP-C0402-BB-MFG)
Add component (AddParameter): Name = "Automotive"; Value = "No"; VariantName = "[No Variations]"
Add component (AddParameter): Name = "Capacitance"; Value = "0.10 µF"; VariantName = "[No Variations]"
Add component (AddParameter): Name = "Category"; Value = "Cap"; VariantName = "[No Variations]"
Add component (AddParameter): Name = "ComponentLink2Description"; Value = "Datasheet"; VariantName = "[No Variations]"
Add component (AddParameter): Name = "ComponentLink2URL"; Value = "https://content.kemet.com/datasheets/KEM_C1002_X7R_SMD.pdf"; VariantName = "[No Variations]"
Add component (AddParameter): Name = "Device Class L1"; Value = "Passive Components"; VariantName = "[No Variations]"
Add component (AddParameter): Name = "Device Class L2"; Value = "Capacitors"; VariantName = "[No Variations]"
Add component (AddParameter): Name = "Device Class L3"; Value = "Ceramic Capacitors"; VariantName = "[No Variations]"
Add component (AddParameter): Name = "Digikey Description"; Value = "CAP CER 0.1UF 10V X5R 0402"; VariantName = "[No Variations]"
Add component (AddParameter): Name = "Height"; Value = "0.55mm"; VariantName = "[No Variations]"
Add component (AddParameter): Name = "Ipc Land Pattern Name"; Value = "CAPC10050X50"; VariantName = "[No Variations]"
Add component (AddParameter): Name = "Lead Free"; Value = "Yes"; VariantName = "[No Variations]"
Add component (AddParameter): Name = "Manufacturer"; Value = "Kemet"; VariantName = "[No Variations]"
Add component (AddParameter): Name = "Manufacturer Part Number"; Value = "C0402C104K8PACTU"; VariantName = "[No Variations]"
Add component (AddParameter): Name = "Material"; Value = "Ceramic"; VariantName = "[No Variations]"
Add component (AddParameter): Name = "Mouser Description"; Value = "Capacitor 100 nF 10 VDC 0402"; VariantName = "[No Variations]"
Add component (AddParameter): Name = "Octopart"; Value = "https://octopart.com/c0402c104k8pactu-kemet-140039"; VariantName = "[No Variations]"
Add component (AddParameter): Name = "Package"; Value = "C0402-BB"; VariantName = "[No Variations]"
Add component (AddParameter): Name = "RoHS"; Value = "TRUE"; VariantName = "[No Variations]"
Add component (AddParameter): Name = "Temperature"; Value = "-55°C to +125°C"; VariantName = "[No Variations]"
Add component (AddParameter): Name = "Temperature Characteristic"; Value = "X5R"; VariantName = "[No Variations]"
Add component (AddParameter): Name = "Temperature Coefficient"; Value = "15%"; VariantName = "[No Variations]"
Add component (AddParameter): Name = "Temperature Range High"; Value = "+125°C"; VariantName = "[No Variations]"
Add component (AddParameter): Name = "Temperature Range Low"; Value = "-55°C"; VariantName = "[No Variations]"
Add component (AddParameter): Name = "Tolerance"; Value = "0.1"; VariantName = "[No Variations]"
Add component (AddParameter): Name = "Value"; Value = "0.10 µF"; VariantName = "[No Variations]"
Add component (AddParameter): Name = "Voltage Rating"; Value = "10 V"; VariantName = "[No Variations]"
Added Component: Designator=C11(FP-C0402-BB-MFG)
Add component (AddParameter): Name = "Automotive"; Value = "No"; VariantName = "[No Variations]"
Add component (AddParameter): Name = "Capacitance"; Value = "0.10 µF"; VariantName = "[No Variations]"
Add component (AddParameter): Name = "Category"; Value = "Cap"; VariantName = "[No Variations]"
Add component (AddParameter): Name = "ComponentLink2Description"; Value = "Datasheet"; VariantName = "[No Variations]"
Add component (AddParameter): Name = "ComponentLink2URL"; Value = "https://content.kemet.com/datasheets/KEM_C1002_X7R_SMD.pdf"; VariantName = "[No Variations]"
Add component (AddParameter): Name = "Device Class L1"; Value = "Passive Components"; VariantName = "[No Variations]"
Add component (AddParameter): Name = "Device Class L2"; Value = "Capacitors"; VariantName = "[No Variations]"
Add component (AddParameter): Name = "Device Class L3"; Value = "Ceramic Capacitors"; VariantName = "[No Variations]"
Add component (AddParameter): Name = "Digikey Description"; Value = "CAP CER 0.1UF 10V X5R 0402"; VariantName = "[No Variations]"
Add component (AddParameter): Name = "Height"; Value = "0.55mm"; VariantName = "[No Variations]"
Add component (AddParameter): Name = "Ipc Land Pattern Name"; Value = "CAPC10050X50"; VariantName = "[No Variations]"
Add component (AddParameter): Name = "Lead Free"; Value = "Yes"; VariantName = "[No Variations]"
Add component (AddParameter): Name = "Manufacturer"; Value = "Kemet"; VariantName = "[No Variations]"
Add component (AddParameter): Name = "Manufacturer Part Number"; Value = "C0402C104K8PACTU"; VariantName = "[No Variations]"
Add component (AddParameter): Name = "Material"; Value = "Ceramic"; VariantName = "[No Variations]"
Add component (AddParameter): Name = "Mouser Description"; Value = "Capacitor 100 nF 10 VDC 0402"; VariantName = "[No Variations]"
Add component (AddParameter): Name = "Octopart"; Value = "https://octopart.com/c0402c104k8pactu-kemet-140039"; VariantName = "[No Variations]"
Add component (AddParameter): Name = "Package"; Value = "C0402-BB"; VariantName = "[No Variations]"
Add component (AddParameter): Name = "RoHS"; Value = "TRUE"; VariantName = "[No Variations]"
Add component (AddParameter): Name = "Temperature"; Value = "-55°C to +125°C"; VariantName = "[No Variations]"
Add component (AddParameter): Name = "Temperature Characteristic"; Value = "X5R"; VariantName = "[No Variations]"
Add component (AddParameter): Name = "Temperature Coefficient"; Value = "15%"; VariantName = "[No Variations]"
Add component (AddParameter): Name = "Temperature Range High"; Value = "+125°C"; VariantName = "[No Variations]"
Add component (AddParameter): Name = "Temperature Range Low"; Value = "-55°C"; VariantName = "[No Variations]"
Add component (AddParameter): Name = "Tolerance"; Value = "0.1"; VariantName = "[No Variations]"
Add component (AddParameter): Name = "Value"; Value = "0.10 µF"; VariantName = "[No Variations]"
Add component (AddParameter): Name = "Voltage Rating"; Value = "10 V"; VariantName = "[No Variations]"
Added Component: Designator=C12(FP-C0402-BB-MFG)
Add component (AddParameter): Name = "Automotive"; Value = "No"; VariantName = "[No Variations]"
Add component (AddParameter): Name = "Capacitance"; Value = "0.10 µF"; VariantName = "[No Variations]"
Add component (AddParameter): Name = "Category"; Value = "Cap"; VariantName = "[No Variations]"
Add component (AddParameter): Name = "ComponentLink2Description"; Value = "Datasheet"; VariantName = "[No Variations]"
Add component (AddParameter): Name = "ComponentLink2URL"; Value = "https://content.kemet.com/datasheets/KEM_C1002_X7R_SMD.pdf"; VariantName = "[No Variations]"
Add component (AddParameter): Name = "Device Class L1"; Value = "Passive Components"; VariantName = "[No Variations]"
Add component (AddParameter): Name = "Device Class L2"; Value = "Capacitors"; VariantName = "[No Variations]"
Add component (AddParameter): Name = "Device Class L3"; Value = "Ceramic Capacitors"; VariantName = "[No Variations]"
Add component (AddParameter): Name = "Digikey Description"; Value = "CAP CER 0.1UF 10V X5R 0402"; VariantName = "[No Variations]"
Add component (AddParameter): Name = "Height"; Value = "0.55mm"; VariantName = "[No Variations]"
Add component (AddParameter): Name = "Ipc Land Pattern Name"; Value = "CAPC10050X50"; VariantName = "[No Variations]"
Add component (AddParameter): Name = "Lead Free"; Value = "Yes"; VariantName = "[No Variations]"
Add component (AddParameter): Name = "Manufacturer"; Value = "Kemet"; VariantName = "[No Variations]"
Add component (AddParameter): Name = "Manufacturer Part Number"; Value = "C0402C104K8PACTU"; VariantName = "[No Variations]"
Add component (AddParameter): Name = "Material"; Value = "Ceramic"; VariantName = "[No Variations]"
Add component (AddParameter): Name = "Mouser Description"; Value = "Capacitor 100 nF 10 VDC 0402"; VariantName = "[No Variations]"
Add component (AddParameter): Name = "Octopart"; Value = "https://octopart.com/c0402c104k8pactu-kemet-140039"; VariantName = "[No Variations]"
Add component (AddParameter): Name = "Package"; Value = "C0402-BB"; VariantName = "[No Variations]"
Add component (AddParameter): Name = "RoHS"; Value = "TRUE"; VariantName = "[No Variations]"
Add component (AddParameter): Name = "Temperature"; Value = "-55°C to +125°C"; VariantName = "[No Variations]"
Add component (AddParameter): Name = "Temperature Characteristic"; Value = "X5R"; VariantName = "[No Variations]"
Add component (AddParameter): Name = "Temperature Coefficient"; Value = "15%"; VariantName = "[No Variations]"
Add component (AddParameter): Name = "Temperature Range High"; Value = "+125°C"; VariantName = "[No Variations]"
Add component (AddParameter): Name = "Temperature Range Low"; Value = "-55°C"; VariantName = "[No Variations]"
Add component (AddParameter): Name = "Tolerance"; Value = "0.1"; VariantName = "[No Variations]"
Add component (AddParameter): Name = "Value"; Value = "0.10 µF"; VariantName = "[No Variations]"
Add component (AddParameter): Name = "Voltage Rating"; Value = "10 V"; VariantName = "[No Variations]"
Added Component: Designator=C13(FP-C0402-BB-MFG)
Add component (AddParameter): Name = "Automotive"; Value = "No"; VariantName = "[No Variations]"
Add component (AddParameter): Name = "Capacitance"; Value = "0.10 µF"; VariantName = "[No Variations]"
Add component (AddParameter): Name = "Category"; Value = "Cap"; VariantName = "[No Variations]"
Add component (AddParameter): Name = "ComponentLink2Description"; Value = "Datasheet"; VariantName = "[No Variations]"
Add component (AddParameter): Name = "ComponentLink2URL"; Value = "https://content.kemet.com/datasheets/KEM_C1002_X7R_SMD.pdf"; VariantName = "[No Variations]"
Add component (AddParameter): Name = "Device Class L1"; Value = "Passive Components"; VariantName = "[No Variations]"
Add component (AddParameter): Name = "Device Class L2"; Value = "Capacitors"; VariantName = "[No Variations]"
Add component (AddParameter): Name = "Device Class L3"; Value = "Ceramic Capacitors"; VariantName = "[No Variations]"
Add component (AddParameter): Name = "Digikey Description"; Value = "CAP CER 0.1UF 10V X5R 0402"; VariantName = "[No Variations]"
Add component (AddParameter): Name = "Height"; Value = "0.55mm"; VariantName = "[No Variations]"
Add component (AddParameter): Name = "Ipc Land Pattern Name"; Value = "CAPC10050X50"; VariantName = "[No Variations]"
Add component (AddParameter): Name = "Lead Free"; Value = "Yes"; VariantName = "[No Variations]"
Add component (AddParameter): Name = "Manufacturer"; Value = "Kemet"; VariantName = "[No Variations]"
Add component (AddParameter): Name = "Manufacturer Part Number"; Value = "C0402C104K8PACTU"; VariantName = "[No Variations]"
Add component (AddParameter): Name = "Material"; Value = "Ceramic"; VariantName = "[No Variations]"
Add component (AddParameter): Name = "Mouser Description"; Value = "Capacitor 100 nF 10 VDC 0402"; VariantName = "[No Variations]"
Add component (AddParameter): Name = "Octopart"; Value = "https://octopart.com/c0402c104k8pactu-kemet-140039"; VariantName = "[No Variations]"
Add component (AddParameter): Name = "Package"; Value = "C0402-BB"; VariantName = "[No Variations]"
Add component (AddParameter): Name = "RoHS"; Value = "TRUE"; VariantName = "[No Variations]"
Add component (AddParameter): Name = "Temperature"; Value = "-55°C to +125°C"; VariantName = "[No Variations]"
Add component (AddParameter): Name = "Temperature Characteristic"; Value = "X5R"; VariantName = "[No Variations]"
Add component (AddParameter): Name = "Temperature Coefficient"; Value = "15%"; VariantName = "[No Variations]"
Add component (AddParameter): Name = "Temperature Range High"; Value = "+125°C"; VariantName = "[No Variations]"
Add component (AddParameter): Name = "Temperature Range Low"; Value = "-55°C"; VariantName = "[No Variations]"
Add component (AddParameter): Name = "Tolerance"; Value = "0.1"; VariantName = "[No Variations]"
Add component (AddParameter): Name = "Value"; Value = "0.10 µF"; VariantName = "[No Variations]"
Add component (AddParameter): Name = "Voltage Rating"; Value = "10 V"; VariantName = "[No Variations]"
Added Component: Designator=P?(MHDR1X2)
Add component (AddParameter): Name = "LatestRevisionDate"; Value = "17-Jul-2002"; VariantName = "[No Variations]"
Add component (AddParameter): Name = "LatestRevisionNote"; Value = "Re-released for DXP Platform."; VariantName = "[No Variations]"
Add component (AddParameter): Name = "Publisher"; Value = "Altium Limited"; VariantName = "[No Variations]"
Added Component: Designator=R3(RESC1005X40X25LL05T05)
Add component (AddParameter): Name = "Manufacturer"; Value = "Vishay Dale"; VariantName = "[No Variations]"
Add component (AddParameter): Name = "Part Number"; Value = "CRCW040222R0FKED"; VariantName = "[No Variations]"
Added Component: Designator=R4(RESC1005X40X25LL05T05)
Add component (AddParameter): Name = "Manufacturer"; Value = "Vishay Dale"; VariantName = "[No Variations]"
Add component (AddParameter): Name = "Part Number"; Value = "CRCW040222R0FKED"; VariantName = "[No Variations]"
Added Component: Designator=R5(RESC1005X40X25NL05T05)
Add component (AddParameter): Name = "Manufacturer"; Value = "Panasonic"; VariantName = "[No Variations]"
Add component (AddParameter): Name = "Part Number"; Value = "ERT-J0ER103J"; VariantName = "[No Variations]"
Added Component: Designator=U1(44ML_M)
Add component (AddParameter): Name = "ComponentLink1Description"; Value = "Manufacturer URL"; VariantName = "[No Variations]"
Add component (AddParameter): Name = "ComponentLink1URL"; Value = "http://www.atmel.com/"; VariantName = "[No Variations]"
Add component (AddParameter): Name = "ComponentLink2Description"; Value = "ATmega16U4/32U4 Datasheet"; VariantName = "[No Variations]"
Add component (AddParameter): Name = "ComponentLink2URL"; Value = "http://www.atmel.com/dyn/resources/prod_documents/doc7766.pdf"; VariantName = "[No Variations]"
Add component (AddParameter): Name = "ComponentLink3Description"; Value = "ATmega16U4 ATmega32U4 Summary"; VariantName = "[No Variations]"
Add component (AddParameter): Name = "ComponentLink3URL"; Value = "http://www.atmel.com/dyn/resources/prod_documents/7766S.pdf"; VariantName = "[No Variations]"
Add component (AddParameter): Name = "DatasheetVersion"; Value = "revF, Nov-2010"; VariantName = "[No Variations]"
Add component (AddParameter): Name = "PackageDescription"; Value = "44-Pin Plastic Thin Quad Flat Pack, 10 x 10 x 1.0 mm Body, 0.8 mm Pitch (TQFP)"; VariantName = "[No Variations]"
Add component (AddParameter): Name = "PackageReference"; Value = "44ML"; VariantName = "[No Variations]"
Add component (AddParameter): Name = "PackageVersion"; Value = "rev.G, Jul-2007"; VariantName = "[No Variations]"
Add component (AddParameter): Name = "RevisionNote"; Value = "DatasheetVersion updated. URLs added."; VariantName = "[No Variations]"
Added Component: Designator=X1(ABRA-ABLS-14.7456MHZ-B2-T_V)
Add component (AddParameter): Name = "Brand"; Value = "ABRACON"; VariantName = "[No Variations]"
Add component (AddParameter): Name = "Case Height"; Value = "4.2mm"; VariantName = "[No Variations]"
Add component (AddParameter): Name = "Case Length"; Value = "11.4mm"; VariantName = "[No Variations]"
Add component (AddParameter): Name = "Case Width"; Value = "4.7mm"; VariantName = "[No Variations]"
Add component (AddParameter): Name = "Datasheet URL"; Value = "http://www.abracon.com/Resonators/abls.pdf"; VariantName = "[No Variations]"
Add component (AddParameter): Name = "Datasheet Version"; Value = "04/2011"; VariantName = "[No Variations]"
Add component (AddParameter): Name = "Dimensions"; Value = "4.7mmWx11.4mmLx4.2mmH"; VariantName = "[No Variations]"
Add component (AddParameter): Name = "ESR"; Value = "80Ohms"; VariantName = "[No Variations]"
Add component (AddParameter): Name = "Factory Pack Quantity"; Value = "1000"; VariantName = "[No Variations]"
Add component (AddParameter): Name = "Frequency"; Value = "8MHz"; VariantName = "[No Variations]"
Add component (AddParameter): Name = "Frequency Stability"; Value = "50PPM"; VariantName = "[No Variations]"
Add component (AddParameter): Name = "Load Capacitance"; Value = "18pF"; VariantName = "[No Variations]"
Add component (AddParameter): Name = "Manufacturer"; Value = "ABRACON"; VariantName = "[No Variations]"
Add component (AddParameter): Name = "Manufacturer URL"; Value = "http://www.abracon.com/"; VariantName = "[No Variations]"
Add component (AddParameter): Name = "Mounting Style"; Value = "SMD/SMT"; VariantName = "[No Variations]"
Add component (AddParameter): Name = "Mounting Technology"; Value = "SurfaceMount"; VariantName = "[No Variations]"
Add component (AddParameter): Name = "Operating Temperature Range"; Value = "-20Cto+70C"; VariantName = "[No Variations]"
Add component (AddParameter): Name = "Package / Case"; Value = "HC-49/US"; VariantName = "[No Variations]"
Add component (AddParameter): Name = "Package Description"; Value = "2-Pin Surface Mount Device, Body 11.4 x 4.7 mm"; VariantName = "[No Variations]"
Add component (AddParameter): Name = "Package Reference"; Value = "ABLS-14.7456MHZ-B2-T"; VariantName = "[No Variations]"
Add component (AddParameter): Name = "Package URL"; Value = "http://www.abracon.com/Support/PackageDrawing/Resonators/ABLS-2D.pdf"; VariantName = "[No Variations]"
Add component (AddParameter): Name = "Packaging"; Value = "Reel"; VariantName = "[No Variations]"
Add component (AddParameter): Name = "Product Category"; Value = "Crystals"; VariantName = "[No Variations]"
Add component (AddParameter): Name = "RoHS"; Value = "Details"; VariantName = "[No Variations]"
Add component (AddParameter): Name = "Series"; Value = "ABLS"; VariantName = "[No Variations]"
Add component (AddParameter): Name = "Termination Style"; Value = "SMD/SMT"; VariantName = "[No Variations]"
Add component (AddParameter): Name = "Tolerance"; Value = "30PPM"; VariantName = "[No Variations]"
Add component (AddParameter): Name = "Type"; Value = "LowProfileMicroprocessorCrystal"; VariantName = "[No Variations]"
Added Pin To Net: NetName=GND Pin=C1-1
Added Pin To Net: NetName=NetC1_2 Pin=C1-2
Added Pin To Net: NetName=NetC2_1 Pin=C2-1
Added Pin To Net: NetName=GND Pin=C2-2
Added Pin To Net: NetName=GND Pin=C3-1
Added Pin To Net: NetName=NetC3_2 Pin=C3-2
Added Pin To Net: NetName=GND Pin=C4-1
Added Pin To Net: NetName=NetC4_2 Pin=C4-2
Added Pin To Net: NetName=GND Pin=C5-1
Added Pin To Net: NetName=NetC5_2 Pin=C5-2
Added Pin To Net: NetName=+5 Pin=C7-1
Added Pin To Net: NetName=GND Pin=C7-2
Added Pin To Net: NetName=+5 Pin=C8-1
Added Pin To Net: NetName=GND Pin=C8-2
Added Pin To Net: NetName=+5 Pin=C9-1
Added Pin To Net: NetName=GND Pin=C9-2
Added Pin To Net: NetName=+5 Pin=C10-1
Added Pin To Net: NetName=GND Pin=C10-2
Added Pin To Net: NetName=+5 Pin=C11-1
Added Pin To Net: NetName=GND Pin=C11-2
Added Pin To Net: NetName=+5 Pin=C12-1
Added Pin To Net: NetName=GND Pin=C12-2
Added Pin To Net: NetName=+5 Pin=C13-1
Added Pin To Net: NetName=GND Pin=C13-2
Added Pin To Net: NetName=GND Pin=P?-2
Added Pin To Net: NetName=NetC2_1 Pin=R3-1
Added Pin To Net: NetName=NetR3_2 Pin=R3-2
Added Pin To Net: NetName=NetC3_2 Pin=R4-1
Added Pin To Net: NetName=NetR4_2 Pin=R4-2
Added Pin To Net: NetName=+5 Pin=R5-1
Added Pin To Net: NetName=Net7_5 Pin=U1-1
Added Pin To Net: NetName=+5 Pin=U1-2
Added Pin To Net: NetName=NetC2_1 Pin=U1-3
Added Pin To Net: NetName=NetC3_2 Pin=U1-4
Added Pin To Net: NetName=GND Pin=U1-5
Added Pin To Net: NetName=+5 Pin=U1-6
Added Pin To Net: NetName=+5 Pin=U1-7
Added Pin To Net: NetName=Net67_2 Pin=U1-8
Added Pin To Net: NetName=Net18_6 Pin=U1-9
Added Pin To Net: NetName=Net35_6 Pin=U1-10
Added Pin To Net: NetName=Net52_6 Pin=U1-11
Added Pin To Net: NetName=Net3_5 Pin=U1-12
Added Pin To Net: NetName=+5 Pin=U1-14
Added Pin To Net: NetName=GND Pin=U1-15
Added Pin To Net: NetName=NetC4_2 Pin=U1-16
Added Pin To Net: NetName=NetC5_2 Pin=U1-17
Added Pin To Net: NetName=Net12_5 Pin=U1-18
Added Pin To Net: NetName=Net13_5 Pin=U1-19
Added Pin To Net: NetName=Net14_5 Pin=U1-20
Added Pin To Net: NetName=Net15_5 Pin=U1-21
Added Pin To Net: NetName=Net17_5 Pin=U1-22
Added Pin To Net: NetName=GND Pin=U1-23
Added Pin To Net: NetName=+5 Pin=U1-24
Added Pin To Net: NetName=Net16_5 Pin=U1-25
Added Pin To Net: NetName=Net1_6 Pin=U1-27
Added Pin To Net: NetName=Net48_6 Pin=U1-28
Added Pin To Net: NetName=Net1_5 Pin=U1-29
Added Pin To Net: NetName=Net2_5 Pin=U1-30
Added Pin To Net: NetName=Net4_5 Pin=U1-31
Added Pin To Net: NetName=Net5_5 Pin=U1-32
Added Pin To Net: NetName=Net6_5 Pin=U1-33
Added Pin To Net: NetName=+5 Pin=U1-34
Added Pin To Net: NetName=GND Pin=U1-35
Added Pin To Net: NetName=Net8_5 Pin=U1-36
Added Pin To Net: NetName=Net9_5 Pin=U1-37
Added Pin To Net: NetName=Net10_5 Pin=U1-38
Added Pin To Net: NetName=Net11_5 Pin=U1-39
Added Pin To Net: NetName=NetC1_2 Pin=U1-42
Added Pin To Net: NetName=GND Pin=U1-43
Added Pin To Net: NetName=+5 Pin=U1-44
Added Pin To Net: NetName=NetC5_2 Pin=X1-1
Added Pin To Net: NetName=NetC4_2 Pin=X1-2
Added Pin To Net: NetName=NetP?_1 Pin=P?-1
Added Pin To Net: NetName=NetP?_1 Pin=R5-2
Added Pin To Net: NetName=NetP?_1 Pin=U1-13
Added Net: Name=NetP?_1
Added Member To Class: ClassName=SkayboardRev3 Member=Component C1 100nF
Added Member To Class: ClassName=SkayboardRev3 Member=Component C2 47pF
Added Member To Class: ClassName=SkayboardRev3 Member=Component C3 47pF
Added Member To Class: ClassName=SkayboardRev3 Member=Component C4 22pF
Added Member To Class: ClassName=SkayboardRev3 Member=Component C5 22pF
Added Member To Class: ClassName=SkayboardRev3 Member=Component C7 100nF
Added Member To Class: ClassName=SkayboardRev3 Member=Component C8 100nF
Added Member To Class: ClassName=SkayboardRev3 Member=Component C9 100nF
Added Member To Class: ClassName=SkayboardRev3 Member=Component C10 100nF
Added Member To Class: ClassName=SkayboardRev3 Member=Component C11 100nF
Added Member To Class: ClassName=SkayboardRev3 Member=Component C12 100nF
Added Member To Class: ClassName=SkayboardRev3 Member=Component C13 100nF
Added Member To Class: ClassName=SkayboardRev3 Member=Component P? MHDR1X2
Added Member To Class: ClassName=SkayboardRev3 Member=Component R3 22R
Added Member To Class: ClassName=SkayboardRev3 Member=Component R4 22R
Added Member To Class: ClassName=SkayboardRev3 Member=Component R5 10K
Added Member To Class: ClassName=SkayboardRev3 Member=Component U1 ATmega32U4-AU
Added Member To Class: ClassName=SkayboardRev3 Member=Component X1 ABLS-8.000MHZ-B4-T
Added Room: Name=SkayboardRev3
