Removed Pin From Net: NetName=VCC Pin=1-1
Removed Pin From Net: NetName=GND Pin=1-3
Removed Pin From Net: NetName=VCC Pin=2-1
Removed Pin From Net: NetName=GND Pin=2-3
Removed Pin From Net: NetName=Net1_2 Pin=2-4
Removed Pin From Net: NetName=VCC Pin=3-1
Removed Pin From Net: NetName=GND Pin=3-3
Removed Pin From Net: NetName=VCC Pin=4-1
Removed Pin From Net: NetName=GND Pin=4-3
Removed Pin From Net: NetName=VCC Pin=5-1
Removed Pin From Net: NetName=GND Pin=5-3
Removed Pin From Net: NetName=VCC Pin=6-1
Removed Pin From Net: NetName=GND Pin=6-3
Removed Pin From Net: NetName=VCC Pin=7-1
Removed Pin From Net: NetName=GND Pin=7-3
Removed Pin From Net: NetName=VCC Pin=8-1
Removed Pin From Net: NetName=GND Pin=8-3
Removed Pin From Net: NetName=VCC Pin=9-1
Removed Pin From Net: NetName=GND Pin=9-3
Removed Pin From Net: NetName=VCC Pin=10-1
Removed Pin From Net: NetName=GND Pin=10-3
Removed Pin From Net: NetName=VCC Pin=11-1
Removed Pin From Net: NetName=GND Pin=11-3
Removed Pin From Net: NetName=VCC Pin=12-1
Removed Pin From Net: NetName=GND Pin=12-3
Removed Pin From Net: NetName=VCC Pin=13-1
Removed Pin From Net: NetName=GND Pin=13-3
Removed Pin From Net: NetName=VCC Pin=14-1
Removed Pin From Net: NetName=GND Pin=14-3
Removed Pin From Net: NetName=VCC Pin=15-1
Removed Pin From Net: NetName=GND Pin=15-3
Removed Pin From Net: NetName=VCC Pin=16-1
Removed Pin From Net: NetName=GND Pin=16-3
Removed Pin From Net: NetName=VCC Pin=17-1
Removed Pin From Net: NetName=GND Pin=17-3
Removed Pin From Net: NetName=VCC Pin=35-1
Removed Pin From Net: NetName=GND Pin=35-3
Removed Pin From Net: NetName=VCC Pin=36-1
Removed Pin From Net: NetName=GND Pin=36-3
Removed Pin From Net: NetName=Net35_2 Pin=36-4
Removed Pin From Net: NetName=VCC Pin=37-1
Removed Pin From Net: NetName=GND Pin=37-3
Removed Pin From Net: NetName=VCC Pin=38-1
Removed Pin From Net: NetName=GND Pin=38-3
Removed Pin From Net: NetName=VCC Pin=39-1
Removed Pin From Net: NetName=GND Pin=39-3
Removed Pin From Net: NetName=VCC Pin=40-1
Removed Pin From Net: NetName=GND Pin=40-3
Removed Pin From Net: NetName=VCC Pin=41-1
Removed Pin From Net: NetName=GND Pin=41-3
Removed Pin From Net: NetName=VCC Pin=42-1
Removed Pin From Net: NetName=GND Pin=42-3
Removed Pin From Net: NetName=VCC Pin=43-1
Removed Pin From Net: NetName=GND Pin=43-3
Removed Pin From Net: NetName=VCC Pin=44-1
Removed Pin From Net: NetName=GND Pin=44-3
Removed Pin From Net: NetName=VCC Pin=45-1
Removed Pin From Net: NetName=GND Pin=45-3
Removed Pin From Net: NetName=VCC Pin=46-1
Removed Pin From Net: NetName=GND Pin=46-3
Removed Pin From Net: NetName=VCC Pin=47-1
Removed Pin From Net: NetName=GND Pin=47-3
Removed Pin From Net: NetName=VCC Pin=48-1
Removed Pin From Net: NetName=GND Pin=48-3
Removed Pin From Net: NetName=VCC Pin=49-1
Removed Pin From Net: NetName=GND Pin=49-3
Removed Pin From Net: NetName=VCC Pin=50-1
Removed Pin From Net: NetName=GND Pin=50-3
Removed Pin From Net: NetName=VCC Pin=51-1
Removed Pin From Net: NetName=GND Pin=51-3
Removed Pin From Net: NetName=VCC Pin=67-1
Removed Pin From Net: NetName=GND Pin=67-3
Removed Pin From Net: NetName=VCC Pin=68-1
Removed Pin From Net: NetName=GND Pin=68-3
Removed Pin From Net: NetName=Net67_2 Pin=68-4
Removed Pin From Net: NetName=VCC Pin=69-1
Removed Pin From Net: NetName=GND Pin=69-3
Removed Pin From Net: NetName=VCC Pin=70-1
Removed Pin From Net: NetName=GND Pin=70-3
Removed Pin From Net: NetName=VCC Pin=71-1
Removed Pin From Net: NetName=GND Pin=71-3
Removed Pin From Net: NetName=VCC Pin=72-1
Removed Pin From Net: NetName=GND Pin=72-3
Removed Pin From Net: NetName=VCC Pin=73-1
Removed Pin From Net: NetName=GND Pin=73-3
Removed Pin From Net: NetName=VCC Pin=74-1
Removed Pin From Net: NetName=GND Pin=74-3
Removed Pin From Net: NetName=VCC Pin=75-1
Removed Pin From Net: NetName=GND Pin=75-3
Removed Pin From Net: NetName=VCC Pin=76-1
Removed Pin From Net: NetName=GND Pin=76-3
Removed Pin From Net: NetName=Net1_4 Pin=U1-8
Change Component DesignItemId : Designator=1 Old DesignItemId=Skey New DesignItemId=Skey_LM
Change Component DesignItemId : Designator=2 Old DesignItemId=Skey New DesignItemId=Skey_LM
Change Component DesignItemId : Designator=3 Old DesignItemId=Skey New DesignItemId=Skey_LM
Change Component DesignItemId : Designator=4 Old DesignItemId=Skey New DesignItemId=Skey_LM
Change Component DesignItemId : Designator=5 Old DesignItemId=Skey New DesignItemId=Skey_LM
Change Component DesignItemId : Designator=6 Old DesignItemId=Skey New DesignItemId=Skey_LM
Change Component DesignItemId : Designator=7 Old DesignItemId=Skey New DesignItemId=Skey_LM
Change Component DesignItemId : Designator=8 Old DesignItemId=Skey New DesignItemId=Skey_LM
Change Component DesignItemId : Designator=9 Old DesignItemId=Skey New DesignItemId=Skey_LM
Change Component DesignItemId : Designator=10 Old DesignItemId=Skey New DesignItemId=Skey_LM
Change Component DesignItemId : Designator=11 Old DesignItemId=Skey New DesignItemId=Skey_LM
Change Component DesignItemId : Designator=12 Old DesignItemId=Skey New DesignItemId=Skey_LM
Change Component DesignItemId : Designator=13 Old DesignItemId=Skey New DesignItemId=Skey_LM
Change Component DesignItemId : Designator=14 Old DesignItemId=Skey New DesignItemId=Skey_LM
Change Component DesignItemId : Designator=15 Old DesignItemId=Skey New DesignItemId=Skey_LM
Change Component DesignItemId : Designator=16 Old DesignItemId=Skey New DesignItemId=Skey_LM
Change Component DesignItemId : Designator=17 Old DesignItemId=Skey New DesignItemId=Skey_LM
Change Component DesignItemId : Designator=35 Old DesignItemId=Skey New DesignItemId=Skey_LM
Change Component DesignItemId : Designator=36 Old DesignItemId=Skey New DesignItemId=Skey_LM
Change Component DesignItemId : Designator=37 Old DesignItemId=Skey New DesignItemId=Skey_LM
Change Component DesignItemId : Designator=38 Old DesignItemId=Skey New DesignItemId=Skey_LM
Change Component DesignItemId : Designator=39 Old DesignItemId=Skey New DesignItemId=Skey_LM
Change Component DesignItemId : Designator=40 Old DesignItemId=Skey New DesignItemId=Skey_LM
Change Component DesignItemId : Designator=41 Old DesignItemId=Skey New DesignItemId=Skey_LM
Change Component DesignItemId : Designator=42 Old DesignItemId=Skey New DesignItemId=Skey_LM
Change Component DesignItemId : Designator=43 Old DesignItemId=Skey New DesignItemId=Skey_LM
Change Component DesignItemId : Designator=44 Old DesignItemId=Skey New DesignItemId=Skey_LM
Change Component DesignItemId : Designator=45 Old DesignItemId=Skey New DesignItemId=Skey_LM
Change Component DesignItemId : Designator=46 Old DesignItemId=Skey New DesignItemId=Skey_LM
Change Component DesignItemId : Designator=47 Old DesignItemId=Skey New DesignItemId=Skey_LM
Change Component DesignItemId : Designator=48 Old DesignItemId=Skey New DesignItemId=Skey_LM
Change Component DesignItemId : Designator=49 Old DesignItemId=Skey New DesignItemId=Skey_LM
Change Component DesignItemId : Designator=50 Old DesignItemId=Skey New DesignItemId=Skey_LM
Change Component DesignItemId : Designator=51 Old DesignItemId=Skey New DesignItemId=Skey_LM
Change Component DesignItemId : Designator=67 Old DesignItemId=Skey New DesignItemId=Skey_LM
Change Component DesignItemId : Designator=68 Old DesignItemId=Skey New DesignItemId=Skey_LM
Change Component DesignItemId : Designator=69 Old DesignItemId=Skey New DesignItemId=Skey_LM
Change Component DesignItemId : Designator=70 Old DesignItemId=Skey New DesignItemId=Skey_LM
Change Component DesignItemId : Designator=71 Old DesignItemId=Skey New DesignItemId=Skey_LM
Change Component DesignItemId : Designator=72 Old DesignItemId=Skey New DesignItemId=Skey_LM
Change Component DesignItemId : Designator=73 Old DesignItemId=Skey New DesignItemId=Skey_LM
Change Component DesignItemId : Designator=74 Old DesignItemId=Skey New DesignItemId=Skey_LM
Change Component DesignItemId : Designator=75 Old DesignItemId=Skey New DesignItemId=Skey_LM
Change Component DesignItemId : Designator=76 Old DesignItemId=Skey New DesignItemId=Skey_LM
Change Component Comment : Designator=1 Old Comment=Skey New Comment=Skey_LM
Change Component Comment : Designator=2 Old Comment=Skey New Comment=Skey_LM
Change Component Comment : Designator=3 Old Comment=Skey New Comment=Skey_LM
Change Component Comment : Designator=4 Old Comment=Skey New Comment=Skey_LM
Change Component Comment : Designator=5 Old Comment=Skey New Comment=Skey_LM
Change Component Comment : Designator=6 Old Comment=Skey New Comment=Skey_LM
Change Component Comment : Designator=7 Old Comment=Skey New Comment=Skey_LM
Change Component Comment : Designator=8 Old Comment=Skey New Comment=Skey_LM
Change Component Comment : Designator=9 Old Comment=Skey New Comment=Skey_LM
Change Component Comment : Designator=10 Old Comment=Skey New Comment=Skey_LM
Change Component Comment : Designator=11 Old Comment=Skey New Comment=Skey_LM
Change Component Comment : Designator=12 Old Comment=Skey New Comment=Skey_LM
Change Component Comment : Designator=13 Old Comment=Skey New Comment=Skey_LM
Change Component Comment : Designator=14 Old Comment=Skey New Comment=Skey_LM
Change Component Comment : Designator=15 Old Comment=Skey New Comment=Skey_LM
Change Component Comment : Designator=16 Old Comment=Skey New Comment=Skey_LM
Change Component Comment : Designator=17 Old Comment=Skey New Comment=Skey_LM
Change Component Comment : Designator=35 Old Comment=Skey New Comment=Skey_LM
Change Component Comment : Designator=36 Old Comment=Skey New Comment=Skey_LM
Change Component Comment : Designator=37 Old Comment=Skey New Comment=Skey_LM
Change Component Comment : Designator=38 Old Comment=Skey New Comment=Skey_LM
Change Component Comment : Designator=39 Old Comment=Skey New Comment=Skey_LM
Change Component Comment : Designator=40 Old Comment=Skey New Comment=Skey_LM
Change Component Comment : Designator=41 Old Comment=Skey New Comment=Skey_LM
Change Component Comment : Designator=42 Old Comment=Skey New Comment=Skey_LM
Change Component Comment : Designator=43 Old Comment=Skey New Comment=Skey_LM
Change Component Comment : Designator=44 Old Comment=Skey New Comment=Skey_LM
Change Component Comment : Designator=45 Old Comment=Skey New Comment=Skey_LM
Change Component Comment : Designator=46 Old Comment=Skey New Comment=Skey_LM
Change Component Comment : Designator=47 Old Comment=Skey New Comment=Skey_LM
Change Component Comment : Designator=48 Old Comment=Skey New Comment=Skey_LM
Change Component Comment : Designator=49 Old Comment=Skey New Comment=Skey_LM
Change Component Comment : Designator=50 Old Comment=Skey New Comment=Skey_LM
Change Component Comment : Designator=51 Old Comment=Skey New Comment=Skey_LM
Change Component Comment : Designator=67 Old Comment=Skey New Comment=Skey_LM
Change Component Comment : Designator=68 Old Comment=Skey New Comment=Skey_LM
Change Component Comment : Designator=69 Old Comment=Skey New Comment=Skey_LM
Change Component Comment : Designator=70 Old Comment=Skey New Comment=Skey_LM
Change Component Comment : Designator=71 Old Comment=Skey New Comment=Skey_LM
Change Component Comment : Designator=72 Old Comment=Skey New Comment=Skey_LM
Change Component Comment : Designator=73 Old Comment=Skey New Comment=Skey_LM
Change Component Comment : Designator=74 Old Comment=Skey New Comment=Skey_LM
Change Component Comment : Designator=75 Old Comment=Skey New Comment=Skey_LM
Change Component Comment : Designator=76 Old Comment=Skey New Comment=Skey_LM
Change Component Description : Designator=1 Old Description=Skaytacium's keyboard's key's symbol New Description=Skey but the LED is mirrored
Change Component Description : Designator=2 Old Description=Skaytacium's keyboard's key's symbol New Description=Skey but the LED is mirrored
Change Component Description : Designator=3 Old Description=Skaytacium's keyboard's key's symbol New Description=Skey but the LED is mirrored
Change Component Description : Designator=4 Old Description=Skaytacium's keyboard's key's symbol New Description=Skey but the LED is mirrored
Change Component Description : Designator=5 Old Description=Skaytacium's keyboard's key's symbol New Description=Skey but the LED is mirrored
Change Component Description : Designator=6 Old Description=Skaytacium's keyboard's key's symbol New Description=Skey but the LED is mirrored
Change Component Description : Designator=7 Old Description=Skaytacium's keyboard's key's symbol New Description=Skey but the LED is mirrored
Change Component Description : Designator=8 Old Description=Skaytacium's keyboard's key's symbol New Description=Skey but the LED is mirrored
Change Component Description : Designator=9 Old Description=Skaytacium's keyboard's key's symbol New Description=Skey but the LED is mirrored
Change Component Description : Designator=10 Old Description=Skaytacium's keyboard's key's symbol New Description=Skey but the LED is mirrored
Change Component Description : Designator=11 Old Description=Skaytacium's keyboard's key's symbol New Description=Skey but the LED is mirrored
Change Component Description : Designator=12 Old Description=Skaytacium's keyboard's key's symbol New Description=Skey but the LED is mirrored
Change Component Description : Designator=13 Old Description=Skaytacium's keyboard's key's symbol New Description=Skey but the LED is mirrored
Change Component Description : Designator=14 Old Description=Skaytacium's keyboard's key's symbol New Description=Skey but the LED is mirrored
Change Component Description : Designator=15 Old Description=Skaytacium's keyboard's key's symbol New Description=Skey but the LED is mirrored
Change Component Description : Designator=16 Old Description=Skaytacium's keyboard's key's symbol New Description=Skey but the LED is mirrored
Change Component Description : Designator=17 Old Description=Skaytacium's keyboard's key's symbol New Description=Skey but the LED is mirrored
Change Component Description : Designator=35 Old Description=Skaytacium's keyboard's key's symbol New Description=Skey but the LED is mirrored
Change Component Description : Designator=36 Old Description=Skaytacium's keyboard's key's symbol New Description=Skey but the LED is mirrored
Change Component Description : Designator=37 Old Description=Skaytacium's keyboard's key's symbol New Description=Skey but the LED is mirrored
Change Component Description : Designator=38 Old Description=Skaytacium's keyboard's key's symbol New Description=Skey but the LED is mirrored
Change Component Description : Designator=39 Old Description=Skaytacium's keyboard's key's symbol New Description=Skey but the LED is mirrored
Change Component Description : Designator=40 Old Description=Skaytacium's keyboard's key's symbol New Description=Skey but the LED is mirrored
Change Component Description : Designator=41 Old Description=Skaytacium's keyboard's key's symbol New Description=Skey but the LED is mirrored
Change Component Description : Designator=42 Old Description=Skaytacium's keyboard's key's symbol New Description=Skey but the LED is mirrored
Change Component Description : Designator=43 Old Description=Skaytacium's keyboard's key's symbol New Description=Skey but the LED is mirrored
Change Component Description : Designator=44 Old Description=Skaytacium's keyboard's key's symbol New Description=Skey but the LED is mirrored
Change Component Description : Designator=45 Old Description=Skaytacium's keyboard's key's symbol New Description=Skey but the LED is mirrored
Change Component Description : Designator=46 Old Description=Skaytacium's keyboard's key's symbol New Description=Skey but the LED is mirrored
Change Component Description : Designator=47 Old Description=Skaytacium's keyboard's key's symbol New Description=Skey but the LED is mirrored
Change Component Description : Designator=48 Old Description=Skaytacium's keyboard's key's symbol New Description=Skey but the LED is mirrored
Change Component Description : Designator=49 Old Description=Skaytacium's keyboard's key's symbol New Description=Skey but the LED is mirrored
Change Component Description : Designator=50 Old Description=Skaytacium's keyboard's key's symbol New Description=Skey but the LED is mirrored
Change Component Description : Designator=51 Old Description=Skaytacium's keyboard's key's symbol New Description=Skey but the LED is mirrored
Change Component Description : Designator=67 Old Description=Skaytacium's keyboard's key's symbol New Description=Skey but the LED is mirrored
Change Component Description : Designator=68 Old Description=Skaytacium's keyboard's key's symbol New Description=Skey but the LED is mirrored
Change Component Description : Designator=69 Old Description=Skaytacium's keyboard's key's symbol New Description=Skey but the LED is mirrored
Change Component Description : Designator=70 Old Description=Skaytacium's keyboard's key's symbol New Description=Skey but the LED is mirrored
Change Component Description : Designator=71 Old Description=Skaytacium's keyboard's key's symbol New Description=Skey but the LED is mirrored
Change Component Description : Designator=72 Old Description=Skaytacium's keyboard's key's symbol New Description=Skey but the LED is mirrored
Change Component Description : Designator=73 Old Description=Skaytacium's keyboard's key's symbol New Description=Skey but the LED is mirrored
Change Component Description : Designator=74 Old Description=Skaytacium's keyboard's key's symbol New Description=Skey but the LED is mirrored
Change Component Description : Designator=75 Old Description=Skaytacium's keyboard's key's symbol New Description=Skey but the LED is mirrored
Change Component Description : Designator=76 Old Description=Skaytacium's keyboard's key's symbol New Description=Skey but the LED is mirrored
Added Pin To Net: NetName=GND Pin=1-1
Added Pin To Net: NetName=VCC Pin=1-3
Added Pin To Net: NetName=GND Pin=2-1
Added Pin To Net: NetName=Net1_4 Pin=2-2
Added Pin To Net: NetName=VCC Pin=2-3
Added Pin To Net: NetName=GND Pin=3-1
Added Pin To Net: NetName=VCC Pin=3-3
Added Pin To Net: NetName=GND Pin=4-1
Added Pin To Net: NetName=VCC Pin=4-3
Added Pin To Net: NetName=GND Pin=5-1
Added Pin To Net: NetName=VCC Pin=5-3
Added Pin To Net: NetName=GND Pin=6-1
Added Pin To Net: NetName=VCC Pin=6-3
Added Pin To Net: NetName=GND Pin=7-1
Added Pin To Net: NetName=VCC Pin=7-3
Added Pin To Net: NetName=GND Pin=8-1
Added Pin To Net: NetName=VCC Pin=8-3
Added Pin To Net: NetName=GND Pin=9-1
Added Pin To Net: NetName=VCC Pin=9-3
Added Pin To Net: NetName=GND Pin=10-1
Added Pin To Net: NetName=VCC Pin=10-3
Added Pin To Net: NetName=GND Pin=11-1
Added Pin To Net: NetName=VCC Pin=11-3
Added Pin To Net: NetName=GND Pin=12-1
Added Pin To Net: NetName=VCC Pin=12-3
Added Pin To Net: NetName=GND Pin=13-1
Added Pin To Net: NetName=VCC Pin=13-3
Added Pin To Net: NetName=GND Pin=14-1
Added Pin To Net: NetName=VCC Pin=14-3
Added Pin To Net: NetName=GND Pin=15-1
Added Pin To Net: NetName=VCC Pin=15-3
Added Pin To Net: NetName=GND Pin=16-1
Added Pin To Net: NetName=VCC Pin=16-3
Added Pin To Net: NetName=GND Pin=17-1
Added Pin To Net: NetName=VCC Pin=17-3
Added Pin To Net: NetName=Net1_2 Pin=18-2
Added Pin To Net: NetName=GND Pin=35-1
Added Pin To Net: NetName=VCC Pin=35-3
Added Pin To Net: NetName=GND Pin=36-1
Added Pin To Net: NetName=VCC Pin=36-3
Added Pin To Net: NetName=GND Pin=37-1
Added Pin To Net: NetName=VCC Pin=37-3
Added Pin To Net: NetName=GND Pin=38-1
Added Pin To Net: NetName=VCC Pin=38-3
Added Pin To Net: NetName=GND Pin=39-1
Added Pin To Net: NetName=VCC Pin=39-3
Added Pin To Net: NetName=GND Pin=40-1
Added Pin To Net: NetName=VCC Pin=40-3
Added Pin To Net: NetName=GND Pin=41-1
Added Pin To Net: NetName=VCC Pin=41-3
Added Pin To Net: NetName=GND Pin=42-1
Added Pin To Net: NetName=VCC Pin=42-3
Added Pin To Net: NetName=GND Pin=43-1
Added Pin To Net: NetName=VCC Pin=43-3
Added Pin To Net: NetName=GND Pin=44-1
Added Pin To Net: NetName=VCC Pin=44-3
Added Pin To Net: NetName=GND Pin=45-1
Added Pin To Net: NetName=VCC Pin=45-3
Added Pin To Net: NetName=GND Pin=46-1
Added Pin To Net: NetName=VCC Pin=46-3
Added Pin To Net: NetName=GND Pin=47-1
Added Pin To Net: NetName=VCC Pin=47-3
Added Pin To Net: NetName=GND Pin=48-1
Added Pin To Net: NetName=VCC Pin=48-3
Added Pin To Net: NetName=GND Pin=49-1
Added Pin To Net: NetName=VCC Pin=49-3
Added Pin To Net: NetName=GND Pin=50-1
Added Pin To Net: NetName=VCC Pin=50-3
Added Pin To Net: NetName=GND Pin=51-1
Added Pin To Net: NetName=VCC Pin=51-3
Added Pin To Net: NetName=Net35_2 Pin=52-2
Added Pin To Net: NetName=GND Pin=67-1
Added Pin To Net: NetName=VCC Pin=67-3
Added Pin To Net: NetName=GND Pin=68-1
Added Pin To Net: NetName=VCC Pin=68-3
Added Pin To Net: NetName=GND Pin=69-1
Added Pin To Net: NetName=VCC Pin=69-3
Added Pin To Net: NetName=GND Pin=70-1
Added Pin To Net: NetName=VCC Pin=70-3
Added Pin To Net: NetName=GND Pin=71-1
Added Pin To Net: NetName=VCC Pin=71-3
Added Pin To Net: NetName=GND Pin=72-1
Added Pin To Net: NetName=VCC Pin=72-3
Added Pin To Net: NetName=GND Pin=73-1
Added Pin To Net: NetName=VCC Pin=73-3
Added Pin To Net: NetName=GND Pin=74-1
Added Pin To Net: NetName=VCC Pin=74-3
Added Pin To Net: NetName=GND Pin=75-1
Added Pin To Net: NetName=VCC Pin=75-3
Added Pin To Net: NetName=GND Pin=76-1
Added Pin To Net: NetName=VCC Pin=76-3
Added Pin To Net: NetName=Net67_2 Pin=U1-8
Added Pin To Net: NetName=Net2_4 Pin=2-4
Added Pin To Net: NetName=Net2_4 Pin=3-2
Added Net: Name=Net2_4
Added Pin To Net: NetName=Net3_4 Pin=3-4
Added Pin To Net: NetName=Net3_4 Pin=4-2
Added Net: Name=Net3_4
Added Pin To Net: NetName=Net4_4 Pin=4-4
Added Pin To Net: NetName=Net4_4 Pin=5-2
Added Net: Name=Net4_4
Added Pin To Net: NetName=Net5_4 Pin=5-4
Added Pin To Net: NetName=Net5_4 Pin=6-2
Added Net: Name=Net5_4
Added Pin To Net: NetName=Net6_4 Pin=6-4
Added Pin To Net: NetName=Net6_4 Pin=7-2
Added Net: Name=Net6_4
Added Pin To Net: NetName=Net7_4 Pin=7-4
Added Pin To Net: NetName=Net7_4 Pin=8-2
Added Net: Name=Net7_4
Added Pin To Net: NetName=Net8_4 Pin=8-4
Added Pin To Net: NetName=Net8_4 Pin=9-2
Added Net: Name=Net8_4
Added Pin To Net: NetName=Net9_4 Pin=9-4
Added Pin To Net: NetName=Net9_4 Pin=10-2
Added Net: Name=Net9_4
Added Pin To Net: NetName=Net10_4 Pin=10-4
Added Pin To Net: NetName=Net10_4 Pin=11-2
Added Net: Name=Net10_4
Added Pin To Net: NetName=Net11_4 Pin=11-4
Added Pin To Net: NetName=Net11_4 Pin=12-2
Added Net: Name=Net11_4
Added Pin To Net: NetName=Net12_4 Pin=12-4
Added Pin To Net: NetName=Net12_4 Pin=13-2
Added Net: Name=Net12_4
Added Pin To Net: NetName=Net13_4 Pin=13-4
Added Pin To Net: NetName=Net13_4 Pin=14-2
Added Net: Name=Net13_4
Added Pin To Net: NetName=Net14_4 Pin=14-4
Added Pin To Net: NetName=Net14_4 Pin=15-2
Added Net: Name=Net14_4
Added Pin To Net: NetName=Net15_4 Pin=15-4
Added Pin To Net: NetName=Net15_4 Pin=16-2
Added Net: Name=Net15_4
Added Pin To Net: NetName=Net16_4 Pin=16-4
Added Pin To Net: NetName=Net16_4 Pin=17-2
Added Net: Name=Net16_4
Added Pin To Net: NetName=Net34_4 Pin=34-4
Added Pin To Net: NetName=Net34_4 Pin=51-4
Added Net: Name=Net34_4
Added Pin To Net: NetName=Net35_4 Pin=35-4
Added Pin To Net: NetName=Net35_4 Pin=36-2
Added Net: Name=Net35_4
Added Pin To Net: NetName=Net36_4 Pin=36-4
Added Pin To Net: NetName=Net36_4 Pin=37-2
Added Net: Name=Net36_4
Added Pin To Net: NetName=Net37_4 Pin=37-4
Added Pin To Net: NetName=Net37_4 Pin=38-2
Added Net: Name=Net37_4
Added Pin To Net: NetName=Net38_4 Pin=38-4
Added Pin To Net: NetName=Net38_4 Pin=39-2
Added Net: Name=Net38_4
Added Pin To Net: NetName=Net39_4 Pin=39-4
Added Pin To Net: NetName=Net39_4 Pin=40-2
Added Net: Name=Net39_4
Added Pin To Net: NetName=Net40_4 Pin=40-4
Added Pin To Net: NetName=Net40_4 Pin=41-2
Added Net: Name=Net40_4
Added Pin To Net: NetName=Net41_4 Pin=41-4
Added Pin To Net: NetName=Net41_4 Pin=42-2
Added Net: Name=Net41_4
Added Pin To Net: NetName=Net42_4 Pin=42-4
Added Pin To Net: NetName=Net42_4 Pin=43-2
Added Net: Name=Net42_4
Added Pin To Net: NetName=Net43_4 Pin=43-4
Added Pin To Net: NetName=Net43_4 Pin=44-2
Added Net: Name=Net43_4
Added Pin To Net: NetName=Net44_4 Pin=44-4
Added Pin To Net: NetName=Net44_4 Pin=45-2
Added Net: Name=Net44_4
Added Pin To Net: NetName=Net45_4 Pin=45-4
Added Pin To Net: NetName=Net45_4 Pin=46-2
Added Net: Name=Net45_4
Added Pin To Net: NetName=Net46_4 Pin=46-4
Added Pin To Net: NetName=Net46_4 Pin=47-2
Added Net: Name=Net46_4
Added Pin To Net: NetName=Net47_4 Pin=47-4
Added Pin To Net: NetName=Net47_4 Pin=48-2
Added Net: Name=Net47_4
Added Pin To Net: NetName=Net48_4 Pin=48-4
Added Pin To Net: NetName=Net48_4 Pin=49-2
Added Net: Name=Net48_4
Added Pin To Net: NetName=Net49_4 Pin=49-4
Added Pin To Net: NetName=Net49_4 Pin=50-2
Added Net: Name=Net49_4
Added Pin To Net: NetName=Net50_4 Pin=50-4
Added Pin To Net: NetName=Net50_4 Pin=51-2
Added Net: Name=Net50_4
Added Pin To Net: NetName=Net66_4 Pin=66-4
Added Pin To Net: NetName=Net66_4 Pin=76-4
Added Net: Name=Net66_4
Added Pin To Net: NetName=Net67_4 Pin=67-4
Added Pin To Net: NetName=Net67_4 Pin=68-2
Added Net: Name=Net67_4
Added Pin To Net: NetName=Net68_4 Pin=68-4
Added Pin To Net: NetName=Net68_4 Pin=69-2
Added Net: Name=Net68_4
Added Pin To Net: NetName=Net69_4 Pin=69-4
Added Pin To Net: NetName=Net69_4 Pin=70-2
Added Net: Name=Net69_4
Added Pin To Net: NetName=Net70_4 Pin=70-4
Added Pin To Net: NetName=Net70_4 Pin=71-2
Added Net: Name=Net70_4
Added Pin To Net: NetName=Net71_4 Pin=71-4
Added Pin To Net: NetName=Net71_4 Pin=72-2
Added Net: Name=Net71_4
Added Pin To Net: NetName=Net72_4 Pin=72-4
Added Pin To Net: NetName=Net72_4 Pin=73-2
Added Net: Name=Net72_4
Added Pin To Net: NetName=Net73_4 Pin=73-4
Added Pin To Net: NetName=Net73_4 Pin=74-2
Added Net: Name=Net73_4
Added Pin To Net: NetName=Net74_4 Pin=74-4
Added Pin To Net: NetName=Net74_4 Pin=75-2
Added Net: Name=Net74_4
Added Pin To Net: NetName=Net75_4 Pin=75-4
Added Pin To Net: NetName=Net75_4 Pin=76-2
Added Net: Name=Net75_4
Added Member To Class: ClassName=SkayboardRev2 Member=Component 8 Skey_LM
Added Room: Name=SkayboardRev2
