Added Component: Designator=1(MX_RGB_Normal)
Added Component: Designator=2(MX_RGB_Normal)
Added Component: Designator=3(MX_RGB_Normal)
Added Component: Designator=4(MX_RGB_Normal)
Added Component: Designator=5(MX_RGB_Normal)
Added Component: Designator=6(MX_RGB_Normal)
Added Component: Designator=7(MX_RGB_Normal)
Added Component: Designator=8(MX_RGB_Normal)
Added Component: Designator=9(MX_RGB_Normal)
Added Component: Designator=10(MX_RGB_Normal)
Added Component: Designator=11(MX_RGB_Normal)
Added Component: Designator=12(MX_RGB_Normal)
Added Component: Designator=13(MX_RGB_Normal)
Added Component: Designator=14(MX_RGB_Normal)
Added Component: Designator=15(MX_RGB_Normal)
Added Component: Designator=16(MX_RGB_Normal)
Added Component: Designator=17(MX_RGB_Normal)
Added Component: Designator=18(MX_RGB_Normal)
Added Component: Designator=19(MX_RGB_Normal)
Added Component: Designator=20(MX_RGB_Normal)
Added Component: Designator=21(MX_RGB_Normal)
Added Component: Designator=22(MX_RGB_Normal)
Added Component: Designator=23(MX_RGB_Normal)
Added Component: Designator=24(MX_RGB_Normal)
Added Component: Designator=25(MX_RGB_Normal)
Added Component: Designator=26(MX_RGB_Normal)
Added Component: Designator=27(MX_RGB_Normal)
Added Component: Designator=28(MX_RGB_Normal)
Added Component: Designator=29(MX_RGB_Normal)
Added Component: Designator=30(MX_RGB_Normal)
Added Component: Designator=31(MX_RGB_Normal)
Added Component: Designator=32(MX_RGB_Normal)
Added Component: Designator=33(MX_RGB_Normal)
Added Component: Designator=34(MX_RGB_Normal)
Added Component: Designator=35(MX_RGB_Normal)
Added Component: Designator=36(MX_RGB_Normal)
Added Component: Designator=37(MX_RGB_Normal)
Added Component: Designator=38(MX_RGB_Normal)
Added Component: Designator=39(MX_RGB_Normal)
Added Component: Designator=40(MX_RGB_Normal)
Added Component: Designator=41(MX_RGB_Normal)
Added Component: Designator=42(MX_RGB_Normal)
Added Component: Designator=43(MX_RGB_Normal)
Added Component: Designator=44(MX_RGB_Normal)
Added Component: Designator=45(MX_RGB_Normal)
Added Component: Designator=46(MX_RGB_Normal)
Added Component: Designator=47(MX_RGB_Normal)
Added Component: Designator=48(MX_RGB_Normal)
Added Component: Designator=49(MX_RGB_Normal)
Added Component: Designator=50(MX_RGB_Normal)
Added Component: Designator=51(MX_RGB_Normal)
Added Component: Designator=52(MX_RGB_Normal)
Added Component: Designator=53(MX_RGB_Normal)
Added Component: Designator=54(MX_RGB_Normal)
Added Component: Designator=55(MX_RGB_Normal)
Added Component: Designator=56(MX_RGB_Normal)
Added Component: Designator=57(MX_RGB_Normal)
Added Component: Designator=58(MX_RGB_Normal)
Added Component: Designator=59(MX_RGB_Normal)
Added Component: Designator=60(MX_RGB_Normal)
Added Component: Designator=61(MX_RGB_Normal)
Added Component: Designator=62(MX_RGB_Normal)
Added Component: Designator=63(MX_RGB_Normal)
Added Component: Designator=64(MX_RGB_Normal)
Added Component: Designator=65(MX_RGB_Normal)
Added Component: Designator=66(MX_RGB_Normal)
Added Component: Designator=67(MX_RGB_Normal)
Added Component: Designator=68(MX_RGB_Normal)
Added Component: Designator=69(MX_RGB_Normal)
Added Component: Designator=70(MX_RGB_Normal)
Added Component: Designator=71(MX_RGB_Normal)
Added Component: Designator=72(MX_RGB_Normal)
Added Component: Designator=73(MX_RGB_Normal)
Added Component: Designator=74(MX_RGB_Normal)
Added Component: Designator=75(MX_RGB_Normal)
Added Component: Designator=76(MX_RGB_Normal)
Added Component: Designator=C1(CAPC1050X55X23ML05T13)
Add component (AddParameter): Name = "Capacitance"; Value = "100000pF"; VariantName = "[No Variations]"
Add component (AddParameter): Name = "Case Size/Dimension"; Value = "0402"; VariantName = "[No Variations]"
Add component (AddParameter): Name = "Datasheet URL"; Value = "https://datasheet.ciiva.com/29198/458718-da-01-en-vs-kondensator-0402-29198423.pdf"; VariantName = "[No Variations]"
Add component (AddParameter): Name = "Datasheet Version"; Value = "Nov-10"; VariantName = "[No Variations]"
Add component (AddParameter): Name = "Dielectric"; Value = "X7R"; VariantName = "[No Variations]"
Add component (AddParameter): Name = "Manufacturer"; Value = "Samsung Electro-Mechanics"; VariantName = "[No Variations]"
Add component (AddParameter): Name = "Manufacturer URL"; Value = "http://www.samsungsem.com/global/index.jsp"; VariantName = "[No Variations]"
Add component (AddParameter): Name = "Rated Voltage"; Value = "16V"; VariantName = "[No Variations]"
Add component (AddParameter): Name = "Tolerance (%)"; Value = "±10%"; VariantName = "[No Variations]"
Added Component: Designator=C2(CAPC1005X55X30ML05T10)
Add component (AddParameter): Name = "Manufacturer"; Value = "Kemet"; VariantName = "[No Variations]"
Add component (AddParameter): Name = "Part Number"; Value = "C0402C470J5GACTU"; VariantName = "[No Variations]"
Added Component: Designator=C3(CAPC1005X55X30ML05T10)
Add component (AddParameter): Name = "Manufacturer"; Value = "Kemet"; VariantName = "[No Variations]"
Add component (AddParameter): Name = "Part Number"; Value = "C0402C470J5GACTU"; VariantName = "[No Variations]"
Added Component: Designator=C4(CAPC1005X56X25NL10T15)
Add component (AddParameter): Name = "Manufacturer"; Value = "AVX Interconnect / Elco"; VariantName = "[No Variations]"
Add component (AddParameter): Name = "Part Number"; Value = "04025A220JAT2A"; VariantName = "[No Variations]"
Added Component: Designator=C5(CAPC1005X56X25NL10T15)
Add component (AddParameter): Name = "Manufacturer"; Value = "AVX Interconnect / Elco"; VariantName = "[No Variations]"
Add component (AddParameter): Name = "Part Number"; Value = "04025A220JAT2A"; VariantName = "[No Variations]"
Added Component: Designator=C6(CAPC1050X55X23ML05T13)
Add component (AddParameter): Name = "Capacitance"; Value = "100000pF"; VariantName = "[No Variations]"
Add component (AddParameter): Name = "Case Size/Dimension"; Value = "0402"; VariantName = "[No Variations]"
Add component (AddParameter): Name = "Datasheet URL"; Value = "https://datasheet.ciiva.com/29198/458718-da-01-en-vs-kondensator-0402-29198423.pdf"; VariantName = "[No Variations]"
Add component (AddParameter): Name = "Datasheet Version"; Value = "Nov-10"; VariantName = "[No Variations]"
Add component (AddParameter): Name = "Dielectric"; Value = "X7R"; VariantName = "[No Variations]"
Add component (AddParameter): Name = "Manufacturer"; Value = "Samsung Electro-Mechanics"; VariantName = "[No Variations]"
Add component (AddParameter): Name = "Manufacturer URL"; Value = "http://www.samsungsem.com/global/index.jsp"; VariantName = "[No Variations]"
Add component (AddParameter): Name = "Rated Voltage"; Value = "16V"; VariantName = "[No Variations]"
Add component (AddParameter): Name = "Tolerance (%)"; Value = "±10%"; VariantName = "[No Variations]"
Added Component: Designator=C7(FP-C0402-BB-MFG)
Add component (AddParameter): Name = "Automotive"; Value = "No"; VariantName = "[No Variations]"
Add component (AddParameter): Name = "Capacitance"; Value = "0.10 µF"; VariantName = "[No Variations]"
Add component (AddParameter): Name = "Category"; Value = "Cap"; VariantName = "[No Variations]"
Add component (AddParameter): Name = "ComponentLink2Description"; Value = "Datasheet"; VariantName = "[No Variations]"
Add component (AddParameter): Name = "ComponentLink2URL"; Value = "https://content.kemet.com/datasheets/KEM_C1002_X7R_SMD.pdf"; VariantName = "[No Variations]"
Add component (AddParameter): Name = "Device Class L1"; Value = "Passive Components"; VariantName = "[No Variations]"
Add component (AddParameter): Name = "Device Class L2"; Value = "Capacitors"; VariantName = "[No Variations]"
Add component (AddParameter): Name = "Device Class L3"; Value = "Ceramic Capacitors"; VariantName = "[No Variations]"
Add component (AddParameter): Name = "Digikey Description"; Value = "CAP CER 0.1UF 10V X5R 0402"; VariantName = "[No Variations]"
Add component (AddParameter): Name = "Height"; Value = "0.55mm"; VariantName = "[No Variations]"
Add component (AddParameter): Name = "Ipc Land Pattern Name"; Value = "CAPC10050X50"; VariantName = "[No Variations]"
Add component (AddParameter): Name = "Lead Free"; Value = "Yes"; VariantName = "[No Variations]"
Add component (AddParameter): Name = "Manufacturer"; Value = "Kemet"; VariantName = "[No Variations]"
Add component (AddParameter): Name = "Manufacturer Part Number"; Value = "C0402C104K8PACTU"; VariantName = "[No Variations]"
Add component (AddParameter): Name = "Material"; Value = "Ceramic"; VariantName = "[No Variations]"
Add component (AddParameter): Name = "Mouser Description"; Value = "Capacitor 100 nF 10 VDC 0402"; VariantName = "[No Variations]"
Add component (AddParameter): Name = "Octopart"; Value = "https://octopart.com/c0402c104k8pactu-kemet-140039"; VariantName = "[No Variations]"
Add component (AddParameter): Name = "Package"; Value = "C0402-BB"; VariantName = "[No Variations]"
Add component (AddParameter): Name = "RoHS"; Value = "TRUE"; VariantName = "[No Variations]"
Add component (AddParameter): Name = "Temperature"; Value = "-55°C to +125°C"; VariantName = "[No Variations]"
Add component (AddParameter): Name = "Temperature Characteristic"; Value = "X5R"; VariantName = "[No Variations]"
Add component (AddParameter): Name = "Temperature Coefficient"; Value = "15%"; VariantName = "[No Variations]"
Add component (AddParameter): Name = "Temperature Range High"; Value = "+125°C"; VariantName = "[No Variations]"
Add component (AddParameter): Name = "Temperature Range Low"; Value = "-55°C"; VariantName = "[No Variations]"
Add component (AddParameter): Name = "Tolerance"; Value = "0.1"; VariantName = "[No Variations]"
Add component (AddParameter): Name = "Value"; Value = "0.10 µF"; VariantName = "[No Variations]"
Add component (AddParameter): Name = "Voltage Rating"; Value = "10 V"; VariantName = "[No Variations]"
Added Component: Designator=C8(FP-C0402-BB-MFG)
Add component (AddParameter): Name = "Automotive"; Value = "No"; VariantName = "[No Variations]"
Add component (AddParameter): Name = "Capacitance"; Value = "0.10 µF"; VariantName = "[No Variations]"
Add component (AddParameter): Name = "Category"; Value = "Cap"; VariantName = "[No Variations]"
Add component (AddParameter): Name = "ComponentLink2Description"; Value = "Datasheet"; VariantName = "[No Variations]"
Add component (AddParameter): Name = "ComponentLink2URL"; Value = "https://content.kemet.com/datasheets/KEM_C1002_X7R_SMD.pdf"; VariantName = "[No Variations]"
Add component (AddParameter): Name = "Device Class L1"; Value = "Passive Components"; VariantName = "[No Variations]"
Add component (AddParameter): Name = "Device Class L2"; Value = "Capacitors"; VariantName = "[No Variations]"
Add component (AddParameter): Name = "Device Class L3"; Value = "Ceramic Capacitors"; VariantName = "[No Variations]"
Add component (AddParameter): Name = "Digikey Description"; Value = "CAP CER 0.1UF 10V X5R 0402"; VariantName = "[No Variations]"
Add component (AddParameter): Name = "Height"; Value = "0.55mm"; VariantName = "[No Variations]"
Add component (AddParameter): Name = "Ipc Land Pattern Name"; Value = "CAPC10050X50"; VariantName = "[No Variations]"
Add component (AddParameter): Name = "Lead Free"; Value = "Yes"; VariantName = "[No Variations]"
Add component (AddParameter): Name = "Manufacturer"; Value = "Kemet"; VariantName = "[No Variations]"
Add component (AddParameter): Name = "Manufacturer Part Number"; Value = "C0402C104K8PACTU"; VariantName = "[No Variations]"
Add component (AddParameter): Name = "Material"; Value = "Ceramic"; VariantName = "[No Variations]"
Add component (AddParameter): Name = "Mouser Description"; Value = "Capacitor 100 nF 10 VDC 0402"; VariantName = "[No Variations]"
Add component (AddParameter): Name = "Octopart"; Value = "https://octopart.com/c0402c104k8pactu-kemet-140039"; VariantName = "[No Variations]"
Add component (AddParameter): Name = "Package"; Value = "C0402-BB"; VariantName = "[No Variations]"
Add component (AddParameter): Name = "RoHS"; Value = "TRUE"; VariantName = "[No Variations]"
Add component (AddParameter): Name = "Temperature"; Value = "-55°C to +125°C"; VariantName = "[No Variations]"
Add component (AddParameter): Name = "Temperature Characteristic"; Value = "X5R"; VariantName = "[No Variations]"
Add component (AddParameter): Name = "Temperature Coefficient"; Value = "15%"; VariantName = "[No Variations]"
Add component (AddParameter): Name = "Temperature Range High"; Value = "+125°C"; VariantName = "[No Variations]"
Add component (AddParameter): Name = "Temperature Range Low"; Value = "-55°C"; VariantName = "[No Variations]"
Add component (AddParameter): Name = "Tolerance"; Value = "0.1"; VariantName = "[No Variations]"
Add component (AddParameter): Name = "Value"; Value = "0.10 µF"; VariantName = "[No Variations]"
Add component (AddParameter): Name = "Voltage Rating"; Value = "10 V"; VariantName = "[No Variations]"
Added Component: Designator=C9(FP-C0402-BB-MFG)
Add component (AddParameter): Name = "Automotive"; Value = "No"; VariantName = "[No Variations]"
Add component (AddParameter): Name = "Capacitance"; Value = "0.10 µF"; VariantName = "[No Variations]"
Add component (AddParameter): Name = "Category"; Value = "Cap"; VariantName = "[No Variations]"
Add component (AddParameter): Name = "ComponentLink2Description"; Value = "Datasheet"; VariantName = "[No Variations]"
Add component (AddParameter): Name = "ComponentLink2URL"; Value = "https://content.kemet.com/datasheets/KEM_C1002_X7R_SMD.pdf"; VariantName = "[No Variations]"
Add component (AddParameter): Name = "Device Class L1"; Value = "Passive Components"; VariantName = "[No Variations]"
Add component (AddParameter): Name = "Device Class L2"; Value = "Capacitors"; VariantName = "[No Variations]"
Add component (AddParameter): Name = "Device Class L3"; Value = "Ceramic Capacitors"; VariantName = "[No Variations]"
Add component (AddParameter): Name = "Digikey Description"; Value = "CAP CER 0.1UF 10V X5R 0402"; VariantName = "[No Variations]"
Add component (AddParameter): Name = "Height"; Value = "0.55mm"; VariantName = "[No Variations]"
Add component (AddParameter): Name = "Ipc Land Pattern Name"; Value = "CAPC10050X50"; VariantName = "[No Variations]"
Add component (AddParameter): Name = "Lead Free"; Value = "Yes"; VariantName = "[No Variations]"
Add component (AddParameter): Name = "Manufacturer"; Value = "Kemet"; VariantName = "[No Variations]"
Add component (AddParameter): Name = "Manufacturer Part Number"; Value = "C0402C104K8PACTU"; VariantName = "[No Variations]"
Add component (AddParameter): Name = "Material"; Value = "Ceramic"; VariantName = "[No Variations]"
Add component (AddParameter): Name = "Mouser Description"; Value = "Capacitor 100 nF 10 VDC 0402"; VariantName = "[No Variations]"
Add component (AddParameter): Name = "Octopart"; Value = "https://octopart.com/c0402c104k8pactu-kemet-140039"; VariantName = "[No Variations]"
Add component (AddParameter): Name = "Package"; Value = "C0402-BB"; VariantName = "[No Variations]"
Add component (AddParameter): Name = "RoHS"; Value = "TRUE"; VariantName = "[No Variations]"
Add component (AddParameter): Name = "Temperature"; Value = "-55°C to +125°C"; VariantName = "[No Variations]"
Add component (AddParameter): Name = "Temperature Characteristic"; Value = "X5R"; VariantName = "[No Variations]"
Add component (AddParameter): Name = "Temperature Coefficient"; Value = "15%"; VariantName = "[No Variations]"
Add component (AddParameter): Name = "Temperature Range High"; Value = "+125°C"; VariantName = "[No Variations]"
Add component (AddParameter): Name = "Temperature Range Low"; Value = "-55°C"; VariantName = "[No Variations]"
Add component (AddParameter): Name = "Tolerance"; Value = "0.1"; VariantName = "[No Variations]"
Add component (AddParameter): Name = "Value"; Value = "0.10 µF"; VariantName = "[No Variations]"
Add component (AddParameter): Name = "Voltage Rating"; Value = "10 V"; VariantName = "[No Variations]"
Added Component: Designator=C10(FP-C0402-BB-MFG)
Add component (AddParameter): Name = "Automotive"; Value = "No"; VariantName = "[No Variations]"
Add component (AddParameter): Name = "Capacitance"; Value = "0.10 µF"; VariantName = "[No Variations]"
Add component (AddParameter): Name = "Category"; Value = "Cap"; VariantName = "[No Variations]"
Add component (AddParameter): Name = "ComponentLink2Description"; Value = "Datasheet"; VariantName = "[No Variations]"
Add component (AddParameter): Name = "ComponentLink2URL"; Value = "https://content.kemet.com/datasheets/KEM_C1002_X7R_SMD.pdf"; VariantName = "[No Variations]"
Add component (AddParameter): Name = "Device Class L1"; Value = "Passive Components"; VariantName = "[No Variations]"
Add component (AddParameter): Name = "Device Class L2"; Value = "Capacitors"; VariantName = "[No Variations]"
Add component (AddParameter): Name = "Device Class L3"; Value = "Ceramic Capacitors"; VariantName = "[No Variations]"
Add component (AddParameter): Name = "Digikey Description"; Value = "CAP CER 0.1UF 10V X5R 0402"; VariantName = "[No Variations]"
Add component (AddParameter): Name = "Height"; Value = "0.55mm"; VariantName = "[No Variations]"
Add component (AddParameter): Name = "Ipc Land Pattern Name"; Value = "CAPC10050X50"; VariantName = "[No Variations]"
Add component (AddParameter): Name = "Lead Free"; Value = "Yes"; VariantName = "[No Variations]"
Add component (AddParameter): Name = "Manufacturer"; Value = "Kemet"; VariantName = "[No Variations]"
Add component (AddParameter): Name = "Manufacturer Part Number"; Value = "C0402C104K8PACTU"; VariantName = "[No Variations]"
Add component (AddParameter): Name = "Material"; Value = "Ceramic"; VariantName = "[No Variations]"
Add component (AddParameter): Name = "Mouser Description"; Value = "Capacitor 100 nF 10 VDC 0402"; VariantName = "[No Variations]"
Add component (AddParameter): Name = "Octopart"; Value = "https://octopart.com/c0402c104k8pactu-kemet-140039"; VariantName = "[No Variations]"
Add component (AddParameter): Name = "Package"; Value = "C0402-BB"; VariantName = "[No Variations]"
Add component (AddParameter): Name = "RoHS"; Value = "TRUE"; VariantName = "[No Variations]"
Add component (AddParameter): Name = "Temperature"; Value = "-55°C to +125°C"; VariantName = "[No Variations]"
Add component (AddParameter): Name = "Temperature Characteristic"; Value = "X5R"; VariantName = "[No Variations]"
Add component (AddParameter): Name = "Temperature Coefficient"; Value = "15%"; VariantName = "[No Variations]"
Add component (AddParameter): Name = "Temperature Range High"; Value = "+125°C"; VariantName = "[No Variations]"
Add component (AddParameter): Name = "Temperature Range Low"; Value = "-55°C"; VariantName = "[No Variations]"
Add component (AddParameter): Name = "Tolerance"; Value = "0.1"; VariantName = "[No Variations]"
Add component (AddParameter): Name = "Value"; Value = "0.10 µF"; VariantName = "[No Variations]"
Add component (AddParameter): Name = "Voltage Rating"; Value = "10 V"; VariantName = "[No Variations]"
Added Component: Designator=C11(FP-C0402-BB-MFG)
Add component (AddParameter): Name = "Automotive"; Value = "No"; VariantName = "[No Variations]"
Add component (AddParameter): Name = "Capacitance"; Value = "0.10 µF"; VariantName = "[No Variations]"
Add component (AddParameter): Name = "Category"; Value = "Cap"; VariantName = "[No Variations]"
Add component (AddParameter): Name = "ComponentLink2Description"; Value = "Datasheet"; VariantName = "[No Variations]"
Add component (AddParameter): Name = "ComponentLink2URL"; Value = "https://content.kemet.com/datasheets/KEM_C1002_X7R_SMD.pdf"; VariantName = "[No Variations]"
Add component (AddParameter): Name = "Device Class L1"; Value = "Passive Components"; VariantName = "[No Variations]"
Add component (AddParameter): Name = "Device Class L2"; Value = "Capacitors"; VariantName = "[No Variations]"
Add component (AddParameter): Name = "Device Class L3"; Value = "Ceramic Capacitors"; VariantName = "[No Variations]"
Add component (AddParameter): Name = "Digikey Description"; Value = "CAP CER 0.1UF 10V X5R 0402"; VariantName = "[No Variations]"
Add component (AddParameter): Name = "Height"; Value = "0.55mm"; VariantName = "[No Variations]"
Add component (AddParameter): Name = "Ipc Land Pattern Name"; Value = "CAPC10050X50"; VariantName = "[No Variations]"
Add component (AddParameter): Name = "Lead Free"; Value = "Yes"; VariantName = "[No Variations]"
Add component (AddParameter): Name = "Manufacturer"; Value = "Kemet"; VariantName = "[No Variations]"
Add component (AddParameter): Name = "Manufacturer Part Number"; Value = "C0402C104K8PACTU"; VariantName = "[No Variations]"
Add component (AddParameter): Name = "Material"; Value = "Ceramic"; VariantName = "[No Variations]"
Add component (AddParameter): Name = "Mouser Description"; Value = "Capacitor 100 nF 10 VDC 0402"; VariantName = "[No Variations]"
Add component (AddParameter): Name = "Octopart"; Value = "https://octopart.com/c0402c104k8pactu-kemet-140039"; VariantName = "[No Variations]"
Add component (AddParameter): Name = "Package"; Value = "C0402-BB"; VariantName = "[No Variations]"
Add component (AddParameter): Name = "RoHS"; Value = "TRUE"; VariantName = "[No Variations]"
Add component (AddParameter): Name = "Temperature"; Value = "-55°C to +125°C"; VariantName = "[No Variations]"
Add component (AddParameter): Name = "Temperature Characteristic"; Value = "X5R"; VariantName = "[No Variations]"
Add component (AddParameter): Name = "Temperature Coefficient"; Value = "15%"; VariantName = "[No Variations]"
Add component (AddParameter): Name = "Temperature Range High"; Value = "+125°C"; VariantName = "[No Variations]"
Add component (AddParameter): Name = "Temperature Range Low"; Value = "-55°C"; VariantName = "[No Variations]"
Add component (AddParameter): Name = "Tolerance"; Value = "0.1"; VariantName = "[No Variations]"
Add component (AddParameter): Name = "Value"; Value = "0.10 µF"; VariantName = "[No Variations]"
Add component (AddParameter): Name = "Voltage Rating"; Value = "10 V"; VariantName = "[No Variations]"
Added Component: Designator=C12(FP-C0402-BB-MFG)
Add component (AddParameter): Name = "Automotive"; Value = "No"; VariantName = "[No Variations]"
Add component (AddParameter): Name = "Capacitance"; Value = "0.10 µF"; VariantName = "[No Variations]"
Add component (AddParameter): Name = "Category"; Value = "Cap"; VariantName = "[No Variations]"
Add component (AddParameter): Name = "ComponentLink2Description"; Value = "Datasheet"; VariantName = "[No Variations]"
Add component (AddParameter): Name = "ComponentLink2URL"; Value = "https://content.kemet.com/datasheets/KEM_C1002_X7R_SMD.pdf"; VariantName = "[No Variations]"
Add component (AddParameter): Name = "Device Class L1"; Value = "Passive Components"; VariantName = "[No Variations]"
Add component (AddParameter): Name = "Device Class L2"; Value = "Capacitors"; VariantName = "[No Variations]"
Add component (AddParameter): Name = "Device Class L3"; Value = "Ceramic Capacitors"; VariantName = "[No Variations]"
Add component (AddParameter): Name = "Digikey Description"; Value = "CAP CER 0.1UF 10V X5R 0402"; VariantName = "[No Variations]"
Add component (AddParameter): Name = "Height"; Value = "0.55mm"; VariantName = "[No Variations]"
Add component (AddParameter): Name = "Ipc Land Pattern Name"; Value = "CAPC10050X50"; VariantName = "[No Variations]"
Add component (AddParameter): Name = "Lead Free"; Value = "Yes"; VariantName = "[No Variations]"
Add component (AddParameter): Name = "Manufacturer"; Value = "Kemet"; VariantName = "[No Variations]"
Add component (AddParameter): Name = "Manufacturer Part Number"; Value = "C0402C104K8PACTU"; VariantName = "[No Variations]"
Add component (AddParameter): Name = "Material"; Value = "Ceramic"; VariantName = "[No Variations]"
Add component (AddParameter): Name = "Mouser Description"; Value = "Capacitor 100 nF 10 VDC 0402"; VariantName = "[No Variations]"
Add component (AddParameter): Name = "Octopart"; Value = "https://octopart.com/c0402c104k8pactu-kemet-140039"; VariantName = "[No Variations]"
Add component (AddParameter): Name = "Package"; Value = "C0402-BB"; VariantName = "[No Variations]"
Add component (AddParameter): Name = "RoHS"; Value = "TRUE"; VariantName = "[No Variations]"
Add component (AddParameter): Name = "Temperature"; Value = "-55°C to +125°C"; VariantName = "[No Variations]"
Add component (AddParameter): Name = "Temperature Characteristic"; Value = "X5R"; VariantName = "[No Variations]"
Add component (AddParameter): Name = "Temperature Coefficient"; Value = "15%"; VariantName = "[No Variations]"
Add component (AddParameter): Name = "Temperature Range High"; Value = "+125°C"; VariantName = "[No Variations]"
Add component (AddParameter): Name = "Temperature Range Low"; Value = "-55°C"; VariantName = "[No Variations]"
Add component (AddParameter): Name = "Tolerance"; Value = "0.1"; VariantName = "[No Variations]"
Add component (AddParameter): Name = "Value"; Value = "0.10 µF"; VariantName = "[No Variations]"
Add component (AddParameter): Name = "Voltage Rating"; Value = "10 V"; VariantName = "[No Variations]"
Added Component: Designator=C13(FP-C0402-BB-MFG)
Add component (AddParameter): Name = "Automotive"; Value = "No"; VariantName = "[No Variations]"
Add component (AddParameter): Name = "Capacitance"; Value = "0.10 µF"; VariantName = "[No Variations]"
Add component (AddParameter): Name = "Category"; Value = "Cap"; VariantName = "[No Variations]"
Add component (AddParameter): Name = "ComponentLink2Description"; Value = "Datasheet"; VariantName = "[No Variations]"
Add component (AddParameter): Name = "ComponentLink2URL"; Value = "https://content.kemet.com/datasheets/KEM_C1002_X7R_SMD.pdf"; VariantName = "[No Variations]"
Add component (AddParameter): Name = "Device Class L1"; Value = "Passive Components"; VariantName = "[No Variations]"
Add component (AddParameter): Name = "Device Class L2"; Value = "Capacitors"; VariantName = "[No Variations]"
Add component (AddParameter): Name = "Device Class L3"; Value = "Ceramic Capacitors"; VariantName = "[No Variations]"
Add component (AddParameter): Name = "Digikey Description"; Value = "CAP CER 0.1UF 10V X5R 0402"; VariantName = "[No Variations]"
Add component (AddParameter): Name = "Height"; Value = "0.55mm"; VariantName = "[No Variations]"
Add component (AddParameter): Name = "Ipc Land Pattern Name"; Value = "CAPC10050X50"; VariantName = "[No Variations]"
Add component (AddParameter): Name = "Lead Free"; Value = "Yes"; VariantName = "[No Variations]"
Add component (AddParameter): Name = "Manufacturer"; Value = "Kemet"; VariantName = "[No Variations]"
Add component (AddParameter): Name = "Manufacturer Part Number"; Value = "C0402C104K8PACTU"; VariantName = "[No Variations]"
Add component (AddParameter): Name = "Material"; Value = "Ceramic"; VariantName = "[No Variations]"
Add component (AddParameter): Name = "Mouser Description"; Value = "Capacitor 100 nF 10 VDC 0402"; VariantName = "[No Variations]"
Add component (AddParameter): Name = "Octopart"; Value = "https://octopart.com/c0402c104k8pactu-kemet-140039"; VariantName = "[No Variations]"
Add component (AddParameter): Name = "Package"; Value = "C0402-BB"; VariantName = "[No Variations]"
Add component (AddParameter): Name = "RoHS"; Value = "TRUE"; VariantName = "[No Variations]"
Add component (AddParameter): Name = "Temperature"; Value = "-55°C to +125°C"; VariantName = "[No Variations]"
Add component (AddParameter): Name = "Temperature Characteristic"; Value = "X5R"; VariantName = "[No Variations]"
Add component (AddParameter): Name = "Temperature Coefficient"; Value = "15%"; VariantName = "[No Variations]"
Add component (AddParameter): Name = "Temperature Range High"; Value = "+125°C"; VariantName = "[No Variations]"
Add component (AddParameter): Name = "Temperature Range Low"; Value = "-55°C"; VariantName = "[No Variations]"
Add component (AddParameter): Name = "Tolerance"; Value = "0.1"; VariantName = "[No Variations]"
Add component (AddParameter): Name = "Value"; Value = "0.10 µF"; VariantName = "[No Variations]"
Add component (AddParameter): Name = "Voltage Rating"; Value = "10 V"; VariantName = "[No Variations]"
Added Component: Designator=R3(RESC1005X40X25LL05T05)
Add component (AddParameter): Name = "Manufacturer"; Value = "Vishay Dale"; VariantName = "[No Variations]"
Add component (AddParameter): Name = "Part Number"; Value = "CRCW040222R0FKED"; VariantName = "[No Variations]"
Added Component: Designator=R4(RESC1005X40X25LL05T05)
Add component (AddParameter): Name = "Manufacturer"; Value = "Vishay Dale"; VariantName = "[No Variations]"
Add component (AddParameter): Name = "Part Number"; Value = "CRCW040222R0FKED"; VariantName = "[No Variations]"
Added Component: Designator=R5(RESC1005X40X25NL05T05)
Add component (AddParameter): Name = "Manufacturer"; Value = "Panasonic"; VariantName = "[No Variations]"
Add component (AddParameter): Name = "Part Number"; Value = "ERT-J0ER103J"; VariantName = "[No Variations]"
Added Component: Designator=SW1(BOUR-7914G-1-000E_V)
Add component (AddParameter): Name = "Actuator Color"; Value = "N/A"; VariantName = "[No Variations]"
Add component (AddParameter): Name = "Actuator Length"; Value = "1.65mm"; VariantName = "[No Variations]"
Add component (AddParameter): Name = "Actuator Style"; Value = "RoundButton"; VariantName = "[No Variations]"
Add component (AddParameter): Name = "Base Material"; Value = "Thermoplastic"; VariantName = "[No Variations]"
Add component (AddParameter): Name = "Body Orientation"; Value = "Straight"; VariantName = "[No Variations]"
Add component (AddParameter): Name = "Contact Material"; Value = "Gold"; VariantName = "[No Variations]"
Add component (AddParameter): Name = "Contact Plating"; Value = "N/A"; VariantName = "[No Variations]"
Add component (AddParameter): Name = "Contact Rating @ Voltage"; Value = "0.1A"; VariantName = "[No Variations]"
Add component (AddParameter): Name = "COO"; Value = "TW"; VariantName = "[No Variations]"
Add component (AddParameter): Name = "Datasheet URL"; Value = "http://www.bourns.com/docs/Product-Datasheets/7914.pdf"; VariantName = "[No Variations]"
Add component (AddParameter): Name = "Datasheet Version"; Value = "08/2016"; VariantName = "[No Variations]"
Add component (AddParameter): Name = "Dielectric Strength"; Value = "250VAC"; VariantName = "[No Variations]"
Add component (AddParameter): Name = "Dimension"; Value = "5x6.2x4.19mm"; VariantName = "[No Variations]"
Add component (AddParameter): Name = "ECCN"; Value = "EAR99"; VariantName = "[No Variations]"
Add component (AddParameter): Name = "Electrical Life"; Value = "N/A"; VariantName = "[No Variations]"
Add component (AddParameter): Name = "Family"; Value = "7914"; VariantName = "[No Variations]"
Add component (AddParameter): Name = "Ground Terminal"; Value = "No"; VariantName = "[No Variations]"
Add component (AddParameter): Name = "Housing Material"; Value = "N/A"; VariantName = "[No Variations]"
Add component (AddParameter): Name = "HTS"; Value = "8536509065"; VariantName = "[No Variations]"
Add component (AddParameter): Name = "Illumination Type"; Value = "N/R"; VariantName = "[No Variations]"
Add component (AddParameter): Name = "Manufacturer"; Value = "Bourns"; VariantName = "[No Variations]"
Add component (AddParameter): Name = "Manufacturer URL"; Value = "http://www.bourns.com/"; VariantName = "[No Variations]"
Add component (AddParameter): Name = "Maximum AC Voltage Rating"; Value = "16V"; VariantName = "[No Variations]"
Add component (AddParameter): Name = "Maximum Contact Resistance"; Value = "100mOhm"; VariantName = "[No Variations]"
Add component (AddParameter): Name = "Maximum DC Voltage Rating"; Value = "16V"; VariantName = "[No Variations]"
Add component (AddParameter): Name = "Mechanical Life"; Value = "100000Cycles"; VariantName = "[No Variations]"
Add component (AddParameter): Name = "Minimum Insulation Resistance"; Value = "100MOhm"; VariantName = "[No Variations]"
Add component (AddParameter): Name = "Mounting"; Value = "SurfaceMount,GullWing"; VariantName = "[No Variations]"
Add component (AddParameter): Name = "Mounting Technology"; Value = "SurfaceMount"; VariantName = "[No Variations]"
Add component (AddParameter): Name = "Operating Force"; Value = "2.94N"; VariantName = "[No Variations]"
Add component (AddParameter): Name = "Operating Temperature"; Value = "-55to125C"; VariantName = "[No Variations]"
Add component (AddParameter): Name = "Package Description"; Value = "4-Pin Surface Mount Device, Body 5 x 5 mm, Height 4.49 mm"; VariantName = "[No Variations]"
Add component (AddParameter): Name = "Package Reference"; Value = "7914G-1-000E"; VariantName = "[No Variations]"
Add component (AddParameter): Name = "Packaging"; Value = "EmbossedTapeandReel"; VariantName = "[No Variations]"
Add component (AddParameter): Name = "Part No"; Value = "7914G-1-000E"; VariantName = "[No Variations]"
Add component (AddParameter): Name = "Pole Throw Configuration"; Value = "SPST"; VariantName = "[No Variations]"
Add component (AddParameter): Name = "Product Weight"; Value = "N/A"; VariantName = "[No Variations]"
Add component (AddParameter): Name = "RoHS"; Value = "Yes"; VariantName = "[No Variations]"
Add component (AddParameter): Name = "Seal Description"; Value = "N/A"; VariantName = "[No Variations]"
Add component (AddParameter): Name = "Seal Location"; Value = "N/A"; VariantName = "[No Variations]"
Add component (AddParameter): Name = "Supplier"; Value = "Bourns"; VariantName = "[No Variations]"
Add component (AddParameter): Name = "Switch Configuration"; Value = "N.O."; VariantName = "[No Variations]"
Add component (AddParameter): Name = "Type"; Value = "KeySwitch"; VariantName = "[No Variations]"
Added Component: Designator=U1(44ML_M)
Add component (AddParameter): Name = "ComponentLink1Description"; Value = "Manufacturer URL"; VariantName = "[No Variations]"
Add component (AddParameter): Name = "ComponentLink1URL"; Value = "http://www.atmel.com/"; VariantName = "[No Variations]"
Add component (AddParameter): Name = "ComponentLink2Description"; Value = "ATmega16U4/32U4 Datasheet"; VariantName = "[No Variations]"
Add component (AddParameter): Name = "ComponentLink2URL"; Value = "http://www.atmel.com/dyn/resources/prod_documents/doc7766.pdf"; VariantName = "[No Variations]"
Add component (AddParameter): Name = "ComponentLink3Description"; Value = "ATmega16U4 ATmega32U4 Summary"; VariantName = "[No Variations]"
Add component (AddParameter): Name = "ComponentLink3URL"; Value = "http://www.atmel.com/dyn/resources/prod_documents/7766S.pdf"; VariantName = "[No Variations]"
Add component (AddParameter): Name = "DatasheetVersion"; Value = "revF, Nov-2010"; VariantName = "[No Variations]"
Add component (AddParameter): Name = "PackageDescription"; Value = "44-Pin Plastic Thin Quad Flat Pack, 10 x 10 x 1.0 mm Body, 0.8 mm Pitch (TQFP)"; VariantName = "[No Variations]"
Add component (AddParameter): Name = "PackageReference"; Value = "44ML"; VariantName = "[No Variations]"
Add component (AddParameter): Name = "PackageVersion"; Value = "rev.G, Jul-2007"; VariantName = "[No Variations]"
Add component (AddParameter): Name = "RevisionNote"; Value = "DatasheetVersion updated. URLs added."; VariantName = "[No Variations]"
Added Component: Designator=X1(ABRA-ABLS-14.7456MHZ-B2-T_V)
Add component (AddParameter): Name = "Brand"; Value = "ABRACON"; VariantName = "[No Variations]"
Add component (AddParameter): Name = "Case Height"; Value = "4.2mm"; VariantName = "[No Variations]"
Add component (AddParameter): Name = "Case Length"; Value = "11.4mm"; VariantName = "[No Variations]"
Add component (AddParameter): Name = "Case Width"; Value = "4.7mm"; VariantName = "[No Variations]"
Add component (AddParameter): Name = "Datasheet URL"; Value = "http://www.abracon.com/Resonators/abls.pdf"; VariantName = "[No Variations]"
Add component (AddParameter): Name = "Datasheet Version"; Value = "04/2011"; VariantName = "[No Variations]"
Add component (AddParameter): Name = "Dimensions"; Value = "4.7mmWx11.4mmLx4.2mmH"; VariantName = "[No Variations]"
Add component (AddParameter): Name = "ESR"; Value = "80Ohms"; VariantName = "[No Variations]"
Add component (AddParameter): Name = "Factory Pack Quantity"; Value = "1000"; VariantName = "[No Variations]"
Add component (AddParameter): Name = "Frequency"; Value = "8MHz"; VariantName = "[No Variations]"
Add component (AddParameter): Name = "Frequency Stability"; Value = "50PPM"; VariantName = "[No Variations]"
Add component (AddParameter): Name = "Load Capacitance"; Value = "18pF"; VariantName = "[No Variations]"
Add component (AddParameter): Name = "Manufacturer"; Value = "ABRACON"; VariantName = "[No Variations]"
Add component (AddParameter): Name = "Manufacturer URL"; Value = "http://www.abracon.com/"; VariantName = "[No Variations]"
Add component (AddParameter): Name = "Mounting Style"; Value = "SMD/SMT"; VariantName = "[No Variations]"
Add component (AddParameter): Name = "Mounting Technology"; Value = "SurfaceMount"; VariantName = "[No Variations]"
Add component (AddParameter): Name = "Operating Temperature Range"; Value = "-20Cto+70C"; VariantName = "[No Variations]"
Add component (AddParameter): Name = "Package / Case"; Value = "HC-49/US"; VariantName = "[No Variations]"
Add component (AddParameter): Name = "Package Description"; Value = "2-Pin Surface Mount Device, Body 11.4 x 4.7 mm"; VariantName = "[No Variations]"
Add component (AddParameter): Name = "Package Reference"; Value = "ABLS-14.7456MHZ-B2-T"; VariantName = "[No Variations]"
Add component (AddParameter): Name = "Package URL"; Value = "http://www.abracon.com/Support/PackageDrawing/Resonators/ABLS-2D.pdf"; VariantName = "[No Variations]"
Add component (AddParameter): Name = "Packaging"; Value = "Reel"; VariantName = "[No Variations]"
Add component (AddParameter): Name = "Product Category"; Value = "Crystals"; VariantName = "[No Variations]"
Add component (AddParameter): Name = "RoHS"; Value = "Details"; VariantName = "[No Variations]"
Add component (AddParameter): Name = "Series"; Value = "ABLS"; VariantName = "[No Variations]"
Add component (AddParameter): Name = "Termination Style"; Value = "SMD/SMT"; VariantName = "[No Variations]"
Add component (AddParameter): Name = "Tolerance"; Value = "30PPM"; VariantName = "[No Variations]"
Add component (AddParameter): Name = "Type"; Value = "LowProfileMicroprocessorCrystal"; VariantName = "[No Variations]"
Added Pin To Net: NetName=GND Pin=1-1
Added Pin To Net: NetName=VCC Pin=1-3
Added Pin To Net: NetName=Net1_5 Pin=1-5
Added Pin To Net: NetName=Net1_6 Pin=1-6
Added Pin To Net: NetName=GND Pin=2-1
Added Pin To Net: NetName=VCC Pin=2-3
Added Pin To Net: NetName=Net2_5 Pin=2-5
Added Pin To Net: NetName=Net1_6 Pin=2-6
Added Pin To Net: NetName=GND Pin=3-1
Added Pin To Net: NetName=VCC Pin=3-3
Added Pin To Net: NetName=Net3_5 Pin=3-5
Added Pin To Net: NetName=Net1_6 Pin=3-6
Added Pin To Net: NetName=GND Pin=4-1
Added Pin To Net: NetName=VCC Pin=4-3
Added Pin To Net: NetName=Net4_5 Pin=4-5
Added Pin To Net: NetName=Net1_6 Pin=4-6
Added Pin To Net: NetName=GND Pin=5-1
Added Pin To Net: NetName=VCC Pin=5-3
Added Pin To Net: NetName=Net5_5 Pin=5-5
Added Pin To Net: NetName=Net1_6 Pin=5-6
Added Pin To Net: NetName=GND Pin=6-1
Added Pin To Net: NetName=VCC Pin=6-3
Added Pin To Net: NetName=Net6_5 Pin=6-5
Added Pin To Net: NetName=Net1_6 Pin=6-6
Added Pin To Net: NetName=GND Pin=7-1
Added Pin To Net: NetName=VCC Pin=7-3
Added Pin To Net: NetName=Net7_5 Pin=7-5
Added Pin To Net: NetName=Net1_6 Pin=7-6
Added Pin To Net: NetName=GND Pin=8-1
Added Pin To Net: NetName=VCC Pin=8-3
Added Pin To Net: NetName=Net8_5 Pin=8-5
Added Pin To Net: NetName=Net1_6 Pin=8-6
Added Pin To Net: NetName=GND Pin=9-1
Added Pin To Net: NetName=VCC Pin=9-3
Added Pin To Net: NetName=Net9_5 Pin=9-5
Added Pin To Net: NetName=Net1_6 Pin=9-6
Added Pin To Net: NetName=GND Pin=10-1
Added Pin To Net: NetName=VCC Pin=10-3
Added Pin To Net: NetName=Net10_5 Pin=10-5
Added Pin To Net: NetName=Net1_6 Pin=10-6
Added Pin To Net: NetName=GND Pin=11-1
Added Pin To Net: NetName=VCC Pin=11-3
Added Pin To Net: NetName=Net11_5 Pin=11-5
Added Pin To Net: NetName=Net1_6 Pin=11-6
Added Pin To Net: NetName=GND Pin=12-1
Added Pin To Net: NetName=VCC Pin=12-3
Added Pin To Net: NetName=Net12_5 Pin=12-5
Added Pin To Net: NetName=Net1_6 Pin=12-6
Added Pin To Net: NetName=GND Pin=13-1
Added Pin To Net: NetName=VCC Pin=13-3
Added Pin To Net: NetName=Net13_5 Pin=13-5
Added Pin To Net: NetName=Net1_6 Pin=13-6
Added Pin To Net: NetName=GND Pin=14-1
Added Pin To Net: NetName=VCC Pin=14-3
Added Pin To Net: NetName=Net14_5 Pin=14-5
Added Pin To Net: NetName=Net1_6 Pin=14-6
Added Pin To Net: NetName=GND Pin=15-1
Added Pin To Net: NetName=VCC Pin=15-3
Added Pin To Net: NetName=Net15_5 Pin=15-5
Added Pin To Net: NetName=Net1_6 Pin=15-6
Added Pin To Net: NetName=GND Pin=16-1
Added Pin To Net: NetName=VCC Pin=16-3
Added Pin To Net: NetName=Net16_5 Pin=16-5
Added Pin To Net: NetName=Net1_6 Pin=16-6
Added Pin To Net: NetName=GND Pin=17-1
Added Pin To Net: NetName=VCC Pin=17-3
Added Pin To Net: NetName=Net17_5 Pin=17-5
Added Pin To Net: NetName=Net1_6 Pin=17-6
Added Pin To Net: NetName=VCC Pin=18-1
Added Pin To Net: NetName=GND Pin=18-3
Added Pin To Net: NetName=Net1_5 Pin=18-5
Added Pin To Net: NetName=Net18_6 Pin=18-6
Added Pin To Net: NetName=VCC Pin=19-1
Added Pin To Net: NetName=GND Pin=19-3
Added Pin To Net: NetName=Net2_5 Pin=19-5
Added Pin To Net: NetName=Net18_6 Pin=19-6
Added Pin To Net: NetName=VCC Pin=20-1
Added Pin To Net: NetName=GND Pin=20-3
Added Pin To Net: NetName=Net3_5 Pin=20-5
Added Pin To Net: NetName=Net18_6 Pin=20-6
Added Pin To Net: NetName=VCC Pin=21-1
Added Pin To Net: NetName=GND Pin=21-3
Added Pin To Net: NetName=Net4_5 Pin=21-5
Added Pin To Net: NetName=Net18_6 Pin=21-6
Added Pin To Net: NetName=VCC Pin=22-1
Added Pin To Net: NetName=GND Pin=22-3
Added Pin To Net: NetName=Net5_5 Pin=22-5
Added Pin To Net: NetName=Net18_6 Pin=22-6
Added Pin To Net: NetName=VCC Pin=23-1
Added Pin To Net: NetName=GND Pin=23-3
Added Pin To Net: NetName=Net6_5 Pin=23-5
Added Pin To Net: NetName=Net18_6 Pin=23-6
Added Pin To Net: NetName=VCC Pin=24-1
Added Pin To Net: NetName=GND Pin=24-3
Added Pin To Net: NetName=Net7_5 Pin=24-5
Added Pin To Net: NetName=Net18_6 Pin=24-6
Added Pin To Net: NetName=VCC Pin=25-1
Added Pin To Net: NetName=GND Pin=25-3
Added Pin To Net: NetName=Net8_5 Pin=25-5
Added Pin To Net: NetName=Net18_6 Pin=25-6
Added Pin To Net: NetName=VCC Pin=26-1
Added Pin To Net: NetName=GND Pin=26-3
Added Pin To Net: NetName=Net9_5 Pin=26-5
Added Pin To Net: NetName=Net18_6 Pin=26-6
Added Pin To Net: NetName=VCC Pin=27-1
Added Pin To Net: NetName=GND Pin=27-3
Added Pin To Net: NetName=Net10_5 Pin=27-5
Added Pin To Net: NetName=Net18_6 Pin=27-6
Added Pin To Net: NetName=VCC Pin=28-1
Added Pin To Net: NetName=GND Pin=28-3
Added Pin To Net: NetName=Net11_5 Pin=28-5
Added Pin To Net: NetName=Net18_6 Pin=28-6
Added Pin To Net: NetName=VCC Pin=29-1
Added Pin To Net: NetName=GND Pin=29-3
Added Pin To Net: NetName=Net12_5 Pin=29-5
Added Pin To Net: NetName=Net18_6 Pin=29-6
Added Pin To Net: NetName=VCC Pin=30-1
Added Pin To Net: NetName=GND Pin=30-3
Added Pin To Net: NetName=Net13_5 Pin=30-5
Added Pin To Net: NetName=Net18_6 Pin=30-6
Added Pin To Net: NetName=VCC Pin=31-1
Added Pin To Net: NetName=GND Pin=31-3
Added Pin To Net: NetName=Net14_5 Pin=31-5
Added Pin To Net: NetName=Net18_6 Pin=31-6
Added Pin To Net: NetName=VCC Pin=32-1
Added Pin To Net: NetName=GND Pin=32-3
Added Pin To Net: NetName=Net15_5 Pin=32-5
Added Pin To Net: NetName=Net18_6 Pin=32-6
Added Pin To Net: NetName=VCC Pin=33-1
Added Pin To Net: NetName=GND Pin=33-3
Added Pin To Net: NetName=Net16_5 Pin=33-5
Added Pin To Net: NetName=Net18_6 Pin=33-6
Added Pin To Net: NetName=VCC Pin=34-1
Added Pin To Net: NetName=GND Pin=34-3
Added Pin To Net: NetName=Net17_5 Pin=34-5
Added Pin To Net: NetName=Net18_6 Pin=34-6
Added Pin To Net: NetName=GND Pin=35-1
Added Pin To Net: NetName=VCC Pin=35-3
Added Pin To Net: NetName=Net1_5 Pin=35-5
Added Pin To Net: NetName=Net35_6 Pin=35-6
Added Pin To Net: NetName=GND Pin=36-1
Added Pin To Net: NetName=VCC Pin=36-3
Added Pin To Net: NetName=Net2_5 Pin=36-5
Added Pin To Net: NetName=Net35_6 Pin=36-6
Added Pin To Net: NetName=GND Pin=37-1
Added Pin To Net: NetName=VCC Pin=37-3
Added Pin To Net: NetName=Net3_5 Pin=37-5
Added Pin To Net: NetName=Net35_6 Pin=37-6
Added Pin To Net: NetName=GND Pin=38-1
Added Pin To Net: NetName=VCC Pin=38-3
Added Pin To Net: NetName=Net4_5 Pin=38-5
Added Pin To Net: NetName=Net35_6 Pin=38-6
Added Pin To Net: NetName=GND Pin=39-1
Added Pin To Net: NetName=VCC Pin=39-3
Added Pin To Net: NetName=Net5_5 Pin=39-5
Added Pin To Net: NetName=Net35_6 Pin=39-6
Added Pin To Net: NetName=GND Pin=40-1
Added Pin To Net: NetName=VCC Pin=40-3
Added Pin To Net: NetName=Net6_5 Pin=40-5
Added Pin To Net: NetName=Net35_6 Pin=40-6
Added Pin To Net: NetName=GND Pin=41-1
Added Pin To Net: NetName=VCC Pin=41-3
Added Pin To Net: NetName=Net7_5 Pin=41-5
Added Pin To Net: NetName=Net35_6 Pin=41-6
Added Pin To Net: NetName=GND Pin=42-1
Added Pin To Net: NetName=VCC Pin=42-3
Added Pin To Net: NetName=Net8_5 Pin=42-5
Added Pin To Net: NetName=Net35_6 Pin=42-6
Added Pin To Net: NetName=GND Pin=43-1
Added Pin To Net: NetName=VCC Pin=43-3
Added Pin To Net: NetName=Net9_5 Pin=43-5
Added Pin To Net: NetName=Net35_6 Pin=43-6
Added Pin To Net: NetName=GND Pin=44-1
Added Pin To Net: NetName=VCC Pin=44-3
Added Pin To Net: NetName=Net10_5 Pin=44-5
Added Pin To Net: NetName=Net35_6 Pin=44-6
Added Pin To Net: NetName=GND Pin=45-1
Added Pin To Net: NetName=VCC Pin=45-3
Added Pin To Net: NetName=Net11_5 Pin=45-5
Added Pin To Net: NetName=Net35_6 Pin=45-6
Added Pin To Net: NetName=GND Pin=46-1
Added Pin To Net: NetName=VCC Pin=46-3
Added Pin To Net: NetName=Net12_5 Pin=46-5
Added Pin To Net: NetName=Net35_6 Pin=46-6
Added Pin To Net: NetName=GND Pin=47-1
Added Pin To Net: NetName=VCC Pin=47-3
Added Pin To Net: NetName=Net13_5 Pin=47-5
Added Pin To Net: NetName=Net35_6 Pin=47-6
Added Pin To Net: NetName=GND Pin=48-1
Added Pin To Net: NetName=VCC Pin=48-3
Added Pin To Net: NetName=Net14_5 Pin=48-5
Added Pin To Net: NetName=Net48_6 Pin=48-6
Added Pin To Net: NetName=GND Pin=49-1
Added Pin To Net: NetName=VCC Pin=49-3
Added Pin To Net: NetName=Net15_5 Pin=49-5
Added Pin To Net: NetName=Net35_6 Pin=49-6
Added Pin To Net: NetName=GND Pin=50-1
Added Pin To Net: NetName=VCC Pin=50-3
Added Pin To Net: NetName=Net16_5 Pin=50-5
Added Pin To Net: NetName=Net35_6 Pin=50-6
Added Pin To Net: NetName=GND Pin=51-1
Added Pin To Net: NetName=VCC Pin=51-3
Added Pin To Net: NetName=Net17_5 Pin=51-5
Added Pin To Net: NetName=Net35_6 Pin=51-6
Added Pin To Net: NetName=VCC Pin=52-1
Added Pin To Net: NetName=GND Pin=52-3
Added Pin To Net: NetName=Net1_5 Pin=52-5
Added Pin To Net: NetName=Net52_6 Pin=52-6
Added Pin To Net: NetName=VCC Pin=53-1
Added Pin To Net: NetName=GND Pin=53-3
Added Pin To Net: NetName=Net2_5 Pin=53-5
Added Pin To Net: NetName=Net52_6 Pin=53-6
Added Pin To Net: NetName=VCC Pin=54-1
Added Pin To Net: NetName=GND Pin=54-3
Added Pin To Net: NetName=Net3_5 Pin=54-5
Added Pin To Net: NetName=Net52_6 Pin=54-6
Added Pin To Net: NetName=VCC Pin=55-1
Added Pin To Net: NetName=GND Pin=55-3
Added Pin To Net: NetName=Net4_5 Pin=55-5
Added Pin To Net: NetName=Net52_6 Pin=55-6
Added Pin To Net: NetName=VCC Pin=56-1
Added Pin To Net: NetName=GND Pin=56-3
Added Pin To Net: NetName=Net5_5 Pin=56-5
Added Pin To Net: NetName=Net52_6 Pin=56-6
Added Pin To Net: NetName=VCC Pin=57-1
Added Pin To Net: NetName=GND Pin=57-3
Added Pin To Net: NetName=Net6_5 Pin=57-5
Added Pin To Net: NetName=Net52_6 Pin=57-6
Added Pin To Net: NetName=VCC Pin=58-1
Added Pin To Net: NetName=GND Pin=58-3
Added Pin To Net: NetName=Net7_5 Pin=58-5
Added Pin To Net: NetName=Net52_6 Pin=58-6
Added Pin To Net: NetName=VCC Pin=59-1
Added Pin To Net: NetName=GND Pin=59-3
Added Pin To Net: NetName=Net8_5 Pin=59-5
Added Pin To Net: NetName=Net52_6 Pin=59-6
Added Pin To Net: NetName=VCC Pin=60-1
Added Pin To Net: NetName=GND Pin=60-3
Added Pin To Net: NetName=Net9_5 Pin=60-5
Added Pin To Net: NetName=Net52_6 Pin=60-6
Added Pin To Net: NetName=VCC Pin=61-1
Added Pin To Net: NetName=GND Pin=61-3
Added Pin To Net: NetName=Net10_5 Pin=61-5
Added Pin To Net: NetName=Net52_6 Pin=61-6
Added Pin To Net: NetName=VCC Pin=62-1
Added Pin To Net: NetName=GND Pin=62-3
Added Pin To Net: NetName=Net11_5 Pin=62-5
Added Pin To Net: NetName=Net52_6 Pin=62-6
Added Pin To Net: NetName=VCC Pin=63-1
Added Pin To Net: NetName=GND Pin=63-3
Added Pin To Net: NetName=Net12_5 Pin=63-5
Added Pin To Net: NetName=Net52_6 Pin=63-6
Added Pin To Net: NetName=VCC Pin=64-1
Added Pin To Net: NetName=GND Pin=64-3
Added Pin To Net: NetName=Net15_5 Pin=64-5
Added Pin To Net: NetName=Net52_6 Pin=64-6
Added Pin To Net: NetName=VCC Pin=65-1
Added Pin To Net: NetName=GND Pin=65-3
Added Pin To Net: NetName=Net16_5 Pin=65-5
Added Pin To Net: NetName=Net52_6 Pin=65-6
Added Pin To Net: NetName=VCC Pin=66-1
Added Pin To Net: NetName=GND Pin=66-3
Added Pin To Net: NetName=Net17_5 Pin=66-5
Added Pin To Net: NetName=Net52_6 Pin=66-6
Added Pin To Net: NetName=GND Pin=67-1
Added Pin To Net: NetName=Net67_2 Pin=67-2
Added Pin To Net: NetName=VCC Pin=67-3
Added Pin To Net: NetName=Net1_5 Pin=67-5
Added Pin To Net: NetName=Net48_6 Pin=67-6
Added Pin To Net: NetName=GND Pin=68-1
Added Pin To Net: NetName=VCC Pin=68-3
Added Pin To Net: NetName=Net2_5 Pin=68-5
Added Pin To Net: NetName=Net48_6 Pin=68-6
Added Pin To Net: NetName=GND Pin=69-1
Added Pin To Net: NetName=VCC Pin=69-3
Added Pin To Net: NetName=Net3_5 Pin=69-5
Added Pin To Net: NetName=Net48_6 Pin=69-6
Added Pin To Net: NetName=GND Pin=70-1
Added Pin To Net: NetName=VCC Pin=70-3
Added Pin To Net: NetName=Net6_5 Pin=70-5
Added Pin To Net: NetName=Net48_6 Pin=70-6
Added Pin To Net: NetName=GND Pin=71-1
Added Pin To Net: NetName=VCC Pin=71-3
Added Pin To Net: NetName=Net10_5 Pin=71-5
Added Pin To Net: NetName=Net48_6 Pin=71-6
Added Pin To Net: NetName=GND Pin=72-1
Added Pin To Net: NetName=VCC Pin=72-3
Added Pin To Net: NetName=Net11_5 Pin=72-5
Added Pin To Net: NetName=Net48_6 Pin=72-6
Added Pin To Net: NetName=GND Pin=73-1
Added Pin To Net: NetName=VCC Pin=73-3
Added Pin To Net: NetName=Net12_5 Pin=73-5
Added Pin To Net: NetName=Net48_6 Pin=73-6
Added Pin To Net: NetName=GND Pin=74-1
Added Pin To Net: NetName=VCC Pin=74-3
Added Pin To Net: NetName=Net15_5 Pin=74-5
Added Pin To Net: NetName=Net48_6 Pin=74-6
Added Pin To Net: NetName=GND Pin=75-1
Added Pin To Net: NetName=VCC Pin=75-3
Added Pin To Net: NetName=Net16_5 Pin=75-5
Added Pin To Net: NetName=Net48_6 Pin=75-6
Added Pin To Net: NetName=GND Pin=76-1
Added Pin To Net: NetName=VCC Pin=76-3
Added Pin To Net: NetName=Net17_5 Pin=76-5
Added Pin To Net: NetName=Net48_6 Pin=76-6
Added Pin To Net: NetName=GND Pin=C1-1
Added Pin To Net: NetName=GND Pin=C2-2
Added Pin To Net: NetName=GND Pin=C3-1
Added Pin To Net: NetName=GND Pin=C4-1
Added Pin To Net: NetName=GND Pin=C5-1
Added Pin To Net: NetName=NetC6_1 Pin=C6-1
Added Pin To Net: NetName=GND Pin=C6-2
Added Pin To Net: NetName=+5 Pin=C7-1
Added Pin To Net: NetName=GND Pin=C7-2
Added Pin To Net: NetName=+5 Pin=C8-1
Added Pin To Net: NetName=GND Pin=C8-2
Added Pin To Net: NetName=+5 Pin=C9-1
Added Pin To Net: NetName=GND Pin=C9-2
Added Pin To Net: NetName=+5 Pin=C10-1
Added Pin To Net: NetName=GND Pin=C10-2
Added Pin To Net: NetName=+5 Pin=C11-1
Added Pin To Net: NetName=GND Pin=C11-2
Added Pin To Net: NetName=+5 Pin=C12-1
Added Pin To Net: NetName=GND Pin=C12-2
Added Pin To Net: NetName=+5 Pin=C13-1
Added Pin To Net: NetName=GND Pin=C13-2
Added Pin To Net: NetName=NetR3_2 Pin=R3-2
Added Pin To Net: NetName=NetR4_2 Pin=R4-2
Added Pin To Net: NetName=+5 Pin=R5-1
Added Pin To Net: NetName=NetC6_1 Pin=R5-2
Added Pin To Net: NetName=NetC6_1 Pin=SW1-1
Added Pin To Net: NetName=GND Pin=SW1-2
Added Pin To Net: NetName=GND Pin=SW1-3
Added Pin To Net: NetName=NetC6_1 Pin=SW1-4
Added Pin To Net: NetName=Net7_5 Pin=U1-1
Added Pin To Net: NetName=+5 Pin=U1-2
Added Pin To Net: NetName=GND Pin=U1-5
Added Pin To Net: NetName=+5 Pin=U1-6
Added Pin To Net: NetName=+5 Pin=U1-7
Added Pin To Net: NetName=Net67_2 Pin=U1-8
Added Pin To Net: NetName=Net18_6 Pin=U1-9
Added Pin To Net: NetName=Net35_6 Pin=U1-10
Added Pin To Net: NetName=Net52_6 Pin=U1-11
Added Pin To Net: NetName=Net3_5 Pin=U1-12
Added Pin To Net: NetName=NetC6_1 Pin=U1-13
Added Pin To Net: NetName=+5 Pin=U1-14
Added Pin To Net: NetName=GND Pin=U1-15
Added Pin To Net: NetName=Net12_5 Pin=U1-18
Added Pin To Net: NetName=Net13_5 Pin=U1-19
Added Pin To Net: NetName=Net14_5 Pin=U1-20
Added Pin To Net: NetName=Net15_5 Pin=U1-21
Added Pin To Net: NetName=Net17_5 Pin=U1-22
Added Pin To Net: NetName=GND Pin=U1-23
Added Pin To Net: NetName=+5 Pin=U1-24
Added Pin To Net: NetName=Net16_5 Pin=U1-25
Added Pin To Net: NetName=Net1_6 Pin=U1-27
Added Pin To Net: NetName=Net48_6 Pin=U1-28
Added Pin To Net: NetName=Net1_5 Pin=U1-29
Added Pin To Net: NetName=Net2_5 Pin=U1-30
Added Pin To Net: NetName=Net4_5 Pin=U1-31
Added Pin To Net: NetName=Net5_5 Pin=U1-32
Added Pin To Net: NetName=Net6_5 Pin=U1-33
Added Pin To Net: NetName=+5 Pin=U1-34
Added Pin To Net: NetName=GND Pin=U1-35
Added Pin To Net: NetName=Net8_5 Pin=U1-36
Added Pin To Net: NetName=Net9_5 Pin=U1-37
Added Pin To Net: NetName=Net10_5 Pin=U1-38
Added Pin To Net: NetName=Net11_5 Pin=U1-39
Added Pin To Net: NetName=GND Pin=U1-43
Added Pin To Net: NetName=+5 Pin=U1-44
Added Class: Name=SkayboardRev3
Added Room: Name=SkayboardRev2
Added Room: Name=SkayboardRev3
