Change Physical Footprint: Designator=1 Old Footprint=MX_RGB_Normal New Footprint=MX_RGB_Normal
Change Physical Footprint: Designator=2 Old Footprint=MX_RGB_Normal New Footprint=MX_RGB_Normal
Change Physical Footprint: Designator=3 Old Footprint=MX_RGB_Normal New Footprint=MX_RGB_Normal
Change Physical Footprint: Designator=4 Old Footprint=MX_RGB_Normal New Footprint=MX_RGB_Normal
Change Physical Footprint: Designator=5 Old Footprint=MX_RGB_Normal New Footprint=MX_RGB_Normal
Change Physical Footprint: Designator=6 Old Footprint=MX_RGB_Normal New Footprint=MX_RGB_Normal
Change Physical Footprint: Designator=7 Old Footprint=MX_RGB_Normal New Footprint=MX_RGB_Normal
Change Physical Footprint: Designator=8 Old Footprint=MX_RGB_Normal New Footprint=MX_RGB_Normal
Change Physical Footprint: Designator=9 Old Footprint=MX_RGB_Normal New Footprint=MX_RGB_Normal
Change Physical Footprint: Designator=10 Old Footprint=MX_RGB_Normal New Footprint=MX_RGB_Normal
Change Physical Footprint: Designator=11 Old Footprint=MX_RGB_Normal New Footprint=MX_RGB_Normal
Change Physical Footprint: Designator=12 Old Footprint=MX_RGB_Normal New Footprint=MX_RGB_Normal
Change Physical Footprint: Designator=13 Old Footprint=MX_RGB_Normal New Footprint=MX_RGB_Normal
Change Physical Footprint: Designator=14 Old Footprint=MX_RGB_Normal New Footprint=MX_RGB_Normal
Change Physical Footprint: Designator=15 Old Footprint=MX_RGB_Normal New Footprint=MX_RGB_Normal
Change Physical Footprint: Designator=16 Old Footprint=MX_RGB_Normal New Footprint=MX_RGB_Normal
Change Physical Footprint: Designator=17 Old Footprint=MX_RGB_Normal New Footprint=MX_RGB_Normal
Change Physical Footprint: Designator=18 Old Footprint=MX_RGB_Normal New Footprint=MX_RGB_Normal
Change Physical Footprint: Designator=19 Old Footprint=MX_RGB_Normal New Footprint=MX_RGB_Normal
Change Physical Footprint: Designator=20 Old Footprint=MX_RGB_Normal New Footprint=MX_RGB_Normal
Change Physical Footprint: Designator=21 Old Footprint=MX_RGB_Normal New Footprint=MX_RGB_Normal
Change Physical Footprint: Designator=22 Old Footprint=MX_RGB_Normal New Footprint=MX_RGB_Normal
Change Physical Footprint: Designator=23 Old Footprint=MX_RGB_Normal New Footprint=MX_RGB_Normal
Change Physical Footprint: Designator=24 Old Footprint=MX_RGB_Normal New Footprint=MX_RGB_Normal
Change Physical Footprint: Designator=25 Old Footprint=MX_RGB_Normal New Footprint=MX_RGB_Normal
Change Physical Footprint: Designator=26 Old Footprint=MX_RGB_Normal New Footprint=MX_RGB_Normal
Change Physical Footprint: Designator=27 Old Footprint=MX_RGB_Normal New Footprint=MX_RGB_Normal
Change Physical Footprint: Designator=28 Old Footprint=MX_RGB_Normal New Footprint=MX_RGB_Normal
Change Physical Footprint: Designator=29 Old Footprint=MX_RGB_Normal New Footprint=MX_RGB_Normal
Change Physical Footprint: Designator=30 Old Footprint=MX_RGB_Normal New Footprint=MX_RGB_Normal
Change Physical Footprint: Designator=31 Old Footprint=MX_RGB_Normal New Footprint=MX_RGB_Normal
Change Physical Footprint: Designator=32 Old Footprint=MX_RGB_Normal New Footprint=MX_RGB_Normal
Change Physical Footprint: Designator=33 Old Footprint=MX_RGB_Normal New Footprint=MX_RGB_Normal
Change Physical Footprint: Designator=34 Old Footprint=MX_RGB_Normal New Footprint=MX_RGB_Normal
Change Physical Footprint: Designator=35 Old Footprint=MX_RGB_Normal New Footprint=MX_RGB_Normal
Change Physical Footprint: Designator=36 Old Footprint=MX_RGB_Normal New Footprint=MX_RGB_Normal
Change Physical Footprint: Designator=37 Old Footprint=MX_RGB_Normal New Footprint=MX_RGB_Normal
Change Physical Footprint: Designator=38 Old Footprint=MX_RGB_Normal New Footprint=MX_RGB_Normal
Change Physical Footprint: Designator=39 Old Footprint=MX_RGB_Normal New Footprint=MX_RGB_Normal
Change Physical Footprint: Designator=40 Old Footprint=MX_RGB_Normal New Footprint=MX_RGB_Normal
Change Physical Footprint: Designator=41 Old Footprint=MX_RGB_Normal New Footprint=MX_RGB_Normal
Change Physical Footprint: Designator=42 Old Footprint=MX_RGB_Normal New Footprint=MX_RGB_Normal
Change Physical Footprint: Designator=43 Old Footprint=MX_RGB_Normal New Footprint=MX_RGB_Normal
Change Physical Footprint: Designator=44 Old Footprint=MX_RGB_Normal New Footprint=MX_RGB_Normal
Change Physical Footprint: Designator=45 Old Footprint=MX_RGB_Normal New Footprint=MX_RGB_Normal
Change Physical Footprint: Designator=46 Old Footprint=MX_RGB_Normal New Footprint=MX_RGB_Normal
Change Physical Footprint: Designator=47 Old Footprint=MX_RGB_Normal New Footprint=MX_RGB_Normal
Change Physical Footprint: Designator=48 Old Footprint=MX_RGB_Normal New Footprint=MX_RGB_Normal
Change Physical Footprint: Designator=49 Old Footprint=MX_RGB_Normal New Footprint=MX_RGB_Normal
Change Physical Footprint: Designator=50 Old Footprint=MX_RGB_Normal New Footprint=MX_RGB_Normal
Change Physical Footprint: Designator=51 Old Footprint=MX_RGB_Normal New Footprint=MX_RGB_Normal
Change Physical Footprint: Designator=52 Old Footprint=MX_RGB_Normal New Footprint=MX_RGB_Normal
Change Physical Footprint: Designator=53 Old Footprint=MX_RGB_Normal New Footprint=MX_RGB_Normal
Change Physical Footprint: Designator=54 Old Footprint=MX_RGB_Normal New Footprint=MX_RGB_Normal
Change Physical Footprint: Designator=55 Old Footprint=MX_RGB_Normal New Footprint=MX_RGB_Normal
Change Physical Footprint: Designator=56 Old Footprint=MX_RGB_Normal New Footprint=MX_RGB_Normal
Change Physical Footprint: Designator=57 Old Footprint=MX_RGB_Normal New Footprint=MX_RGB_Normal
Change Physical Footprint: Designator=58 Old Footprint=MX_RGB_Normal New Footprint=MX_RGB_Normal
Change Physical Footprint: Designator=59 Old Footprint=MX_RGB_Normal New Footprint=MX_RGB_Normal
Change Physical Footprint: Designator=60 Old Footprint=MX_RGB_Normal New Footprint=MX_RGB_Normal
Change Physical Footprint: Designator=61 Old Footprint=MX_RGB_Normal New Footprint=MX_RGB_Normal
Change Physical Footprint: Designator=62 Old Footprint=MX_RGB_Normal New Footprint=MX_RGB_Normal
Change Physical Footprint: Designator=63 Old Footprint=MX_RGB_Normal New Footprint=MX_RGB_Normal
Change Physical Footprint: Designator=64 Old Footprint=MX_RGB_Normal New Footprint=MX_RGB_Normal
Change Physical Footprint: Designator=65 Old Footprint=MX_RGB_Normal New Footprint=MX_RGB_Normal
Change Physical Footprint: Designator=66 Old Footprint=MX_RGB_Normal New Footprint=MX_RGB_Normal
Change Physical Footprint: Designator=67 Old Footprint=MX_RGB_Normal New Footprint=MX_RGB_Normal
Change Physical Footprint: Designator=68 Old Footprint=MX_RGB_Normal New Footprint=MX_RGB_Normal
Change Physical Footprint: Designator=69 Old Footprint=MX_RGB_Normal New Footprint=MX_RGB_Normal
Change Physical Footprint: Designator=70 Old Footprint=MX_RGB_Normal New Footprint=MX_RGB_Normal
Change Physical Footprint: Designator=71 Old Footprint=MX_RGB_Normal New Footprint=MX_RGB_Normal
Change Physical Footprint: Designator=72 Old Footprint=MX_RGB_Normal New Footprint=MX_RGB_Normal
Change Physical Footprint: Designator=73 Old Footprint=MX_RGB_Normal New Footprint=MX_RGB_Normal
Change Physical Footprint: Designator=74 Old Footprint=MX_RGB_Normal New Footprint=MX_RGB_Normal
Change Physical Footprint: Designator=75 Old Footprint=MX_RGB_Normal New Footprint=MX_RGB_Normal
Change Physical Footprint: Designator=76 Old Footprint=MX_RGB_Normal New Footprint=MX_RGB_Normal
Change Physical Footprint: Designator=C1 Old Footprint=CAPC1050X55X23ML05T13 New Footprint=CAPC1050X55X23ML05T13
Change Physical Footprint: Designator=C2 Old Footprint=CAPC1005X55X30ML05T10 New Footprint=CAPC1005X55X30ML05T10
Change Physical Footprint: Designator=C3 Old Footprint=CAPC1005X55X30ML05T10 New Footprint=CAPC1005X55X30ML05T10
Change Physical Footprint: Designator=C4 Old Footprint=CAPC1005X56X25NL10T15 New Footprint=CAPC1005X56X25NL10T15
Change Physical Footprint: Designator=C5 Old Footprint=CAPC1005X56X25NL10T15 New Footprint=CAPC1005X56X25NL10T15
Change Physical Footprint: Designator=C6 Old Footprint=CAPC1050X55X23ML05T13 New Footprint=CAPC1050X55X23ML05T13
Change Physical Footprint: Designator=C7 Old Footprint=FP-C0402-BB-MFG New Footprint=FP-C0402-BB-MFG
Change Physical Footprint: Designator=C8 Old Footprint=FP-C0402-BB-MFG New Footprint=FP-C0402-BB-MFG
Change Physical Footprint: Designator=C9 Old Footprint=FP-C0402-BB-MFG New Footprint=FP-C0402-BB-MFG
Change Physical Footprint: Designator=C10 Old Footprint=FP-C0402-BB-MFG New Footprint=FP-C0402-BB-MFG
Change Physical Footprint: Designator=C11 Old Footprint=FP-C0402-BB-MFG New Footprint=FP-C0402-BB-MFG
Change Physical Footprint: Designator=C12 Old Footprint=FP-C0402-BB-MFG New Footprint=FP-C0402-BB-MFG
Change Physical Footprint: Designator=C13 Old Footprint=FP-C0402-BB-MFG New Footprint=FP-C0402-BB-MFG
Change Physical Footprint: Designator=J1 Old Footprint=FP-1054500101-MFG New Footprint=FP-1054500101-MFG
Change Physical Footprint: Designator=R1 Old Footprint=RESC1005X40X25NL10T10 New Footprint=RESC1005X40X25NL10T10
Change Physical Footprint: Designator=R2 Old Footprint=RESC1005X40X25NL10T10 New Footprint=RESC1005X40X25NL10T10
Change Physical Footprint: Designator=R3 Old Footprint=RESC1005X40X25LL05T05 New Footprint=RESC1005X40X25LL05T05
Change Physical Footprint: Designator=R4 Old Footprint=RESC1005X40X25LL05T05 New Footprint=RESC1005X40X25LL05T05
Change Physical Footprint: Designator=R5 Old Footprint=RESC1005X40X25NL05T05 New Footprint=RESC1005X40X25NL05T05
Change Physical Footprint: Designator=SW1 Old Footprint=BOUR-7914G-1-000E_V New Footprint=BOUR-7914G-1-000E_V
Change Physical Footprint: Designator=U1 Old Footprint=44ML_M New Footprint=44ML_M
Change Physical Footprint: Designator=X1 Old Footprint=ABRA-ABLS-14.7456MHZ-B2-T_V New Footprint=ABRA-ABLS-14.7456MHZ-B2-T_V
