Change Component Designator: Old Designator=? New Designator=1
Change Component Designator: Old Designator=? New Designator=2
Change Component Designator: Old Designator=? New Designator=3
Change Component Designator: Old Designator=? New Designator=4
Change Component Designator: Old Designator=? New Designator=5
Change Component Designator: Old Designator=? New Designator=6
Change Component Designator: Old Designator=? New Designator=7
Change Component Designator: Old Designator=? New Designator=8
Change Component Designator: Old Designator=? New Designator=9
Change Component Designator: Old Designator=? New Designator=10
Change Component Designator: Old Designator=? New Designator=11
Change Component Designator: Old Designator=? New Designator=12
Change Component Designator: Old Designator=? New Designator=13
Change Component Designator: Old Designator=? New Designator=14
Change Component Designator: Old Designator=? New Designator=15
Change Component Designator: Old Designator=? New Designator=16
Change Component Designator: Old Designator=? New Designator=17
Change Component Designator: Old Designator=? New Designator=18
Change Component Designator: Old Designator=? New Designator=19
Change Component Designator: Old Designator=? New Designator=20
Change Component Designator: Old Designator=? New Designator=21
Change Component Designator: Old Designator=? New Designator=22
Change Component Designator: Old Designator=? New Designator=23
Change Component Designator: Old Designator=? New Designator=24
Change Component Designator: Old Designator=? New Designator=25
Change Component Designator: Old Designator=? New Designator=26
Change Component Designator: Old Designator=? New Designator=27
Change Component Designator: Old Designator=? New Designator=28
Change Component Designator: Old Designator=? New Designator=29
Change Component Designator: Old Designator=? New Designator=30
Change Component Designator: Old Designator=? New Designator=31
Change Component Designator: Old Designator=? New Designator=32
Change Component Designator: Old Designator=? New Designator=33
Change Component Designator: Old Designator=? New Designator=34
Change Component Designator: Old Designator=? New Designator=35
Change Component Designator: Old Designator=? New Designator=36
Change Component Designator: Old Designator=? New Designator=37
Change Component Designator: Old Designator=? New Designator=38
Change Component Designator: Old Designator=? New Designator=39
Change Component Designator: Old Designator=? New Designator=40
Change Component Designator: Old Designator=? New Designator=41
Change Component Designator: Old Designator=? New Designator=42
Change Component Designator: Old Designator=? New Designator=43
Change Component Designator: Old Designator=? New Designator=44
Change Component Designator: Old Designator=? New Designator=45
Change Component Designator: Old Designator=? New Designator=46
Change Component Designator: Old Designator=? New Designator=47
Change Component Designator: Old Designator=? New Designator=48
Change Component Designator: Old Designator=? New Designator=49
Change Component Designator: Old Designator=? New Designator=50
Change Component Designator: Old Designator=? New Designator=51
Change Component Designator: Old Designator=? New Designator=52
Change Component Designator: Old Designator=? New Designator=53
Change Component Designator: Old Designator=? New Designator=54
Change Component Designator: Old Designator=? New Designator=55
Change Component Designator: Old Designator=? New Designator=56
Change Component Designator: Old Designator=? New Designator=57
Change Component Designator: Old Designator=? New Designator=58
Change Component Designator: Old Designator=? New Designator=59
Change Component Designator: Old Designator=? New Designator=60
Change Component Designator: Old Designator=? New Designator=61
Change Component Designator: Old Designator=? New Designator=62
Change Component Designator: Old Designator=? New Designator=63
Change Component Designator: Old Designator=? New Designator=64
Change Component Designator: Old Designator=? New Designator=65
Change Component Designator: Old Designator=? New Designator=66
Change Component Designator: Old Designator=? New Designator=67
Change Component Designator: Old Designator=? New Designator=68
Change Component Designator: Old Designator=? New Designator=69
Change Component Designator: Old Designator=? New Designator=70
Change Component Designator: Old Designator=? New Designator=71
Change Component Designator: Old Designator=? New Designator=72
Change Component Designator: Old Designator=? New Designator=73
Change Component Designator: Old Designator=? New Designator=74
Change Component Designator: Old Designator=? New Designator=75
Change Component Designator: Old Designator=? New Designator=76
Change Component Designator: Old Designator=C? New Designator=C1
Change Component Designator: Old Designator=C? New Designator=C2
Change Component Designator: Old Designator=C? New Designator=C3
Change Component Designator: Old Designator=C? New Designator=C4
Change Component Designator: Old Designator=C? New Designator=C5
Change Component Designator: Old Designator=C? New Designator=C6
Change Component Designator: Old Designator=C? New Designator=C7
Change Component Designator: Old Designator=C? New Designator=C8
Change Component Designator: Old Designator=C? New Designator=C9
Change Component Designator: Old Designator=C? New Designator=C10
Change Component Designator: Old Designator=C? New Designator=C11
Change Component Designator: Old Designator=C? New Designator=C12
Change Component Designator: Old Designator=C? New Designator=C13
Change Component Designator: Old Designator=J? New Designator=J1
Change Component Designator: Old Designator=J? New Designator=J1
Change Component Designator: Old Designator=J? New Designator=J1
Change Component Designator: Old Designator=R? New Designator=R1
Change Component Designator: Old Designator=R? New Designator=R2
Change Component Designator: Old Designator=R? New Designator=R3
Change Component Designator: Old Designator=R? New Designator=R4
Change Component Designator: Old Designator=R? New Designator=R5
Change Component Designator: Old Designator=SW? New Designator=SW1
Change Component Designator: Old Designator=U? New Designator=U1
Change Component Designator: Old Designator=X? New Designator=X1
