Added Component: Designator=1(Skey)
Added Component: Designator=2(Skey)
Added Component: Designator=3(Skey)
Added Component: Designator=4(Skey)
Added Component: Designator=5(Skey)
Added Component: Designator=6(Skey)
Added Component: Designator=7(Skey)
Added Component: Designator=8(Skey)
Added Component: Designator=9(Skey)
Added Component: Designator=10(Skey)
Added Component: Designator=11(Skey)
Added Component: Designator=12(Skey)
Added Component: Designator=13(Skey)
Added Component: Designator=14(Skey)
Added Component: Designator=15(Skey)
Added Component: Designator=16(Skey)
Added Component: Designator=17(Skey)
Added Component: Designator=18(Skey)
Added Component: Designator=19(Skey)
Added Component: Designator=20(Skey)
Added Component: Designator=21(Skey)
Added Component: Designator=22(Skey)
Added Component: Designator=23(Skey)
Added Component: Designator=24(Skey)
Added Component: Designator=25(Skey)
Added Component: Designator=26(Skey)
Added Component: Designator=27(Skey)
Added Component: Designator=28(Skey)
Added Component: Designator=29(Skey)
Added Component: Designator=30(Skey)
Added Component: Designator=31(Skey)
Added Component: Designator=32(Skey)
Added Component: Designator=33(Skey)
Added Component: Designator=34(Skey)
Added Component: Designator=35(Skey)
Added Component: Designator=36(Skey)
Added Component: Designator=37(Skey)
Added Component: Designator=38(Skey)
Added Component: Designator=39(Skey)
Added Component: Designator=40(Skey)
Added Component: Designator=41(Skey)
Added Component: Designator=42(Skey)
Added Component: Designator=43(Skey)
Added Component: Designator=44(Skey)
Added Component: Designator=45(Skey)
Added Component: Designator=46(Skey)
Added Component: Designator=47(Skey)
Added Component: Designator=48(Skey)
Added Component: Designator=49(Skey)
Added Component: Designator=50(Skey)
Added Component: Designator=51(Skey)
Added Component: Designator=52(Skey)
Added Component: Designator=53(Skey)
Added Component: Designator=54(Skey)
Added Component: Designator=55(Skey)
Added Component: Designator=56(Skey)
Added Component: Designator=57(Skey)
Added Component: Designator=58(Skey)
Added Component: Designator=59(Skey)
Added Component: Designator=60(Skey)
Added Component: Designator=61(Skey)
Added Component: Designator=62(Skey)
Added Component: Designator=63(Skey)
Added Component: Designator=64(Skey)
Added Component: Designator=65(Skey)
Added Component: Designator=66(Skey)
Added Component: Designator=67(Skey)
Added Component: Designator=68(Skey)
Added Component: Designator=69(Skey)
Added Component: Designator=70(Skey)
Added Component: Designator=71(Skey)
Added Component: Designator=72(Skey)
Added Component: Designator=73(Skey)
Added Component: Designator=74(Skey)
Added Component: Designator=75(Skey)
Added Component: Designator=76(Skey)
Added Pin To Net: NetName=VCC Pin=1-1
Added Pin To Net: NetName=Net1_2 Pin=1-2
Added Pin To Net: NetName=GND Pin=1-3
Added Pin To Net: NetName=Net1_4 Pin=1-4
Added Pin To Net: NetName=Net1_5 Pin=1-5
Added Pin To Net: NetName=Net1_6 Pin=1-6
Added Pin To Net: NetName=VCC Pin=2-1
Added Pin To Net: NetName=Net2_2 Pin=2-2
Added Pin To Net: NetName=GND Pin=2-3
Added Pin To Net: NetName=Net2_4 Pin=2-4
Added Pin To Net: NetName=Net2_5 Pin=2-5
Added Pin To Net: NetName=Net1_6 Pin=2-6
Added Pin To Net: NetName=VCC Pin=3-1
Added Pin To Net: NetName=Net3_2 Pin=3-2
Added Pin To Net: NetName=GND Pin=3-3
Added Pin To Net: NetName=Net3_4 Pin=3-4
Added Pin To Net: NetName=Net3_5 Pin=3-5
Added Pin To Net: NetName=Net1_6 Pin=3-6
Added Pin To Net: NetName=VCC Pin=4-1
Added Pin To Net: NetName=Net4_2 Pin=4-2
Added Pin To Net: NetName=GND Pin=4-3
Added Pin To Net: NetName=Net4_4 Pin=4-4
Added Pin To Net: NetName=Net4_5 Pin=4-5
Added Pin To Net: NetName=Net1_6 Pin=4-6
Added Pin To Net: NetName=VCC Pin=5-1
Added Pin To Net: NetName=Net5_2 Pin=5-2
Added Pin To Net: NetName=GND Pin=5-3
Added Pin To Net: NetName=Net5_4 Pin=5-4
Added Pin To Net: NetName=Net5_5 Pin=5-5
Added Pin To Net: NetName=Net1_6 Pin=5-6
Added Pin To Net: NetName=VCC Pin=6-1
Added Pin To Net: NetName=Net6_2 Pin=6-2
Added Pin To Net: NetName=GND Pin=6-3
Added Pin To Net: NetName=Net6_4 Pin=6-4
Added Pin To Net: NetName=Net6_5 Pin=6-5
Added Pin To Net: NetName=Net1_6 Pin=6-6
Added Pin To Net: NetName=VCC Pin=7-1
Added Pin To Net: NetName=Net7_2 Pin=7-2
Added Pin To Net: NetName=GND Pin=7-3
Added Pin To Net: NetName=Net7_4 Pin=7-4
Added Pin To Net: NetName=Net7_5 Pin=7-5
Added Pin To Net: NetName=Net1_6 Pin=7-6
Added Pin To Net: NetName=VCC Pin=8-1
Added Pin To Net: NetName=Net8_2 Pin=8-2
Added Pin To Net: NetName=GND Pin=8-3
Added Pin To Net: NetName=Net8_4 Pin=8-4
Added Pin To Net: NetName=Net8_5 Pin=8-5
Added Pin To Net: NetName=Net1_6 Pin=8-6
Added Pin To Net: NetName=VCC Pin=9-1
Added Pin To Net: NetName=Net9_2 Pin=9-2
Added Pin To Net: NetName=GND Pin=9-3
Added Pin To Net: NetName=Net9_4 Pin=9-4
Added Pin To Net: NetName=Net9_5 Pin=9-5
Added Pin To Net: NetName=Net1_6 Pin=9-6
Added Pin To Net: NetName=VCC Pin=10-1
Added Pin To Net: NetName=Net10_2 Pin=10-2
Added Pin To Net: NetName=GND Pin=10-3
Added Pin To Net: NetName=Net10_4 Pin=10-4
Added Pin To Net: NetName=Net10_5 Pin=10-5
Added Pin To Net: NetName=Net1_6 Pin=10-6
Added Pin To Net: NetName=VCC Pin=11-1
Added Pin To Net: NetName=Net11_2 Pin=11-2
Added Pin To Net: NetName=GND Pin=11-3
Added Pin To Net: NetName=Net11_4 Pin=11-4
Added Pin To Net: NetName=Net11_5 Pin=11-5
Added Pin To Net: NetName=Net1_6 Pin=11-6
Added Pin To Net: NetName=VCC Pin=12-1
Added Pin To Net: NetName=Net12_2 Pin=12-2
Added Pin To Net: NetName=GND Pin=12-3
Added Pin To Net: NetName=Net12_4 Pin=12-4
Added Pin To Net: NetName=Net12_5 Pin=12-5
Added Pin To Net: NetName=Net1_6 Pin=12-6
Added Pin To Net: NetName=VCC Pin=13-1
Added Pin To Net: NetName=Net13_2 Pin=13-2
Added Pin To Net: NetName=GND Pin=13-3
Added Pin To Net: NetName=Net13_4 Pin=13-4
Added Pin To Net: NetName=Net13_5 Pin=13-5
Added Pin To Net: NetName=Net1_6 Pin=13-6
Added Pin To Net: NetName=VCC Pin=14-1
Added Pin To Net: NetName=Net14_2 Pin=14-2
Added Pin To Net: NetName=GND Pin=14-3
Added Pin To Net: NetName=Net14_4 Pin=14-4
Added Pin To Net: NetName=Net14_5 Pin=14-5
Added Pin To Net: NetName=Net1_6 Pin=14-6
Added Pin To Net: NetName=VCC Pin=15-1
Added Pin To Net: NetName=Net15_2 Pin=15-2
Added Pin To Net: NetName=GND Pin=15-3
Added Pin To Net: NetName=Net15_4 Pin=15-4
Added Pin To Net: NetName=Net15_5 Pin=15-5
Added Pin To Net: NetName=Net1_6 Pin=15-6
Added Pin To Net: NetName=VCC Pin=16-1
Added Pin To Net: NetName=Net16_2 Pin=16-2
Added Pin To Net: NetName=GND Pin=16-3
Added Pin To Net: NetName=Net16_4 Pin=16-4
Added Pin To Net: NetName=Net16_5 Pin=16-5
Added Pin To Net: NetName=Net1_6 Pin=16-6
Added Pin To Net: NetName=VCC Pin=17-1
Added Pin To Net: NetName=Net17_2 Pin=17-2
Added Pin To Net: NetName=GND Pin=17-3
Added Pin To Net: NetName=Net17_4 Pin=17-4
Added Pin To Net: NetName=Net17_5 Pin=17-5
Added Pin To Net: NetName=Net1_6 Pin=17-6
Added Pin To Net: NetName=VCC Pin=18-1
Added Pin To Net: NetName=Net18_2 Pin=18-2
Added Pin To Net: NetName=GND Pin=18-3
Added Pin To Net: NetName=Net1_2 Pin=18-4
Added Pin To Net: NetName=Net1_5 Pin=18-5
Added Pin To Net: NetName=Net18_6 Pin=18-6
Added Pin To Net: NetName=VCC Pin=19-1
Added Pin To Net: NetName=Net19_2 Pin=19-2
Added Pin To Net: NetName=GND Pin=19-3
Added Pin To Net: NetName=Net2_2 Pin=19-4
Added Pin To Net: NetName=Net2_5 Pin=19-5
Added Pin To Net: NetName=Net18_6 Pin=19-6
Added Pin To Net: NetName=VCC Pin=20-1
Added Pin To Net: NetName=Net20_2 Pin=20-2
Added Pin To Net: NetName=GND Pin=20-3
Added Pin To Net: NetName=Net3_2 Pin=20-4
Added Pin To Net: NetName=Net3_5 Pin=20-5
Added Pin To Net: NetName=Net18_6 Pin=20-6
Added Pin To Net: NetName=VCC Pin=21-1
Added Pin To Net: NetName=Net21_2 Pin=21-2
Added Pin To Net: NetName=GND Pin=21-3
Added Pin To Net: NetName=Net4_2 Pin=21-4
Added Pin To Net: NetName=Net4_5 Pin=21-5
Added Pin To Net: NetName=Net18_6 Pin=21-6
Added Pin To Net: NetName=VCC Pin=22-1
Added Pin To Net: NetName=Net22_2 Pin=22-2
Added Pin To Net: NetName=GND Pin=22-3
Added Pin To Net: NetName=Net5_2 Pin=22-4
Added Pin To Net: NetName=Net5_5 Pin=22-5
Added Pin To Net: NetName=Net18_6 Pin=22-6
Added Pin To Net: NetName=VCC Pin=23-1
Added Pin To Net: NetName=Net23_2 Pin=23-2
Added Pin To Net: NetName=GND Pin=23-3
Added Pin To Net: NetName=Net6_2 Pin=23-4
Added Pin To Net: NetName=Net6_5 Pin=23-5
Added Pin To Net: NetName=Net18_6 Pin=23-6
Added Pin To Net: NetName=VCC Pin=24-1
Added Pin To Net: NetName=Net24_2 Pin=24-2
Added Pin To Net: NetName=GND Pin=24-3
Added Pin To Net: NetName=Net7_2 Pin=24-4
Added Pin To Net: NetName=Net7_5 Pin=24-5
Added Pin To Net: NetName=Net18_6 Pin=24-6
Added Pin To Net: NetName=VCC Pin=25-1
Added Pin To Net: NetName=Net25_2 Pin=25-2
Added Pin To Net: NetName=GND Pin=25-3
Added Pin To Net: NetName=Net8_2 Pin=25-4
Added Pin To Net: NetName=Net8_5 Pin=25-5
Added Pin To Net: NetName=Net18_6 Pin=25-6
Added Pin To Net: NetName=VCC Pin=26-1
Added Pin To Net: NetName=Net26_2 Pin=26-2
Added Pin To Net: NetName=GND Pin=26-3
Added Pin To Net: NetName=Net9_2 Pin=26-4
Added Pin To Net: NetName=Net9_5 Pin=26-5
Added Pin To Net: NetName=Net18_6 Pin=26-6
Added Pin To Net: NetName=VCC Pin=27-1
Added Pin To Net: NetName=Net27_2 Pin=27-2
Added Pin To Net: NetName=GND Pin=27-3
Added Pin To Net: NetName=Net10_2 Pin=27-4
Added Pin To Net: NetName=Net10_5 Pin=27-5
Added Pin To Net: NetName=Net18_6 Pin=27-6
Added Pin To Net: NetName=VCC Pin=28-1
Added Pin To Net: NetName=Net28_2 Pin=28-2
Added Pin To Net: NetName=GND Pin=28-3
Added Pin To Net: NetName=Net11_2 Pin=28-4
Added Pin To Net: NetName=Net11_5 Pin=28-5
Added Pin To Net: NetName=Net18_6 Pin=28-6
Added Pin To Net: NetName=VCC Pin=29-1
Added Pin To Net: NetName=Net29_2 Pin=29-2
Added Pin To Net: NetName=GND Pin=29-3
Added Pin To Net: NetName=Net12_2 Pin=29-4
Added Pin To Net: NetName=Net12_5 Pin=29-5
Added Pin To Net: NetName=Net18_6 Pin=29-6
Added Pin To Net: NetName=VCC Pin=30-1
Added Pin To Net: NetName=Net30_2 Pin=30-2
Added Pin To Net: NetName=GND Pin=30-3
Added Pin To Net: NetName=Net13_2 Pin=30-4
Added Pin To Net: NetName=Net13_5 Pin=30-5
Added Pin To Net: NetName=Net18_6 Pin=30-6
Added Pin To Net: NetName=VCC Pin=31-1
Added Pin To Net: NetName=Net31_2 Pin=31-2
Added Pin To Net: NetName=GND Pin=31-3
Added Pin To Net: NetName=Net14_2 Pin=31-4
Added Pin To Net: NetName=Net14_5 Pin=31-5
Added Pin To Net: NetName=Net18_6 Pin=31-6
Added Pin To Net: NetName=VCC Pin=32-1
Added Pin To Net: NetName=Net32_2 Pin=32-2
Added Pin To Net: NetName=GND Pin=32-3
Added Pin To Net: NetName=Net15_2 Pin=32-4
Added Pin To Net: NetName=Net15_5 Pin=32-5
Added Pin To Net: NetName=Net18_6 Pin=32-6
Added Pin To Net: NetName=VCC Pin=33-1
Added Pin To Net: NetName=Net33_2 Pin=33-2
Added Pin To Net: NetName=GND Pin=33-3
Added Pin To Net: NetName=Net16_2 Pin=33-4
Added Pin To Net: NetName=Net16_5 Pin=33-5
Added Pin To Net: NetName=Net18_6 Pin=33-6
Added Pin To Net: NetName=VCC Pin=34-1
Added Pin To Net: NetName=Net34_2 Pin=34-2
Added Pin To Net: NetName=GND Pin=34-3
Added Pin To Net: NetName=Net17_2 Pin=34-4
Added Pin To Net: NetName=Net17_5 Pin=34-5
Added Pin To Net: NetName=Net18_6 Pin=34-6
Added Pin To Net: NetName=VCC Pin=35-1
Added Pin To Net: NetName=Net35_2 Pin=35-2
Added Pin To Net: NetName=GND Pin=35-3
Added Pin To Net: NetName=Net18_2 Pin=35-4
Added Pin To Net: NetName=Net1_5 Pin=35-5
Added Pin To Net: NetName=Net35_6 Pin=35-6
Added Pin To Net: NetName=VCC Pin=36-1
Added Pin To Net: NetName=Net36_2 Pin=36-2
Added Pin To Net: NetName=GND Pin=36-3
Added Pin To Net: NetName=Net19_2 Pin=36-4
Added Pin To Net: NetName=Net2_5 Pin=36-5
Added Pin To Net: NetName=Net35_6 Pin=36-6
Added Pin To Net: NetName=VCC Pin=37-1
Added Pin To Net: NetName=Net37_2 Pin=37-2
Added Pin To Net: NetName=GND Pin=37-3
Added Pin To Net: NetName=Net20_2 Pin=37-4
Added Pin To Net: NetName=Net3_5 Pin=37-5
Added Pin To Net: NetName=Net35_6 Pin=37-6
Added Pin To Net: NetName=VCC Pin=38-1
Added Pin To Net: NetName=Net38_2 Pin=38-2
Added Pin To Net: NetName=GND Pin=38-3
Added Pin To Net: NetName=Net21_2 Pin=38-4
Added Pin To Net: NetName=Net4_5 Pin=38-5
Added Pin To Net: NetName=Net35_6 Pin=38-6
Added Pin To Net: NetName=VCC Pin=39-1
Added Pin To Net: NetName=Net39_2 Pin=39-2
Added Pin To Net: NetName=GND Pin=39-3
Added Pin To Net: NetName=Net22_2 Pin=39-4
Added Pin To Net: NetName=Net5_5 Pin=39-5
Added Pin To Net: NetName=Net35_6 Pin=39-6
Added Pin To Net: NetName=VCC Pin=40-1
Added Pin To Net: NetName=Net40_2 Pin=40-2
Added Pin To Net: NetName=GND Pin=40-3
Added Pin To Net: NetName=Net23_2 Pin=40-4
Added Pin To Net: NetName=Net6_5 Pin=40-5
Added Pin To Net: NetName=Net35_6 Pin=40-6
Added Pin To Net: NetName=VCC Pin=41-1
Added Pin To Net: NetName=Net41_2 Pin=41-2
Added Pin To Net: NetName=GND Pin=41-3
Added Pin To Net: NetName=Net24_2 Pin=41-4
Added Pin To Net: NetName=Net7_5 Pin=41-5
Added Pin To Net: NetName=Net35_6 Pin=41-6
Added Pin To Net: NetName=VCC Pin=42-1
Added Pin To Net: NetName=Net42_2 Pin=42-2
Added Pin To Net: NetName=GND Pin=42-3
Added Pin To Net: NetName=Net25_2 Pin=42-4
Added Pin To Net: NetName=Net8_5 Pin=42-5
Added Pin To Net: NetName=Net35_6 Pin=42-6
Added Pin To Net: NetName=VCC Pin=43-1
Added Pin To Net: NetName=Net43_2 Pin=43-2
Added Pin To Net: NetName=GND Pin=43-3
Added Pin To Net: NetName=Net26_2 Pin=43-4
Added Pin To Net: NetName=Net9_5 Pin=43-5
Added Pin To Net: NetName=Net35_6 Pin=43-6
Added Pin To Net: NetName=VCC Pin=44-1
Added Pin To Net: NetName=Net44_2 Pin=44-2
Added Pin To Net: NetName=GND Pin=44-3
Added Pin To Net: NetName=Net27_2 Pin=44-4
Added Pin To Net: NetName=Net10_5 Pin=44-5
Added Pin To Net: NetName=Net35_6 Pin=44-6
Added Pin To Net: NetName=VCC Pin=45-1
Added Pin To Net: NetName=Net45_2 Pin=45-2
Added Pin To Net: NetName=GND Pin=45-3
Added Pin To Net: NetName=Net28_2 Pin=45-4
Added Pin To Net: NetName=Net11_5 Pin=45-5
Added Pin To Net: NetName=Net35_6 Pin=45-6
Added Pin To Net: NetName=VCC Pin=46-1
Added Pin To Net: NetName=Net46_2 Pin=46-2
Added Pin To Net: NetName=GND Pin=46-3
Added Pin To Net: NetName=Net29_2 Pin=46-4
Added Pin To Net: NetName=Net12_5 Pin=46-5
Added Pin To Net: NetName=Net35_6 Pin=46-6
Added Pin To Net: NetName=VCC Pin=47-1
Added Pin To Net: NetName=Net14_4 Pin=47-2
Added Pin To Net: NetName=GND Pin=47-3
Added Pin To Net: NetName=Net30_2 Pin=47-4
Added Pin To Net: NetName=Net13_5 Pin=47-5
Added Pin To Net: NetName=Net35_6 Pin=47-6
Added Pin To Net: NetName=VCC Pin=48-1
Added Pin To Net: NetName=Net15_4 Pin=48-2
Added Pin To Net: NetName=GND Pin=48-3
Added Pin To Net: NetName=Net31_2 Pin=48-4
Added Pin To Net: NetName=Net14_5 Pin=48-5
Added Pin To Net: NetName=Net48_6 Pin=48-6
Added Pin To Net: NetName=VCC Pin=49-1
Added Pin To Net: NetName=Net49_2 Pin=49-2
Added Pin To Net: NetName=GND Pin=49-3
Added Pin To Net: NetName=Net32_2 Pin=49-4
Added Pin To Net: NetName=Net15_5 Pin=49-5
Added Pin To Net: NetName=Net35_6 Pin=49-6
Added Pin To Net: NetName=VCC Pin=50-1
Added Pin To Net: NetName=Net50_2 Pin=50-2
Added Pin To Net: NetName=GND Pin=50-3
Added Pin To Net: NetName=Net33_2 Pin=50-4
Added Pin To Net: NetName=Net16_5 Pin=50-5
Added Pin To Net: NetName=Net35_6 Pin=50-6
Added Pin To Net: NetName=VCC Pin=51-1
Added Pin To Net: NetName=Net51_2 Pin=51-2
Added Pin To Net: NetName=GND Pin=51-3
Added Pin To Net: NetName=Net34_2 Pin=51-4
Added Pin To Net: NetName=Net17_5 Pin=51-5
Added Pin To Net: NetName=Net35_6 Pin=51-6
Added Pin To Net: NetName=VCC Pin=52-1
Added Pin To Net: NetName=Net52_2 Pin=52-2
Added Pin To Net: NetName=GND Pin=52-3
Added Pin To Net: NetName=Net35_2 Pin=52-4
Added Pin To Net: NetName=Net1_5 Pin=52-5
Added Pin To Net: NetName=Net52_6 Pin=52-6
Added Pin To Net: NetName=VCC Pin=53-1
Added Pin To Net: NetName=Net53_2 Pin=53-2
Added Pin To Net: NetName=GND Pin=53-3
Added Pin To Net: NetName=Net36_2 Pin=53-4
Added Pin To Net: NetName=Net2_5 Pin=53-5
Added Pin To Net: NetName=Net52_6 Pin=53-6
Added Pin To Net: NetName=VCC Pin=54-1
Added Pin To Net: NetName=Net54_2 Pin=54-2
Added Pin To Net: NetName=GND Pin=54-3
Added Pin To Net: NetName=Net37_2 Pin=54-4
Added Pin To Net: NetName=Net3_5 Pin=54-5
Added Pin To Net: NetName=Net52_6 Pin=54-6
Added Pin To Net: NetName=VCC Pin=55-1
Added Pin To Net: NetName=Net5_4 Pin=55-2
Added Pin To Net: NetName=GND Pin=55-3
Added Pin To Net: NetName=Net38_2 Pin=55-4
Added Pin To Net: NetName=Net4_5 Pin=55-5
Added Pin To Net: NetName=Net52_6 Pin=55-6
Added Pin To Net: NetName=VCC Pin=56-1
Added Pin To Net: NetName=Net6_4 Pin=56-2
Added Pin To Net: NetName=GND Pin=56-3
Added Pin To Net: NetName=Net39_2 Pin=56-4
Added Pin To Net: NetName=Net5_5 Pin=56-5
Added Pin To Net: NetName=Net52_6 Pin=56-6
Added Pin To Net: NetName=VCC Pin=57-1
Added Pin To Net: NetName=Net57_2 Pin=57-2
Added Pin To Net: NetName=GND Pin=57-3
Added Pin To Net: NetName=Net40_2 Pin=57-4
Added Pin To Net: NetName=Net6_5 Pin=57-5
Added Pin To Net: NetName=Net52_6 Pin=57-6
Added Pin To Net: NetName=VCC Pin=58-1
Added Pin To Net: NetName=Net8_4 Pin=58-2
Added Pin To Net: NetName=GND Pin=58-3
Added Pin To Net: NetName=Net41_2 Pin=58-4
Added Pin To Net: NetName=Net7_5 Pin=58-5
Added Pin To Net: NetName=Net52_6 Pin=58-6
Added Pin To Net: NetName=VCC Pin=59-1
Added Pin To Net: NetName=Net9_4 Pin=59-2
Added Pin To Net: NetName=GND Pin=59-3
Added Pin To Net: NetName=Net42_2 Pin=59-4
Added Pin To Net: NetName=Net8_5 Pin=59-5
Added Pin To Net: NetName=Net52_6 Pin=59-6
Added Pin To Net: NetName=VCC Pin=60-1
Added Pin To Net: NetName=Net10_4 Pin=60-2
Added Pin To Net: NetName=GND Pin=60-3
Added Pin To Net: NetName=Net43_2 Pin=60-4
Added Pin To Net: NetName=Net9_5 Pin=60-5
Added Pin To Net: NetName=Net52_6 Pin=60-6
Added Pin To Net: NetName=VCC Pin=61-1
Added Pin To Net: NetName=Net61_2 Pin=61-2
Added Pin To Net: NetName=GND Pin=61-3
Added Pin To Net: NetName=Net44_2 Pin=61-4
Added Pin To Net: NetName=Net10_5 Pin=61-5
Added Pin To Net: NetName=Net52_6 Pin=61-6
Added Pin To Net: NetName=VCC Pin=62-1
Added Pin To Net: NetName=Net62_2 Pin=62-2
Added Pin To Net: NetName=GND Pin=62-3
Added Pin To Net: NetName=Net45_2 Pin=62-4
Added Pin To Net: NetName=Net11_5 Pin=62-5
Added Pin To Net: NetName=Net52_6 Pin=62-6
Added Pin To Net: NetName=VCC Pin=63-1
Added Pin To Net: NetName=Net63_2 Pin=63-2
Added Pin To Net: NetName=GND Pin=63-3
Added Pin To Net: NetName=Net46_2 Pin=63-4
Added Pin To Net: NetName=Net12_5 Pin=63-5
Added Pin To Net: NetName=Net52_6 Pin=63-6
Added Pin To Net: NetName=VCC Pin=64-1
Added Pin To Net: NetName=Net64_2 Pin=64-2
Added Pin To Net: NetName=GND Pin=64-3
Added Pin To Net: NetName=Net49_2 Pin=64-4
Added Pin To Net: NetName=Net15_5 Pin=64-5
Added Pin To Net: NetName=Net52_6 Pin=64-6
Added Pin To Net: NetName=VCC Pin=65-1
Added Pin To Net: NetName=Net65_2 Pin=65-2
Added Pin To Net: NetName=GND Pin=65-3
Added Pin To Net: NetName=Net50_2 Pin=65-4
Added Pin To Net: NetName=Net16_5 Pin=65-5
Added Pin To Net: NetName=Net52_6 Pin=65-6
Added Pin To Net: NetName=VCC Pin=66-1
Added Pin To Net: NetName=Net66_2 Pin=66-2
Added Pin To Net: NetName=GND Pin=66-3
Added Pin To Net: NetName=Net51_2 Pin=66-4
Added Pin To Net: NetName=Net17_5 Pin=66-5
Added Pin To Net: NetName=Net52_6 Pin=66-6
Added Pin To Net: NetName=VCC Pin=67-1
Added Pin To Net: NetName=Net2_4 Pin=67-2
Added Pin To Net: NetName=GND Pin=67-3
Added Pin To Net: NetName=Net52_2 Pin=67-4
Added Pin To Net: NetName=Net1_5 Pin=67-5
Added Pin To Net: NetName=Net48_6 Pin=67-6
Added Pin To Net: NetName=VCC Pin=68-1
Added Pin To Net: NetName=Net3_4 Pin=68-2
Added Pin To Net: NetName=GND Pin=68-3
Added Pin To Net: NetName=Net53_2 Pin=68-4
Added Pin To Net: NetName=Net2_5 Pin=68-5
Added Pin To Net: NetName=Net48_6 Pin=68-6
Added Pin To Net: NetName=VCC Pin=69-1
Added Pin To Net: NetName=Net4_4 Pin=69-2
Added Pin To Net: NetName=GND Pin=69-3
Added Pin To Net: NetName=Net54_2 Pin=69-4
Added Pin To Net: NetName=Net3_5 Pin=69-5
Added Pin To Net: NetName=Net48_6 Pin=69-6
Added Pin To Net: NetName=VCC Pin=70-1
Added Pin To Net: NetName=Net7_4 Pin=70-2
Added Pin To Net: NetName=GND Pin=70-3
Added Pin To Net: NetName=Net57_2 Pin=70-4
Added Pin To Net: NetName=Net6_5 Pin=70-5
Added Pin To Net: NetName=Net48_6 Pin=70-6
Added Pin To Net: NetName=VCC Pin=71-1
Added Pin To Net: NetName=Net11_4 Pin=71-2
Added Pin To Net: NetName=GND Pin=71-3
Added Pin To Net: NetName=Net61_2 Pin=71-4
Added Pin To Net: NetName=Net10_5 Pin=71-5
Added Pin To Net: NetName=Net48_6 Pin=71-6
Added Pin To Net: NetName=VCC Pin=72-1
Added Pin To Net: NetName=Net12_4 Pin=72-2
Added Pin To Net: NetName=GND Pin=72-3
Added Pin To Net: NetName=Net62_2 Pin=72-4
Added Pin To Net: NetName=Net11_5 Pin=72-5
Added Pin To Net: NetName=Net48_6 Pin=72-6
Added Pin To Net: NetName=VCC Pin=73-1
Added Pin To Net: NetName=Net13_4 Pin=73-2
Added Pin To Net: NetName=GND Pin=73-3
Added Pin To Net: NetName=Net63_2 Pin=73-4
Added Pin To Net: NetName=Net12_5 Pin=73-5
Added Pin To Net: NetName=Net48_6 Pin=73-6
Added Pin To Net: NetName=VCC Pin=74-1
Added Pin To Net: NetName=Net16_4 Pin=74-2
Added Pin To Net: NetName=GND Pin=74-3
Added Pin To Net: NetName=Net64_2 Pin=74-4
Added Pin To Net: NetName=Net15_5 Pin=74-5
Added Pin To Net: NetName=Net48_6 Pin=74-6
Added Pin To Net: NetName=VCC Pin=75-1
Added Pin To Net: NetName=Net17_4 Pin=75-2
Added Pin To Net: NetName=GND Pin=75-3
Added Pin To Net: NetName=Net65_2 Pin=75-4
Added Pin To Net: NetName=Net16_5 Pin=75-5
Added Pin To Net: NetName=Net48_6 Pin=75-6
Added Pin To Net: NetName=VCC Pin=76-1
Added Pin To Net: NetName=GND Pin=76-3
Added Pin To Net: NetName=Net66_2 Pin=76-4
Added Pin To Net: NetName=Net17_5 Pin=76-5
Added Pin To Net: NetName=Net48_6 Pin=76-6
Added Member To Class: ClassName=SkayboardRev2 Member=Component 1 Skey
Added Member To Class: ClassName=SkayboardRev2 Member=Component 2 Skey
Added Member To Class: ClassName=SkayboardRev2 Member=Component 3 Skey
Added Member To Class: ClassName=SkayboardRev2 Member=Component 4 Skey
Added Member To Class: ClassName=SkayboardRev2 Member=Component 5 Skey
Added Member To Class: ClassName=SkayboardRev2 Member=Component 6 Skey
Added Member To Class: ClassName=SkayboardRev2 Member=Component 7 Skey
Added Member To Class: ClassName=SkayboardRev2 Member=Component 8 Skey
Added Member To Class: ClassName=SkayboardRev2 Member=Component 9 Skey
Added Member To Class: ClassName=SkayboardRev2 Member=Component 10 Skey
Added Member To Class: ClassName=SkayboardRev2 Member=Component 11 Skey
Added Member To Class: ClassName=SkayboardRev2 Member=Component 12 Skey
Added Member To Class: ClassName=SkayboardRev2 Member=Component 13 Skey
Added Member To Class: ClassName=SkayboardRev2 Member=Component 14 Skey
Added Member To Class: ClassName=SkayboardRev2 Member=Component 15 Skey
Added Member To Class: ClassName=SkayboardRev2 Member=Component 16 Skey
Added Member To Class: ClassName=SkayboardRev2 Member=Component 17 Skey
Added Member To Class: ClassName=SkayboardRev2 Member=Component 18 Skey
Added Member To Class: ClassName=SkayboardRev2 Member=Component 19 Skey
Added Member To Class: ClassName=SkayboardRev2 Member=Component 20 Skey
Added Member To Class: ClassName=SkayboardRev2 Member=Component 21 Skey
Added Member To Class: ClassName=SkayboardRev2 Member=Component 22 Skey
Added Member To Class: ClassName=SkayboardRev2 Member=Component 23 Skey
Added Member To Class: ClassName=SkayboardRev2 Member=Component 24 Skey
Added Member To Class: ClassName=SkayboardRev2 Member=Component 25 Skey
Added Member To Class: ClassName=SkayboardRev2 Member=Component 26 Skey
Added Member To Class: ClassName=SkayboardRev2 Member=Component 27 Skey
Added Member To Class: ClassName=SkayboardRev2 Member=Component 28 Skey
Added Member To Class: ClassName=SkayboardRev2 Member=Component 29 Skey
Added Member To Class: ClassName=SkayboardRev2 Member=Component 30 Skey
Added Member To Class: ClassName=SkayboardRev2 Member=Component 31 Skey
Added Member To Class: ClassName=SkayboardRev2 Member=Component 32 Skey
Added Member To Class: ClassName=SkayboardRev2 Member=Component 33 Skey
Added Member To Class: ClassName=SkayboardRev2 Member=Component 34 Skey
Added Member To Class: ClassName=SkayboardRev2 Member=Component 35 Skey
Added Member To Class: ClassName=SkayboardRev2 Member=Component 36 Skey
Added Member To Class: ClassName=SkayboardRev2 Member=Component 37 Skey
Added Member To Class: ClassName=SkayboardRev2 Member=Component 38 Skey
Added Member To Class: ClassName=SkayboardRev2 Member=Component 39 Skey
Added Member To Class: ClassName=SkayboardRev2 Member=Component 40 Skey
Added Member To Class: ClassName=SkayboardRev2 Member=Component 41 Skey
Added Member To Class: ClassName=SkayboardRev2 Member=Component 42 Skey
Added Member To Class: ClassName=SkayboardRev2 Member=Component 43 Skey
Added Member To Class: ClassName=SkayboardRev2 Member=Component 44 Skey
Added Member To Class: ClassName=SkayboardRev2 Member=Component 45 Skey
Added Member To Class: ClassName=SkayboardRev2 Member=Component 46 Skey
Added Member To Class: ClassName=SkayboardRev2 Member=Component 47 Skey
Added Member To Class: ClassName=SkayboardRev2 Member=Component 48 Skey
Added Member To Class: ClassName=SkayboardRev2 Member=Component 49 Skey
Added Member To Class: ClassName=SkayboardRev2 Member=Component 50 Skey
Added Member To Class: ClassName=SkayboardRev2 Member=Component 51 Skey
Added Member To Class: ClassName=SkayboardRev2 Member=Component 52 Skey
Added Member To Class: ClassName=SkayboardRev2 Member=Component 53 Skey
Added Member To Class: ClassName=SkayboardRev2 Member=Component 54 Skey
Added Member To Class: ClassName=SkayboardRev2 Member=Component 55 Skey
Added Member To Class: ClassName=SkayboardRev2 Member=Component 56 Skey
Added Member To Class: ClassName=SkayboardRev2 Member=Component 57 Skey
Added Member To Class: ClassName=SkayboardRev2 Member=Component 58 Skey
Added Member To Class: ClassName=SkayboardRev2 Member=Component 59 Skey
Added Member To Class: ClassName=SkayboardRev2 Member=Component 60 Skey
Added Member To Class: ClassName=SkayboardRev2 Member=Component 61 Skey
Added Member To Class: ClassName=SkayboardRev2 Member=Component 62 Skey
Added Member To Class: ClassName=SkayboardRev2 Member=Component 63 Skey
Added Member To Class: ClassName=SkayboardRev2 Member=Component 64 Skey
Added Member To Class: ClassName=SkayboardRev2 Member=Component 65 Skey
Added Member To Class: ClassName=SkayboardRev2 Member=Component 66 Skey
Added Member To Class: ClassName=SkayboardRev2 Member=Component 67 Skey
Added Member To Class: ClassName=SkayboardRev2 Member=Component 68 Skey
Added Member To Class: ClassName=SkayboardRev2 Member=Component 69 Skey
Added Member To Class: ClassName=SkayboardRev2 Member=Component 70 Skey
Added Member To Class: ClassName=SkayboardRev2 Member=Component 71 Skey
Added Member To Class: ClassName=SkayboardRev2 Member=Component 72 Skey
Added Member To Class: ClassName=SkayboardRev2 Member=Component 73 Skey
Added Member To Class: ClassName=SkayboardRev2 Member=Component 74 Skey
Added Member To Class: ClassName=SkayboardRev2 Member=Component 75 Skey
Added Member To Class: ClassName=SkayboardRev2 Member=Component 76 Skey
