Change Component Designator: Old Designator=C? New Designator=C1
Change Component Designator: Old Designator=C? New Designator=C2
Change Component Designator: Old Designator=C? New Designator=C3
Change Component Designator: Old Designator=C? New Designator=C4
Change Component Designator: Old Designator=C? New Designator=C5
Change Component Designator: Old Designator=C? New Designator=C6
Change Component Designator: Old Designator=C? New Designator=C7
Change Component Designator: Old Designator=C? New Designator=C8
Change Component Designator: Old Designator=C? New Designator=C9
Change Component Designator: Old Designator=C? New Designator=C10
Change Component Designator: Old Designator=C? New Designator=C11
Change Component Designator: Old Designator=C? New Designator=C12
Change Component Designator: Old Designator=C? New Designator=C13
Change Component Designator: Old Designator=R? New Designator=R1
Change Component Designator: Old Designator=R? New Designator=R2
Change Component Designator: Old Designator=R? New Designator=R3
Change Component Designator: Old Designator=SMX? New Designator=SMX1
Change Component Designator: Old Designator=SMX? New Designator=SMX2
Change Component Designator: Old Designator=SMX? New Designator=SMX3
Change Component Designator: Old Designator=SMX? New Designator=SMX4
Change Component Designator: Old Designator=SMX? New Designator=SMX5
Change Component Designator: Old Designator=SMX? New Designator=SMX6
Change Component Designator: Old Designator=SMX? New Designator=SMX7
Change Component Designator: Old Designator=SMX? New Designator=SMX8
Change Component Designator: Old Designator=SMX? New Designator=SMX9
Change Component Designator: Old Designator=SMX? New Designator=SMX10
Change Component Designator: Old Designator=SMX? New Designator=SMX11
Change Component Designator: Old Designator=SMX? New Designator=SMX12
Change Component Designator: Old Designator=SMX? New Designator=SMX13
Change Component Designator: Old Designator=SMX? New Designator=SMX14
Change Component Designator: Old Designator=SMX? New Designator=SMX15
Change Component Designator: Old Designator=SMX? New Designator=SMX16
Change Component Designator: Old Designator=SMX? New Designator=SMX17
Change Component Designator: Old Designator=SMX? New Designator=SMX18
Change Component Designator: Old Designator=SMX? New Designator=SMX19
Change Component Designator: Old Designator=SMX? New Designator=SMX20
Change Component Designator: Old Designator=SMX? New Designator=SMX21
Change Component Designator: Old Designator=SMX? New Designator=SMX22
Change Component Designator: Old Designator=SMX? New Designator=SMX23
Change Component Designator: Old Designator=SMX? New Designator=SMX24
Change Component Designator: Old Designator=SMX? New Designator=SMX25
Change Component Designator: Old Designator=SMX? New Designator=SMX26
Change Component Designator: Old Designator=SMX? New Designator=SMX27
Change Component Designator: Old Designator=SMX? New Designator=SMX28
Change Component Designator: Old Designator=SMX? New Designator=SMX29
Change Component Designator: Old Designator=SMX? New Designator=SMX30
Change Component Designator: Old Designator=SMX? New Designator=SMX31
Change Component Designator: Old Designator=SMX? New Designator=SMX32
Change Component Designator: Old Designator=SMX? New Designator=SMX33
Change Component Designator: Old Designator=SMX? New Designator=SMX34
Change Component Designator: Old Designator=SMX? New Designator=SMX35
Change Component Designator: Old Designator=SMX? New Designator=SMX36
Change Component Designator: Old Designator=SMX? New Designator=SMX37
Change Component Designator: Old Designator=SMX? New Designator=SMX38
Change Component Designator: Old Designator=SMX? New Designator=SMX39
Change Component Designator: Old Designator=SMX? New Designator=SMX40
Change Component Designator: Old Designator=SMX? New Designator=SMX41
Change Component Designator: Old Designator=SMX? New Designator=SMX42
Change Component Designator: Old Designator=SMX? New Designator=SMX43
Change Component Designator: Old Designator=SMX? New Designator=SMX44
Change Component Designator: Old Designator=SMX? New Designator=SMX45
Change Component Designator: Old Designator=SMX? New Designator=SMX46
Change Component Designator: Old Designator=SMX? New Designator=SMX47
Change Component Designator: Old Designator=SMX? New Designator=SMX48
Change Component Designator: Old Designator=SMX? New Designator=SMX49
Change Component Designator: Old Designator=SMX? New Designator=SMX50
Change Component Designator: Old Designator=SMX? New Designator=SMX51
Change Component Designator: Old Designator=SMX? New Designator=SMX52
Change Component Designator: Old Designator=SMX? New Designator=SMX53
Change Component Designator: Old Designator=SMX? New Designator=SMX54
Change Component Designator: Old Designator=SMX? New Designator=SMX55
Change Component Designator: Old Designator=SMX? New Designator=SMX56
Change Component Designator: Old Designator=SMX? New Designator=SMX57
Change Component Designator: Old Designator=SMX? New Designator=SMX58
Change Component Designator: Old Designator=SMX? New Designator=SMX59
Change Component Designator: Old Designator=SMX? New Designator=SMX60
Change Component Designator: Old Designator=SMX? New Designator=SMX61
Change Component Designator: Old Designator=SMX? New Designator=SMX62
Change Component Designator: Old Designator=SMX? New Designator=SMX63
Change Component Designator: Old Designator=SMX? New Designator=SMX64
Change Component Designator: Old Designator=SMX? New Designator=SMX65
Change Component Designator: Old Designator=SMX? New Designator=SMX66
Change Component Designator: Old Designator=SMX? New Designator=SMX67
Change Component Designator: Old Designator=SMX? New Designator=SMX68
Change Component Designator: Old Designator=SMX? New Designator=SMX69
Change Component Designator: Old Designator=SMX? New Designator=SMX70
Change Component Designator: Old Designator=SMX? New Designator=SMX71
Change Component Designator: Old Designator=SW? New Designator=SW1
Change Component Designator: Old Designator=U? New Designator=U1
Change Component Designator: Old Designator=X? New Designator=X1
