Change Component Designator: Old Designator=C1 New Designator=C?
Change Component Designator: Old Designator=C2 New Designator=C?
Change Component Designator: Old Designator=C3 New Designator=C?
Change Component Designator: Old Designator=C4 New Designator=C?
Change Component Designator: Old Designator=C5 New Designator=C?
Change Component Designator: Old Designator=C6 New Designator=C?
Change Component Designator: Old Designator=C7 New Designator=C?
Change Component Designator: Old Designator=C8 New Designator=C?
Change Component Designator: Old Designator=C9 New Designator=C?
Change Component Designator: Old Designator=C10 New Designator=C?
Change Component Designator: Old Designator=C11 New Designator=C?
Change Component Designator: Old Designator=C12 New Designator=C?
Change Component Designator: Old Designator=C13 New Designator=C?
Change Component Designator: Old Designator=J1 New Designator=J?
Change Component Designator: Old Designator=J1 New Designator=J?
Change Component Designator: Old Designator=J1 New Designator=J?
Change Component Designator: Old Designator=R1 New Designator=R?
Change Component Designator: Old Designator=R2 New Designator=R?
Change Component Designator: Old Designator=R3 New Designator=R?
Change Component Designator: Old Designator=R4 New Designator=R?
Change Component Designator: Old Designator=R5 New Designator=R?
Change Component Designator: Old Designator=SMX1 New Designator=SMX?
Change Component Designator: Old Designator=SMX2 New Designator=SMX?
Change Component Designator: Old Designator=SMX3 New Designator=SMX?
Change Component Designator: Old Designator=SMX4 New Designator=SMX?
Change Component Designator: Old Designator=SMX5 New Designator=SMX?
Change Component Designator: Old Designator=SMX6 New Designator=SMX?
Change Component Designator: Old Designator=SMX7 New Designator=SMX?
Change Component Designator: Old Designator=SMX8 New Designator=SMX?
Change Component Designator: Old Designator=SMX9 New Designator=SMX?
Change Component Designator: Old Designator=SMX10 New Designator=SMX?
Change Component Designator: Old Designator=SMX11 New Designator=SMX?
Change Component Designator: Old Designator=SMX12 New Designator=SMX?
Change Component Designator: Old Designator=SMX13 New Designator=SMX?
Change Component Designator: Old Designator=SMX14 New Designator=SMX?
Change Component Designator: Old Designator=SMX15 New Designator=SMX?
Change Component Designator: Old Designator=SMX16 New Designator=SMX?
Change Component Designator: Old Designator=SMX17 New Designator=SMX?
Change Component Designator: Old Designator=SMX18 New Designator=SMX?
Change Component Designator: Old Designator=SMX19 New Designator=SMX?
Change Component Designator: Old Designator=SMX20 New Designator=SMX?
Change Component Designator: Old Designator=SMX21 New Designator=SMX?
Change Component Designator: Old Designator=SMX22 New Designator=SMX?
Change Component Designator: Old Designator=SMX23 New Designator=SMX?
Change Component Designator: Old Designator=SMX24 New Designator=SMX?
Change Component Designator: Old Designator=SMX25 New Designator=SMX?
Change Component Designator: Old Designator=SMX26 New Designator=SMX?
Change Component Designator: Old Designator=SMX27 New Designator=SMX?
Change Component Designator: Old Designator=SMX28 New Designator=SMX?
Change Component Designator: Old Designator=SMX29 New Designator=SMX?
Change Component Designator: Old Designator=SMX30 New Designator=SMX?
Change Component Designator: Old Designator=SMX31 New Designator=SMX?
Change Component Designator: Old Designator=SMX32 New Designator=SMX?
Change Component Designator: Old Designator=SMX33 New Designator=SMX?
Change Component Designator: Old Designator=SMX34 New Designator=SMX?
Change Component Designator: Old Designator=SMX35 New Designator=SMX?
Change Component Designator: Old Designator=SMX36 New Designator=SMX?
Change Component Designator: Old Designator=SMX37 New Designator=SMX?
Change Component Designator: Old Designator=SMX38 New Designator=SMX?
Change Component Designator: Old Designator=SMX39 New Designator=SMX?
Change Component Designator: Old Designator=SMX40 New Designator=SMX?
Change Component Designator: Old Designator=SMX41 New Designator=SMX?
Change Component Designator: Old Designator=SMX42 New Designator=SMX?
Change Component Designator: Old Designator=SMX43 New Designator=SMX?
Change Component Designator: Old Designator=SMX44 New Designator=SMX?
Change Component Designator: Old Designator=SMX45 New Designator=SMX?
Change Component Designator: Old Designator=SMX46 New Designator=SMX?
Change Component Designator: Old Designator=SMX47 New Designator=SMX?
Change Component Designator: Old Designator=SMX48 New Designator=SMX?
Change Component Designator: Old Designator=SMX49 New Designator=SMX?
Change Component Designator: Old Designator=SMX50 New Designator=SMX?
Change Component Designator: Old Designator=SMX51 New Designator=SMX?
Change Component Designator: Old Designator=SMX52 New Designator=SMX?
Change Component Designator: Old Designator=SMX53 New Designator=SMX?
Change Component Designator: Old Designator=SMX54 New Designator=SMX?
Change Component Designator: Old Designator=SMX55 New Designator=SMX?
Change Component Designator: Old Designator=SMX56 New Designator=SMX?
Change Component Designator: Old Designator=SMX57 New Designator=SMX?
Change Component Designator: Old Designator=SMX58 New Designator=SMX?
Change Component Designator: Old Designator=SMX59 New Designator=SMX?
Change Component Designator: Old Designator=SMX60 New Designator=SMX?
Change Component Designator: Old Designator=SMX61 New Designator=SMX?
Change Component Designator: Old Designator=SMX62 New Designator=SMX?
Change Component Designator: Old Designator=SMX63 New Designator=SMX?
Change Component Designator: Old Designator=SMX64 New Designator=SMX?
Change Component Designator: Old Designator=SMX65 New Designator=SMX?
Change Component Designator: Old Designator=SMX66 New Designator=SMX?
Change Component Designator: Old Designator=SMX67 New Designator=SMX?
Change Component Designator: Old Designator=SMX68 New Designator=SMX?
Change Component Designator: Old Designator=SMX69 New Designator=SMX?
Change Component Designator: Old Designator=SMX70 New Designator=SMX?
Change Component Designator: Old Designator=SMX71 New Designator=SMX?
Change Component Designator: Old Designator=SW1 New Designator=SW?
Change Component Designator: Old Designator=U1 New Designator=U?
Change Component Designator: Old Designator=X1 New Designator=X?
